Release 14.7 - xst P.20131013 (nt64)
Copyright (c) 1995-2013 Xilinx, Inc.  All rights reserved.
--> Parameter TMPDIR set to xst/projnav.tmp


Total REAL time to Xst completion: 0.00 secs
Total CPU time to Xst completion: 0.14 secs
 
--> Parameter xsthdpdir set to xst


Total REAL time to Xst completion: 0.00 secs
Total CPU time to Xst completion: 0.14 secs
 
--> Reading design: alu.prj

TABLE OF CONTENTS
  1) Synthesis Options Summary
  2) HDL Parsing
  3) HDL Elaboration
  4) HDL Synthesis
       4.1) HDL Synthesis Report
  5) Advanced HDL Synthesis
       5.1) Advanced HDL Synthesis Report
  6) Low Level Synthesis
  7) Partition Report
  8) Design Summary
       8.1) Primitive and Black Box Usage
       8.2) Device utilization summary
       8.3) Partition Resource Summary
       8.4) Timing Report
            8.4.1) Clock Information
            8.4.2) Asynchronous Control Signals Information
            8.4.3) Timing Summary
            8.4.4) Timing Details
            8.4.5) Cross Clock Domains Report


=========================================================================
*                      Synthesis Options Summary                        *
=========================================================================
---- Source Parameters
Input File Name                    : "alu.prj"
Ignore Synthesis Constraint File   : NO

---- Target Parameters
Output File Name                   : "alu"
Output Format                      : NGC
Target Device                      : xc7a100t-3-csg324

---- Source Options
Top Module Name                    : alu
Automatic FSM Extraction           : YES
FSM Encoding Algorithm             : Auto
Safe Implementation                : No
FSM Style                          : LUT
RAM Extraction                     : Yes
RAM Style                          : Auto
ROM Extraction                     : Yes
Shift Register Extraction          : YES
ROM Style                          : Auto
Resource Sharing                   : YES
Asynchronous To Synchronous        : NO
Shift Register Minimum Size        : 2
Use DSP Block                      : Auto
Automatic Register Balancing       : No

---- Target Options
LUT Combining                      : Auto
Reduce Control Sets                : Auto
Add IO Buffers                     : YES
Global Maximum Fanout              : 100000
Add Generic Clock Buffer(BUFG)     : 32
Register Duplication               : YES
Optimize Instantiated Primitives   : NO
Use Clock Enable                   : Auto
Use Synchronous Set                : Auto
Use Synchronous Reset              : Auto
Pack IO Registers into IOBs        : Auto
Equivalent register Removal        : YES

---- General Options
Optimization Goal                  : Speed
Optimization Effort                : 1
Power Reduction                    : NO
Keep Hierarchy                     : No
Netlist Hierarchy                  : As_Optimized
RTL Output                         : Yes
Global Optimization                : AllClockNets
Read Cores                         : YES
Write Timing Constraints           : NO
Cross Clock Analysis               : NO
Hierarchy Separator                : /
Bus Delimiter                      : <>
Case Specifier                     : Maintain
Slice Utilization Ratio            : 100
BRAM Utilization Ratio             : 100
DSP48 Utilization Ratio            : 100
Auto BRAM Packing                  : NO
Slice Utilization Ratio Delta      : 5

=========================================================================


=========================================================================
*                          HDL Parsing                                  *
=========================================================================
Analyzing Verilog file "D:\verilog\ALU\alu.v" into library work
Parsing module <alu>.

=========================================================================
*                            HDL Elaboration                            *
=========================================================================

Elaborating module <alu>.

=========================================================================
*                           HDL Synthesis                               *
=========================================================================

Synthesizing Unit <alu>.
    Related source file is "D:\verilog\ALU\alu.v".
    Found 32-bit subtractor for signal <A[31]_B[31]_sub_4_OUT> created at line 28.
    Found 32-bit adder for signal <A[31]_B[31]_add_1_OUT> created at line 27.
    Found 32-bit shifter logical right for signal <A[31]_B[31]_shift_right_9_OUT> created at line 31
    Found 32-bit shifter arithmetic right for signal <A[31]_B[31]_shift_right_10_OUT> created at line 32
    Found 32-bit 7-to-1 multiplexer for signal <C> created at line 25.
    Summary:
	inferred   2 Adder/Subtractor(s).
	inferred   3 Multiplexer(s).
	inferred   2 Combinational logic shifter(s).
Unit <alu> synthesized.

=========================================================================
HDL Synthesis Report

Macro Statistics
# Adders/Subtractors                                   : 2
 32-bit adder                                          : 1
 32-bit subtractor                                     : 1
# Multiplexers                                         : 3
 32-bit 2-to-1 multiplexer                             : 2
 32-bit 7-to-1 multiplexer                             : 1
# Logic shifters                                       : 2
 32-bit shifter arithmetic right                       : 1
 32-bit shifter logical right                          : 1

=========================================================================

=========================================================================
*                       Advanced HDL Synthesis                          *
=========================================================================


=========================================================================
Advanced HDL Synthesis Report

Macro Statistics
# Adders/Subtractors                                   : 2
 32-bit adder                                          : 1
 32-bit subtractor                                     : 1
# Multiplexers                                         : 3
 32-bit 2-to-1 multiplexer                             : 2
 32-bit 7-to-1 multiplexer                             : 1
# Logic shifters                                       : 2
 32-bit shifter arithmetic right                       : 1
 32-bit shifter logical right                          : 1

=========================================================================

=========================================================================
*                         Low Level Synthesis                           *
=========================================================================

Optimizing unit <alu> ...

Mapping all equations...
Building and optimizing final netlist ...
Found area constraint ratio of 100 (+ 5) on block alu, actual ratio is 0.

Final Macro Processing ...

=========================================================================
Final Register Report

Found no macro
=========================================================================

=========================================================================
*                           Partition Report                            *
=========================================================================

Partition Implementation Status
-------------------------------

  No Partitions were found in this design.

-------------------------------

=========================================================================
*                            Design Summary                             *
=========================================================================

Top Level Output File Name         : alu.ngc

Primitive and Black Box Usage:
------------------------------
# BELS                             : 418
#      GND                         : 1
#      LUT2                        : 69
#      LUT3                        : 34
#      LUT4                        : 11
#      LUT5                        : 41
#      LUT6                        : 128
#      MUXCY                       : 62
#      MUXF7                       : 7
#      VCC                         : 1
#      XORCY                       : 64
# IO Buffers                       : 99
#      IBUF                        : 67
#      OBUF                        : 32

Device utilization summary:
---------------------------

Selected Device : 7a100tcsg324-3 


Slice Logic Utilization: 
 Number of Slice LUTs:                  283  out of  63400     0%  
    Number used as Logic:               283  out of  63400     0%  

Slice Logic Distribution: 
 Number of LUT Flip Flop pairs used:    283
   Number with an unused Flip Flop:     283  out of    283   100%  
   Number with an unused LUT:             0  out of    283     0%  
   Number of fully used LUT-FF pairs:     0  out of    283     0%  
   Number of unique control sets:         0

IO Utilization: 
 Number of IOs:                          99
 Number of bonded IOBs:                  99  out of    210    47%  

Specific Feature Utilization:

---------------------------
Partition Resource Summary:
---------------------------

  No Partitions were found in this design.

---------------------------


=========================================================================
Timing Report

NOTE: THESE TIMING NUMBERS ARE ONLY A SYNTHESIS ESTIMATE.
      FOR ACCURATE TIMING INFORMATION PLEASE REFER TO THE TRACE REPORT
      GENERATED AFTER PLACE-and-ROUTE.

Clock Information:
------------------
No clock signals found in this design

Asynchronous Control Signals Information:
----------------------------------------
No asynchronous control signals found in this design

Timing Summary:
---------------
Speed Grade: -3

   Minimum period: No path found
   Minimum input arrival time before clock: No path found
   Maximum output required time after clock: No path found
   Maximum combinational path delay: 4.423ns

Timing Details:
---------------
All values displayed in nanoseconds (ns)

=========================================================================
Timing constraint: Default path analysis
  Total number of paths / destination ports: 6934 / 32
-------------------------------------------------------------------------
Delay:               4.423ns (Levels of Logic = 8)
  Source:            B<16> (PAD)
  Destination:       C<15> (PAD)

  Data Path: B<16> to C<15>
                                Gate     Net
    Cell:in->out      fanout   Delay   Delay  Logical Name (Net Name)
    ----------------------------------------  ------------
     IBUF:I->O             4   0.001   0.707  B_16_IBUF (B_16_IBUF)
     LUT6:I0->O            1   0.097   0.511  out3 (out2)
     LUT3:I0->O            1   0.097   0.295  out7_SW0 (N26)
     LUT6:I5->O           54   0.097   0.666  out7 (_n0034)
     LUT4:I0->O            2   0.097   0.697  Mmux_C1011 (Mmux_C101)
     LUT6:I0->O            1   0.097   0.683  Mmux_C72 (Mmux_C71)
     LUT5:I0->O            1   0.097   0.279  Mmux_C74 (C_15_OBUF)
     OBUF:I->O                 0.000          C_15_OBUF (C<15>)
    ----------------------------------------
    Total                      4.423ns (0.583ns logic, 3.840ns route)
                                       (13.2% logic, 86.8% route)

=========================================================================

Cross Clock Domains Report:
--------------------------

=========================================================================


Total REAL time to Xst completion: 10.00 secs
Total CPU time to Xst completion: 10.05 secs
 
--> 

Total memory usage is 4625908 kilobytes

Number of errors   :    0 (   0 filtered)
Number of warnings :    0 (   0 filtered)
Number of infos    :    0 (   0 filtered)

