#! /usr/local/iverilog/bin/vvp
:ivl_version "11.0 (devel)" "(s20150603-642-g3bdb50da)";
:ivl_delay_selection "TYPICAL";
:vpi_time_precision - 12;
:vpi_module "system";
:vpi_module "vhdl_sys";
:vpi_module "vhdl_textio";
:vpi_module "v2005_math";
:vpi_module "va_math";
S_0000000001080880 .scope module, "test" "test" 2 25;
 .timescale -9 -12;
v00000000010e4620_0 .var "clk", 0 0;
v00000000010e3fe0_0 .var/i "i", 31 0;
v00000000010e4580_0 .var "reset", 0 0;
S_00000000010464f0 .scope module, "uut" "mips" 2 32, 3 21 0, S_0000000001080880;
 .timescale -9 -12;
    .port_info 0 /INPUT 1 "reset";
    .port_info 1 /INPUT 1 "clk";
L_000000000148a380 .functor BUFZ 32, L_000000000148a1c0, C4<00000000000000000000000000000000>, C4<00000000000000000000000000000000>, C4<00000000000000000000000000000000>;
v00000000010de9e0_0 .net "ALUOp", 2 0, L_00000000010e7110;  1 drivers
v00000000010e06a0_0 .net "ALUctrl", 1 0, L_00000000010e6a30;  1 drivers
v00000000010debc0_0 .net "ALUout", 31 0, L_00000000010e8150;  1 drivers
v00000000010e07e0_0 .net "B", 31 0, L_00000000010e99b0;  1 drivers
v00000000010dfde0_0 .net "DRAMout", 31 0, L_000000000148aaf0;  1 drivers
v00000000010df0c0_0 .net "MemWrite", 0 0, L_000000000148a070;  1 drivers
v00000000010deee0_0 .net "PC", 31 0, v00000000010e0380_0;  1 drivers
v00000000010dff20_0 .net "PCctrl", 1 0, L_00000000010e8f10;  1 drivers
v00000000010dffc0_0 .net "RD1", 31 0, L_000000000148a460;  1 drivers
v00000000010dec60_0 .net "RD2", 31 0, L_000000000148a1c0;  1 drivers
v00000000010e0880_0 .net "RegWrite", 0 0, L_000000000148a150;  1 drivers
v00000000010e0100_0 .net "Regdst", 1 0, L_00000000010e8fb0;  1 drivers
v00000000010df520_0 .net "WA", 4 0, L_00000000010e7f70;  1 drivers
v00000000010deda0_0 .net "WD", 31 0, L_00000000010e92d0;  1 drivers
v00000000010dee40_0 .net "WDctrl", 1 0, L_00000000010e3860;  1 drivers
L_0000000001443188 .functor BUFT 1, C4<00000000000000000000000000000001>, C4<0>, C4<0>, C4<0>;
v00000000010df8e0_0 .net/2u *"_s100", 31 0, L_0000000001443188;  1 drivers
v00000000010def80_0 .net *"_s102", 0 0, L_00000000010e8dd0;  1 drivers
v00000000010df020_0 .net *"_s104", 31 0, L_00000000010e8e70;  1 drivers
L_00000000014431d0 .functor BUFT 1, C4<000000000000000000000000000000>, C4<0>, C4<0>, C4<0>;
v00000000010df200_0 .net *"_s107", 29 0, L_00000000014431d0;  1 drivers
L_0000000001443218 .functor BUFT 1, C4<00000000000000000000000000000010>, C4<0>, C4<0>, C4<0>;
v00000000010df340_0 .net/2u *"_s108", 31 0, L_0000000001443218;  1 drivers
L_0000000001442c30 .functor BUFT 1, C4<000000000000000000000000000000>, C4<0>, C4<0>, C4<0>;
v00000000010df980_0 .net *"_s11", 29 0, L_0000000001442c30;  1 drivers
v00000000010dfa20_0 .net *"_s110", 0 0, L_00000000010e74d0;  1 drivers
L_0000000001443260 .functor BUFT 1, C4<00000000000000000000000000000100>, C4<0>, C4<0>, C4<0>;
v00000000010dfac0_0 .net/2u *"_s112", 31 0, L_0000000001443260;  1 drivers
v00000000010e0060_0 .net *"_s114", 31 0, L_00000000010e7570;  1 drivers
v00000000010dfe80_0 .net *"_s116", 31 0, L_00000000010e7610;  1 drivers
v00000000010e2250_0 .net *"_s118", 31 0, L_00000000010e9f50;  1 drivers
L_0000000001442c78 .functor BUFT 1, C4<00000000000000000000000000000011>, C4<0>, C4<0>, C4<0>;
v00000000010e0f90_0 .net/2u *"_s12", 31 0, L_0000000001442c78;  1 drivers
v00000000010e22f0_0 .net *"_s122", 31 0, L_00000000010e9910;  1 drivers
L_00000000014432a8 .functor BUFT 1, C4<000000000000000000000000000000>, C4<0>, C4<0>, C4<0>;
v00000000010e1170_0 .net *"_s125", 29 0, L_00000000014432a8;  1 drivers
L_00000000014432f0 .functor BUFT 1, C4<00000000000000000000000000000000>, C4<0>, C4<0>, C4<0>;
v00000000010e1710_0 .net/2u *"_s126", 31 0, L_00000000014432f0;  1 drivers
v00000000010e0bd0_0 .net *"_s128", 0 0, L_00000000010e9870;  1 drivers
v00000000010e1df0_0 .net *"_s130", 31 0, L_00000000010ea810;  1 drivers
L_0000000001443338 .functor BUFT 1, C4<000000000000000000000000000000>, C4<0>, C4<0>, C4<0>;
v00000000010e2750_0 .net *"_s133", 29 0, L_0000000001443338;  1 drivers
L_0000000001443380 .functor BUFT 1, C4<00000000000000000000000000000001>, C4<0>, C4<0>, C4<0>;
v00000000010e1210_0 .net/2u *"_s134", 31 0, L_0000000001443380;  1 drivers
v00000000010e1990_0 .net *"_s136", 0 0, L_00000000010e9690;  1 drivers
v00000000010e0ef0_0 .net *"_s138", 31 0, L_00000000010e9370;  1 drivers
v00000000010e2430_0 .net *"_s14", 0 0, L_00000000010e90f0;  1 drivers
v00000000010e12b0_0 .net *"_s16", 31 0, L_00000000010e7250;  1 drivers
L_0000000001442cc0 .functor BUFT 1, C4<000000000000000000000000000000>, C4<0>, C4<0>, C4<0>;
v00000000010e13f0_0 .net *"_s19", 29 0, L_0000000001442cc0;  1 drivers
L_0000000001442be8 .functor BUFT 1, C4<00000000000000000000>, C4<0>, C4<0>, C4<0>;
v00000000010e1350_0 .net/2u *"_s2", 19 0, L_0000000001442be8;  1 drivers
L_0000000001442d08 .functor BUFT 1, C4<00000000000000000000000000000010>, C4<0>, C4<0>, C4<0>;
v00000000010e27f0_0 .net/2u *"_s20", 31 0, L_0000000001442d08;  1 drivers
v00000000010e1ad0_0 .net *"_s22", 0 0, L_00000000010e8a10;  1 drivers
L_0000000001442d50 .functor BUFT 1, C4<00000000000000000000000000000100>, C4<0>, C4<0>, C4<0>;
v00000000010e2070_0 .net/2u *"_s24", 31 0, L_0000000001442d50;  1 drivers
v00000000010e2390_0 .net *"_s26", 31 0, L_00000000010e7c50;  1 drivers
v00000000010e0a90_0 .net *"_s28", 31 0, L_00000000010e9190;  1 drivers
v00000000010e2890_0 .net *"_s30", 29 0, L_00000000010e85b0;  1 drivers
L_0000000001442d98 .functor BUFT 1, C4<00>, C4<0>, C4<0>, C4<0>;
v00000000010e1cb0_0 .net *"_s32", 1 0, L_0000000001442d98;  1 drivers
L_0000000001442de0 .functor BUFT 1, C4<00000000000000000000000000000000>, C4<0>, C4<0>, C4<0>;
v00000000010e1d50_0 .net/2u *"_s34", 31 0, L_0000000001442de0;  1 drivers
v00000000010e2110_0 .net *"_s36", 31 0, L_00000000010e7a70;  1 drivers
v00000000010e1a30_0 .net *"_s38", 31 0, L_00000000010e8830;  1 drivers
v00000000010e1e90_0 .net *"_s40", 31 0, L_00000000010e71b0;  1 drivers
L_0000000001442e28 .functor BUFT 1, C4<000000000000000000000000000000>, C4<0>, C4<0>, C4<0>;
v00000000010e10d0_0 .net *"_s43", 29 0, L_0000000001442e28;  1 drivers
L_0000000001442e70 .functor BUFT 1, C4<00000000000000000000000000000001>, C4<0>, C4<0>, C4<0>;
v00000000010e24d0_0 .net/2u *"_s44", 31 0, L_0000000001442e70;  1 drivers
v00000000010e21b0_0 .net *"_s46", 0 0, L_00000000010e8650;  1 drivers
v00000000010e0c70_0 .net *"_s49", 3 0, L_00000000010e8290;  1 drivers
v00000000010e17b0_0 .net *"_s5", 11 0, L_00000000010e7890;  1 drivers
v00000000010e1f30_0 .net *"_s51", 25 0, L_00000000010e6ad0;  1 drivers
L_0000000001442eb8 .functor BUFT 1, C4<00>, C4<0>, C4<0>, C4<0>;
v00000000010e0b30_0 .net/2u *"_s52", 1 0, L_0000000001442eb8;  1 drivers
v00000000010e2570_0 .net *"_s54", 31 0, L_00000000010e8970;  1 drivers
L_0000000001442f00 .functor BUFT 1, C4<00000000000000000000000000000100>, C4<0>, C4<0>, C4<0>;
v00000000010e2610_0 .net/2u *"_s56", 31 0, L_0000000001442f00;  1 drivers
v00000000010e0d10_0 .net *"_s58", 31 0, L_00000000010e6fd0;  1 drivers
v00000000010e1fd0_0 .net *"_s60", 31 0, L_00000000010e8bf0;  1 drivers
v00000000010e0db0_0 .net *"_s62", 31 0, L_00000000010e6e90;  1 drivers
v00000000010e0e50_0 .net *"_s66", 31 0, L_00000000010e7d90;  1 drivers
L_0000000001442f48 .functor BUFT 1, C4<000000000000000000000000000000>, C4<0>, C4<0>, C4<0>;
v00000000010e1030_0 .net *"_s69", 29 0, L_0000000001442f48;  1 drivers
L_0000000001442f90 .functor BUFT 1, C4<00000000000000000000000000000010>, C4<0>, C4<0>, C4<0>;
v00000000010e18f0_0 .net/2u *"_s70", 31 0, L_0000000001442f90;  1 drivers
v00000000010e1490_0 .net *"_s72", 0 0, L_00000000010e79d0;  1 drivers
v00000000010e1530_0 .net *"_s74", 31 0, L_00000000010e7430;  1 drivers
L_0000000001442fd8 .functor BUFT 1, C4<000000000000000000000000000000>, C4<0>, C4<0>, C4<0>;
v00000000010e15d0_0 .net *"_s77", 29 0, L_0000000001442fd8;  1 drivers
L_0000000001443020 .functor BUFT 1, C4<00000000000000000000000000000001>, C4<0>, C4<0>, C4<0>;
v00000000010e1670_0 .net/2u *"_s78", 31 0, L_0000000001443020;  1 drivers
v00000000010e1850_0 .net *"_s8", 31 0, L_00000000010e8010;  1 drivers
v00000000010e1b70_0 .net *"_s80", 0 0, L_00000000010e7070;  1 drivers
L_0000000001443068 .functor BUFT 1, C4<11111>, C4<0>, C4<0>, C4<0>;
v00000000010e1c10_0 .net/2u *"_s82", 4 0, L_0000000001443068;  1 drivers
v00000000010e26b0_0 .net *"_s84", 4 0, L_00000000010e8330;  1 drivers
v00000000010e09f0_0 .net *"_s88", 31 0, L_00000000010e83d0;  1 drivers
L_00000000014430b0 .functor BUFT 1, C4<000000000000000000000000000000>, C4<0>, C4<0>, C4<0>;
v00000000010e2b40_0 .net *"_s91", 29 0, L_00000000014430b0;  1 drivers
L_00000000014430f8 .functor BUFT 1, C4<00000000000000000000000000000000>, C4<0>, C4<0>, C4<0>;
v00000000010e3e00_0 .net/2u *"_s92", 31 0, L_00000000014430f8;  1 drivers
v00000000010e34a0_0 .net *"_s94", 0 0, L_00000000010e8790;  1 drivers
v00000000010e3220_0 .net *"_s96", 31 0, L_00000000010e8d30;  1 drivers
L_0000000001443140 .functor BUFT 1, C4<000000000000000000000000000000>, C4<0>, C4<0>, C4<0>;
v00000000010e4800_0 .net *"_s99", 29 0, L_0000000001443140;  1 drivers
v00000000010e3ae0_0 .net "addr", 31 0, L_00000000010e86f0;  1 drivers
v00000000010e3040_0 .net "bigimm", 31 0, L_00000000010e7390;  1 drivers
v00000000010e44e0_0 .net "clk", 0 0, v00000000010e4620_0;  1 drivers
v00000000010e46c0_0 .net "din", 31 0, L_000000000148a380;  1 drivers
v00000000010e2be0_0 .net "fuc", 5 0, L_00000000010e3360;  1 drivers
v00000000010e2d20_0 .net "imm", 15 0, L_00000000010e3d60;  1 drivers
v00000000010e2dc0_0 .net "intr", 31 0, L_0000000001075720;  1 drivers
v00000000010e3f40_0 .net "nextPC", 31 0, L_00000000010e7b10;  1 drivers
v00000000010e3b80_0 .net "op", 5 0, L_00000000010e4120;  1 drivers
v00000000010e35e0_0 .net "rd", 4 0, L_00000000010e3ea0;  1 drivers
v00000000010e3900_0 .net "reset", 0 0, v00000000010e4580_0;  1 drivers
v00000000010e2c80_0 .net "rs", 4 0, L_00000000010e4300;  1 drivers
v00000000010e3c20_0 .net "rt", 4 0, L_00000000010e32c0;  1 drivers
v00000000010e4760_0 .net "signimm", 31 0, L_00000000010e8c90;  1 drivers
v00000000010e3cc0_0 .net "unsign", 31 0, L_00000000010e8470;  1 drivers
v00000000010e4440_0 .net "zero", 0 0, L_00000000010e77f0;  1 drivers
L_00000000010e7890 .part L_00000000010e8150, 0, 12;
L_00000000010e86f0 .concat [ 12 20 0 0], L_00000000010e7890, L_0000000001442be8;
L_00000000010e8010 .concat [ 2 30 0 0], L_00000000010e8f10, L_0000000001442c30;
L_00000000010e90f0 .cmp/eq 32, L_00000000010e8010, L_0000000001442c78;
L_00000000010e7250 .concat [ 2 30 0 0], L_00000000010e8f10, L_0000000001442cc0;
L_00000000010e8a10 .cmp/eq 32, L_00000000010e7250, L_0000000001442d08;
L_00000000010e7c50 .arith/sum 32, v00000000010e0380_0, L_0000000001442d50;
L_00000000010e85b0 .part L_00000000010e8c90, 0, 30;
L_00000000010e9190 .concat [ 2 30 0 0], L_0000000001442d98, L_00000000010e85b0;
L_00000000010e7a70 .functor MUXZ 32, L_0000000001442de0, L_00000000010e9190, L_00000000010e77f0, C4<>;
L_00000000010e8830 .arith/sum 32, L_00000000010e7c50, L_00000000010e7a70;
L_00000000010e71b0 .concat [ 2 30 0 0], L_00000000010e8f10, L_0000000001442e28;
L_00000000010e8650 .cmp/eq 32, L_00000000010e71b0, L_0000000001442e70;
L_00000000010e8290 .part v00000000010e0380_0, 28, 4;
L_00000000010e6ad0 .part L_0000000001075720, 0, 26;
L_00000000010e8970 .concat [ 2 26 4 0], L_0000000001442eb8, L_00000000010e6ad0, L_00000000010e8290;
L_00000000010e6fd0 .arith/sum 32, v00000000010e0380_0, L_0000000001442f00;
L_00000000010e8bf0 .functor MUXZ 32, L_00000000010e6fd0, L_00000000010e8970, L_00000000010e8650, C4<>;
L_00000000010e6e90 .functor MUXZ 32, L_00000000010e8bf0, L_00000000010e8830, L_00000000010e8a10, C4<>;
L_00000000010e7b10 .functor MUXZ 32, L_00000000010e6e90, L_000000000148a460, L_00000000010e90f0, C4<>;
L_00000000010e7d90 .concat [ 2 30 0 0], L_00000000010e8fb0, L_0000000001442f48;
L_00000000010e79d0 .cmp/eq 32, L_00000000010e7d90, L_0000000001442f90;
L_00000000010e7430 .concat [ 2 30 0 0], L_00000000010e8fb0, L_0000000001442fd8;
L_00000000010e7070 .cmp/eq 32, L_00000000010e7430, L_0000000001443020;
L_00000000010e8330 .functor MUXZ 5, L_00000000010e32c0, L_0000000001443068, L_00000000010e7070, C4<>;
L_00000000010e7f70 .functor MUXZ 5, L_00000000010e8330, L_00000000010e3ea0, L_00000000010e79d0, C4<>;
L_00000000010e83d0 .concat [ 2 30 0 0], L_00000000010e3860, L_00000000014430b0;
L_00000000010e8790 .cmp/eq 32, L_00000000010e83d0, L_00000000014430f8;
L_00000000010e8d30 .concat [ 2 30 0 0], L_00000000010e3860, L_0000000001443140;
L_00000000010e8dd0 .cmp/eq 32, L_00000000010e8d30, L_0000000001443188;
L_00000000010e8e70 .concat [ 2 30 0 0], L_00000000010e3860, L_00000000014431d0;
L_00000000010e74d0 .cmp/eq 32, L_00000000010e8e70, L_0000000001443218;
L_00000000010e7570 .arith/sum 32, v00000000010e0380_0, L_0000000001443260;
L_00000000010e7610 .functor MUXZ 32, L_00000000010e7390, L_00000000010e7570, L_00000000010e74d0, C4<>;
L_00000000010e9f50 .functor MUXZ 32, L_00000000010e7610, L_000000000148aaf0, L_00000000010e8dd0, C4<>;
L_00000000010e92d0 .functor MUXZ 32, L_00000000010e9f50, L_00000000010e8150, L_00000000010e8790, C4<>;
L_00000000010e9910 .concat [ 2 30 0 0], L_00000000010e6a30, L_00000000014432a8;
L_00000000010e9870 .cmp/eq 32, L_00000000010e9910, L_00000000014432f0;
L_00000000010ea810 .concat [ 2 30 0 0], L_00000000010e6a30, L_0000000001443338;
L_00000000010e9690 .cmp/eq 32, L_00000000010ea810, L_0000000001443380;
L_00000000010e9370 .functor MUXZ 32, L_00000000010e8470, L_00000000010e8c90, L_00000000010e9690, C4<>;
L_00000000010e99b0 .functor MUXZ 32, L_00000000010e9370, L_000000000148a1c0, L_00000000010e9870, C4<>;
S_0000000001046680 .scope module, "Control" "control" 3 60, 4 21 0, S_00000000010464f0;
 .timescale -9 -12;
    .port_info 0 /INPUT 6 "op";
    .port_info 1 /INPUT 6 "fuc";
    .port_info 2 /OUTPUT 2 "WDctrl";
    .port_info 3 /OUTPUT 2 "ALUctrl";
    .port_info 4 /OUTPUT 1 "RegWrite";
    .port_info 5 /OUTPUT 1 "MemWrite";
    .port_info 6 /OUTPUT 2 "Regdst";
    .port_info 7 /OUTPUT 3 "ALUOp";
    .port_info 8 /OUTPUT 2 "PCctrl";
L_0000000001075800 .functor AND 1, L_00000000010e41c0, L_00000000010e3180, C4<1>, C4<1>;
L_0000000001074ed0 .functor AND 1, L_00000000010e3400, L_00000000010e37c0, C4<1>, C4<1>;
L_0000000001075020 .functor AND 1, L_00000000010e39a0, L_00000000010e3540, C4<1>, C4<1>;
L_000000000105c820 .functor OR 1, L_00000000010e30e0, L_00000000010e4260, C4<0>, C4<0>;
L_0000000001075870 .functor OR 1, L_0000000001075800, L_0000000001074ed0, C4<0>, C4<0>;
L_000000000148ad90 .functor OR 1, L_0000000001075870, L_00000000010e30e0, C4<0>, C4<0>;
L_000000000148a0e0 .functor OR 1, L_000000000148ad90, L_00000000010e2aa0, C4<0>, C4<0>;
L_000000000148a540 .functor OR 1, L_000000000148a0e0, L_00000000010e2e60, C4<0>, C4<0>;
L_000000000148a150 .functor OR 1, L_000000000148a540, L_00000000010e2f00, C4<0>, C4<0>;
L_000000000148a230 .functor OR 1, L_0000000001075800, L_0000000001074ed0, C4<0>, C4<0>;
L_000000000148ab60 .functor OR 1, L_0000000001074ed0, L_00000000010e43a0, C4<0>, C4<0>;
L_000000000148a2a0 .functor OR 1, L_00000000010e2f00, L_00000000010e3680, C4<0>, C4<0>;
L_000000000148a070 .functor BUFZ 1, L_00000000010e4260, C4<0>, C4<0>, C4<0>;
v000000000108b900_0 .net "ALUOp", 2 0, L_00000000010e7110;  alias, 1 drivers
v000000000108bc20_0 .net "ALUctrl", 1 0, L_00000000010e6a30;  alias, 1 drivers
v000000000108ba40_0 .net "MemWrite", 0 0, L_000000000148a070;  alias, 1 drivers
v000000000108b4a0_0 .net "PCctrl", 1 0, L_00000000010e8f10;  alias, 1 drivers
v000000000108c260_0 .net "RegWrite", 0 0, L_000000000148a150;  alias, 1 drivers
v000000000108c6c0_0 .net "Regdst", 1 0, L_00000000010e8fb0;  alias, 1 drivers
v000000000108aa00_0 .net "WDctrl", 1 0, L_00000000010e3860;  alias, 1 drivers
L_0000000001442060 .functor BUFT 1, C4<000000>, C4<0>, C4<0>, C4<0>;
v000000000108c300_0 .net/2u *"_s0", 5 0, L_0000000001442060;  1 drivers
L_00000000014420f0 .functor BUFT 1, C4<000000>, C4<0>, C4<0>, C4<0>;
v000000000108aaa0_0 .net/2u *"_s10", 5 0, L_00000000014420f0;  1 drivers
L_0000000001442690 .functor BUFT 1, C4<00>, C4<0>, C4<0>, C4<0>;
v000000000108abe0_0 .net/2u *"_s100", 1 0, L_0000000001442690;  1 drivers
v000000000108ac80_0 .net *"_s102", 1 0, L_00000000010e7ed0;  1 drivers
L_00000000014426d8 .functor BUFT 1, C4<010>, C4<0>, C4<0>, C4<0>;
v000000000108bae0_0 .net/2u *"_s106", 2 0, L_00000000014426d8;  1 drivers
v000000000108adc0_0 .net *"_s108", 0 0, L_000000000148ab60;  1 drivers
L_0000000001442720 .functor BUFT 1, C4<001>, C4<0>, C4<0>, C4<0>;
v000000000108b2c0_0 .net/2u *"_s110", 2 0, L_0000000001442720;  1 drivers
L_0000000001442768 .functor BUFT 1, C4<000>, C4<0>, C4<0>, C4<0>;
v000000000108bb80_0 .net/2u *"_s112", 2 0, L_0000000001442768;  1 drivers
v000000000108b360_0 .net *"_s114", 2 0, L_00000000010e72f0;  1 drivers
L_00000000014427b0 .functor BUFT 1, C4<11>, C4<0>, C4<0>, C4<0>;
v000000000108bcc0_0 .net/2u *"_s118", 1 0, L_00000000014427b0;  1 drivers
v000000000108bd60_0 .net *"_s12", 0 0, L_00000000010e3400;  1 drivers
L_00000000014427f8 .functor BUFT 1, C4<10>, C4<0>, C4<0>, C4<0>;
v000000000108be00_0 .net/2u *"_s120", 1 0, L_00000000014427f8;  1 drivers
v000000000108bea0_0 .net *"_s122", 0 0, L_000000000148a2a0;  1 drivers
L_0000000001442840 .functor BUFT 1, C4<01>, C4<0>, C4<0>, C4<0>;
v0000000001070d20_0 .net/2u *"_s124", 1 0, L_0000000001442840;  1 drivers
L_0000000001442888 .functor BUFT 1, C4<00>, C4<0>, C4<0>, C4<0>;
v0000000001030b20_0 .net/2u *"_s126", 1 0, L_0000000001442888;  1 drivers
v00000000010dbf00_0 .net *"_s128", 1 0, L_00000000010e88d0;  1 drivers
v00000000010dace0_0 .net *"_s130", 1 0, L_00000000010e6c10;  1 drivers
L_0000000001442138 .functor BUFT 1, C4<100011>, C4<0>, C4<0>, C4<0>;
v00000000010db460_0 .net/2u *"_s14", 5 0, L_0000000001442138;  1 drivers
v00000000010db500_0 .net *"_s16", 0 0, L_00000000010e37c0;  1 drivers
v00000000010db000_0 .net *"_s2", 0 0, L_00000000010e41c0;  1 drivers
L_0000000001442180 .functor BUFT 1, C4<100011>, C4<0>, C4<0>, C4<0>;
v00000000010daa60_0 .net/2u *"_s20", 5 0, L_0000000001442180;  1 drivers
L_00000000014421c8 .functor BUFT 1, C4<101011>, C4<0>, C4<0>, C4<0>;
v00000000010da9c0_0 .net/2u *"_s24", 5 0, L_00000000014421c8;  1 drivers
L_0000000001442210 .functor BUFT 1, C4<000100>, C4<0>, C4<0>, C4<0>;
v00000000010dc5e0_0 .net/2u *"_s28", 5 0, L_0000000001442210;  1 drivers
L_0000000001442258 .functor BUFT 1, C4<001111>, C4<0>, C4<0>, C4<0>;
v00000000010dc400_0 .net/2u *"_s32", 5 0, L_0000000001442258;  1 drivers
L_00000000014422a0 .functor BUFT 1, C4<000011>, C4<0>, C4<0>, C4<0>;
v00000000010dbaa0_0 .net/2u *"_s36", 5 0, L_00000000014422a0;  1 drivers
L_00000000014420a8 .functor BUFT 1, C4<100001>, C4<0>, C4<0>, C4<0>;
v00000000010dc680_0 .net/2u *"_s4", 5 0, L_00000000014420a8;  1 drivers
L_00000000014422e8 .functor BUFT 1, C4<000000>, C4<0>, C4<0>, C4<0>;
v00000000010dbd20_0 .net/2u *"_s40", 5 0, L_00000000014422e8;  1 drivers
v00000000010db3c0_0 .net *"_s42", 0 0, L_00000000010e39a0;  1 drivers
L_0000000001442330 .functor BUFT 1, C4<001000>, C4<0>, C4<0>, C4<0>;
v00000000010dbdc0_0 .net/2u *"_s44", 5 0, L_0000000001442330;  1 drivers
v00000000010db320_0 .net *"_s46", 0 0, L_00000000010e3540;  1 drivers
L_0000000001442378 .functor BUFT 1, C4<001101>, C4<0>, C4<0>, C4<0>;
v00000000010dc360_0 .net/2u *"_s50", 5 0, L_0000000001442378;  1 drivers
L_00000000014423c0 .functor BUFT 1, C4<000010>, C4<0>, C4<0>, C4<0>;
v00000000010dbbe0_0 .net/2u *"_s54", 5 0, L_00000000014423c0;  1 drivers
L_0000000001442408 .functor BUFT 1, C4<11>, C4<0>, C4<0>, C4<0>;
v00000000010db5a0_0 .net/2u *"_s58", 1 0, L_0000000001442408;  1 drivers
v00000000010dbfa0_0 .net *"_s6", 0 0, L_00000000010e3180;  1 drivers
L_0000000001442450 .functor BUFT 1, C4<10>, C4<0>, C4<0>, C4<0>;
v00000000010dc720_0 .net/2u *"_s60", 1 0, L_0000000001442450;  1 drivers
L_0000000001442498 .functor BUFT 1, C4<01>, C4<0>, C4<0>, C4<0>;
v00000000010db1e0_0 .net/2u *"_s62", 1 0, L_0000000001442498;  1 drivers
L_00000000014424e0 .functor BUFT 1, C4<00>, C4<0>, C4<0>, C4<0>;
v00000000010db8c0_0 .net/2u *"_s64", 1 0, L_00000000014424e0;  1 drivers
v00000000010dc040_0 .net *"_s66", 1 0, L_00000000010e2fa0;  1 drivers
v00000000010db640_0 .net *"_s68", 1 0, L_00000000010e3720;  1 drivers
L_0000000001442528 .functor BUFT 1, C4<10>, C4<0>, C4<0>, C4<0>;
v00000000010db280_0 .net/2u *"_s72", 1 0, L_0000000001442528;  1 drivers
v00000000010db0a0_0 .net *"_s74", 0 0, L_000000000105c820;  1 drivers
L_0000000001442570 .functor BUFT 1, C4<01>, C4<0>, C4<0>, C4<0>;
v00000000010dbe60_0 .net/2u *"_s76", 1 0, L_0000000001442570;  1 drivers
L_00000000014425b8 .functor BUFT 1, C4<00>, C4<0>, C4<0>, C4<0>;
v00000000010db6e0_0 .net/2u *"_s78", 1 0, L_00000000014425b8;  1 drivers
v00000000010db780_0 .net *"_s80", 1 0, L_00000000010e3a40;  1 drivers
v00000000010db820_0 .net *"_s84", 0 0, L_0000000001075870;  1 drivers
v00000000010dc0e0_0 .net *"_s86", 0 0, L_000000000148ad90;  1 drivers
v00000000010dc540_0 .net *"_s88", 0 0, L_000000000148a0e0;  1 drivers
v00000000010dbc80_0 .net *"_s90", 0 0, L_000000000148a540;  1 drivers
v00000000010dc180_0 .net *"_s94", 0 0, L_000000000148a230;  1 drivers
L_0000000001442600 .functor BUFT 1, C4<10>, C4<0>, C4<0>, C4<0>;
v00000000010dc2c0_0 .net/2u *"_s96", 1 0, L_0000000001442600;  1 drivers
L_0000000001442648 .functor BUFT 1, C4<01>, C4<0>, C4<0>, C4<0>;
v00000000010dc7c0_0 .net/2u *"_s98", 1 0, L_0000000001442648;  1 drivers
v00000000010dad80_0 .net "addu", 0 0, L_0000000001075800;  1 drivers
v00000000010db140_0 .net "beq", 0 0, L_00000000010e43a0;  1 drivers
v00000000010dc860_0 .net "fuc", 5 0, L_00000000010e3360;  alias, 1 drivers
v00000000010db960_0 .net "j", 0 0, L_00000000010e3680;  1 drivers
v00000000010dc220_0 .net "jal", 0 0, L_00000000010e2f00;  1 drivers
v00000000010daf60_0 .net "jr", 0 0, L_0000000001075020;  1 drivers
v00000000010dba00_0 .net "lui", 0 0, L_00000000010e2e60;  1 drivers
v00000000010dbb40_0 .net "lw", 0 0, L_00000000010e30e0;  1 drivers
v00000000010dc4a0_0 .net "op", 5 0, L_00000000010e4120;  alias, 1 drivers
v00000000010dab00_0 .net "ori", 0 0, L_00000000010e2aa0;  1 drivers
v00000000010daba0_0 .net "subu", 0 0, L_0000000001074ed0;  1 drivers
v00000000010dac40_0 .net "sw", 0 0, L_00000000010e4260;  1 drivers
L_00000000010e41c0 .cmp/eq 6, L_00000000010e4120, L_0000000001442060;
L_00000000010e3180 .cmp/eq 6, L_00000000010e3360, L_00000000014420a8;
L_00000000010e3400 .cmp/eq 6, L_00000000010e4120, L_00000000014420f0;
L_00000000010e37c0 .cmp/eq 6, L_00000000010e3360, L_0000000001442138;
L_00000000010e30e0 .cmp/eq 6, L_00000000010e4120, L_0000000001442180;
L_00000000010e4260 .cmp/eq 6, L_00000000010e4120, L_00000000014421c8;
L_00000000010e43a0 .cmp/eq 6, L_00000000010e4120, L_0000000001442210;
L_00000000010e2e60 .cmp/eq 6, L_00000000010e4120, L_0000000001442258;
L_00000000010e2f00 .cmp/eq 6, L_00000000010e4120, L_00000000014422a0;
L_00000000010e39a0 .cmp/eq 6, L_00000000010e4120, L_00000000014422e8;
L_00000000010e3540 .cmp/eq 6, L_00000000010e3360, L_0000000001442330;
L_00000000010e2aa0 .cmp/eq 6, L_00000000010e4120, L_0000000001442378;
L_00000000010e3680 .cmp/eq 6, L_00000000010e4120, L_00000000014423c0;
L_00000000010e2fa0 .functor MUXZ 2, L_00000000014424e0, L_0000000001442498, L_00000000010e30e0, C4<>;
L_00000000010e3720 .functor MUXZ 2, L_00000000010e2fa0, L_0000000001442450, L_00000000010e2f00, C4<>;
L_00000000010e3860 .functor MUXZ 2, L_00000000010e3720, L_0000000001442408, L_00000000010e2e60, C4<>;
L_00000000010e3a40 .functor MUXZ 2, L_00000000014425b8, L_0000000001442570, L_000000000105c820, C4<>;
L_00000000010e6a30 .functor MUXZ 2, L_00000000010e3a40, L_0000000001442528, L_00000000010e2aa0, C4<>;
L_00000000010e7ed0 .functor MUXZ 2, L_0000000001442690, L_0000000001442648, L_00000000010e2f00, C4<>;
L_00000000010e8fb0 .functor MUXZ 2, L_00000000010e7ed0, L_0000000001442600, L_000000000148a230, C4<>;
L_00000000010e72f0 .functor MUXZ 3, L_0000000001442768, L_0000000001442720, L_000000000148ab60, C4<>;
L_00000000010e7110 .functor MUXZ 3, L_00000000010e72f0, L_00000000014426d8, L_00000000010e2aa0, C4<>;
L_00000000010e88d0 .functor MUXZ 2, L_0000000001442888, L_0000000001442840, L_000000000148a2a0, C4<>;
L_00000000010e6c10 .functor MUXZ 2, L_00000000010e88d0, L_00000000014427f8, L_00000000010e43a0, C4<>;
L_00000000010e8f10 .functor MUXZ 2, L_00000000010e6c10, L_00000000014427b0, L_0000000001075020, C4<>;
S_000000000104a810 .scope module, "alu" "ALU" 3 102, 5 21 0, S_00000000010464f0;
 .timescale -9 -12;
    .port_info 0 /INPUT 32 "A";
    .port_info 1 /INPUT 32 "B";
    .port_info 2 /INPUT 3 "Op";
    .port_info 3 /OUTPUT 32 "C";
    .port_info 4 /OUTPUT 1 "zero";
L_000000000148a770 .functor OR 32, L_000000000148a460, L_00000000010e99b0, C4<00000000000000000000000000000000>, C4<00000000000000000000000000000000>;
v00000000010dae20_0 .net "A", 31 0, L_000000000148a460;  alias, 1 drivers
v00000000010daec0_0 .net "B", 31 0, L_00000000010e99b0;  alias, 1 drivers
v00000000010dc9d0_0 .net "C", 31 0, L_00000000010e8150;  alias, 1 drivers
v00000000010dd330_0 .net "Op", 2 0, L_00000000010e7110;  alias, 1 drivers
L_0000000001442ac8 .functor BUFT 1, C4<010>, C4<0>, C4<0>, C4<0>;
v00000000010ddd30_0 .net/2u *"_s0", 2 0, L_0000000001442ac8;  1 drivers
v00000000010de730_0 .net *"_s10", 31 0, L_00000000010e7750;  1 drivers
v00000000010de190_0 .net *"_s12", 31 0, L_00000000010e8510;  1 drivers
v00000000010dd290_0 .net *"_s14", 31 0, L_00000000010e7cf0;  1 drivers
L_0000000001442b58 .functor BUFT 1, C4<00000000000000000000000000000000>, C4<0>, C4<0>, C4<0>;
v00000000010dd0b0_0 .net/2u *"_s18", 31 0, L_0000000001442b58;  1 drivers
v00000000010dd3d0_0 .net *"_s2", 0 0, L_00000000010e9050;  1 drivers
v00000000010ddc90_0 .net *"_s4", 31 0, L_000000000148a770;  1 drivers
L_0000000001442b10 .functor BUFT 1, C4<001>, C4<0>, C4<0>, C4<0>;
v00000000010dd470_0 .net/2u *"_s6", 2 0, L_0000000001442b10;  1 drivers
v00000000010de4b0_0 .net *"_s8", 0 0, L_00000000010e6cb0;  1 drivers
v00000000010ddb50_0 .net "zero", 0 0, L_00000000010e77f0;  alias, 1 drivers
L_00000000010e9050 .cmp/eq 3, L_00000000010e7110, L_0000000001442ac8;
L_00000000010e6cb0 .cmp/eq 3, L_00000000010e7110, L_0000000001442b10;
L_00000000010e7750 .arith/sub 32, L_000000000148a460, L_00000000010e99b0;
L_00000000010e8510 .arith/sum 32, L_000000000148a460, L_00000000010e99b0;
L_00000000010e7cf0 .functor MUXZ 32, L_00000000010e8510, L_00000000010e7750, L_00000000010e6cb0, C4<>;
L_00000000010e8150 .functor MUXZ 32, L_00000000010e7cf0, L_000000000148a770, L_00000000010e9050, C4<>;
L_00000000010e77f0 .cmp/eq 32, L_00000000010e8150, L_0000000001442b58;
S_000000000104a9a0 .scope module, "dm" "DM" 3 113, 6 21 0, S_00000000010464f0;
 .timescale -9 -12;
    .port_info 0 /INPUT 32 "PC";
    .port_info 1 /INPUT 1 "clk";
    .port_info 2 /INPUT 1 "reset";
    .port_info 3 /INPUT 1 "MemWrite";
    .port_info 4 /INPUT 32 "addr";
    .port_info 5 /INPUT 32 "din";
    .port_info 6 /OUTPUT 32 "dout";
L_000000000148aaf0 .functor BUFZ 32, L_00000000010e7930, C4<00000000000000000000000000000000>, C4<00000000000000000000000000000000>, C4<00000000000000000000000000000000>;
v00000000010dd1f0_0 .net "MemWrite", 0 0, L_000000000148a070;  alias, 1 drivers
v00000000010de410_0 .net "PC", 31 0, v00000000010e0380_0;  alias, 1 drivers
v00000000010dcf70_0 .net *"_s0", 31 0, L_00000000010e7930;  1 drivers
v00000000010de870_0 .net *"_s3", 9 0, L_00000000010e6df0;  1 drivers
v00000000010dd790_0 .net *"_s4", 11 0, L_00000000010e6f30;  1 drivers
L_0000000001442ba0 .functor BUFT 1, C4<00>, C4<0>, C4<0>, C4<0>;
v00000000010ddf10_0 .net *"_s7", 1 0, L_0000000001442ba0;  1 drivers
v00000000010dddd0_0 .net "addr", 31 0, L_00000000010e86f0;  alias, 1 drivers
v00000000010dcb10_0 .net "clk", 0 0, v00000000010e4620_0;  alias, 1 drivers
v00000000010dca70_0 .net "din", 31 0, L_000000000148a380;  alias, 1 drivers
v00000000010de230_0 .net "dout", 31 0, L_000000000148aaf0;  alias, 1 drivers
v00000000010dcbb0 .array "dram", 0 1023, 31 0;
v00000000010ddfb0_0 .var/i "i", 31 0;
v00000000010de370_0 .net "reset", 0 0, v00000000010e4580_0;  alias, 1 drivers
E_0000000001084860 .event posedge, v00000000010dcb10_0;
L_00000000010e7930 .array/port v00000000010dcbb0, L_00000000010e6f30;
L_00000000010e6df0 .part L_00000000010e86f0, 2, 10;
L_00000000010e6f30 .concat [ 10 2 0 0], L_00000000010e6df0, L_0000000001442ba0;
S_00000000010518e0 .scope module, "ext" "EXT" 3 92, 7 21 0, S_00000000010464f0;
 .timescale -9 -12;
    .port_info 0 /INPUT 16 "imm";
    .port_info 1 /OUTPUT 32 "signimm";
    .port_info 2 /OUTPUT 32 "unsign";
    .port_info 3 /OUTPUT 32 "bigimm";
v00000000010de2d0_0 .net *"_s1", 0 0, L_00000000010e7e30;  1 drivers
L_00000000014429f0 .functor BUFT 1, C4<0000000000000000>, C4<0>, C4<0>, C4<0>;
v00000000010de550_0 .net/2u *"_s12", 15 0, L_00000000014429f0;  1 drivers
L_0000000001442a38 .functor BUFT 1, C4<0000000000000000>, C4<0>, C4<0>, C4<0>;
v00000000010de690_0 .net/2u *"_s16", 15 0, L_0000000001442a38;  1 drivers
v00000000010de5f0_0 .net *"_s18", 31 0, L_00000000010e7bb0;  1 drivers
L_0000000001442960 .functor BUFT 1, C4<1111111111111111>, C4<0>, C4<0>, C4<0>;
v00000000010dde70_0 .net/2u *"_s2", 15 0, L_0000000001442960;  1 drivers
v00000000010de7d0_0 .net *"_s22", 15 0, L_00000000010e8b50;  1 drivers
L_0000000001442a80 .functor BUFT 1, C4<0000000000000000>, C4<0>, C4<0>, C4<0>;
v00000000010dd510_0 .net *"_s24", 15 0, L_0000000001442a80;  1 drivers
v00000000010dcc50_0 .net *"_s4", 31 0, L_00000000010e81f0;  1 drivers
L_00000000014429a8 .functor BUFT 1, C4<0000000000000000>, C4<0>, C4<0>, C4<0>;
v00000000010de0f0_0 .net/2u *"_s6", 15 0, L_00000000014429a8;  1 drivers
v00000000010dd010_0 .net *"_s8", 31 0, L_00000000010e6d50;  1 drivers
v00000000010dd5b0_0 .net "bigimm", 31 0, L_00000000010e7390;  alias, 1 drivers
v00000000010ddab0_0 .net "imm", 15 0, L_00000000010e3d60;  alias, 1 drivers
v00000000010dd8d0_0 .net "signimm", 31 0, L_00000000010e8c90;  alias, 1 drivers
v00000000010dd970_0 .net "unsign", 31 0, L_00000000010e8470;  alias, 1 drivers
L_00000000010e7e30 .part L_00000000010e3d60, 15, 1;
L_00000000010e81f0 .concat [ 16 16 0 0], L_00000000010e3d60, L_0000000001442960;
L_00000000010e6d50 .concat [ 16 16 0 0], L_00000000010e3d60, L_00000000014429a8;
L_00000000010e8c90 .functor MUXZ 32, L_00000000010e6d50, L_00000000010e81f0, L_00000000010e7e30, C4<>;
L_00000000010e8470 .concat [ 16 16 0 0], L_00000000010e3d60, L_00000000014429f0;
L_00000000010e7bb0 .concat [ 16 16 0 0], L_00000000010e3d60, L_0000000001442a38;
L_00000000010e8b50 .part L_00000000010e7bb0, 0, 16;
L_00000000010e7390 .concat [ 16 16 0 0], L_0000000001442a80, L_00000000010e8b50;
S_0000000001051a70 .scope module, "grf" "GRF" 3 76, 8 21 0, S_00000000010464f0;
 .timescale -9 -12;
    .port_info 0 /INPUT 32 "PC";
    .port_info 1 /INPUT 1 "clk";
    .port_info 2 /INPUT 1 "reset";
    .port_info 3 /INPUT 1 "RegWrite";
    .port_info 4 /INPUT 5 "RA1";
    .port_info 5 /INPUT 5 "RA2";
    .port_info 6 /INPUT 5 "WA";
    .port_info 7 /INPUT 32 "WD";
    .port_info 8 /OUTPUT 32 "RD1";
    .port_info 9 /OUTPUT 32 "RD2";
L_000000000148a460 .functor BUFZ 32, L_00000000010e80b0, C4<00000000000000000000000000000000>, C4<00000000000000000000000000000000>, C4<00000000000000000000000000000000>;
L_000000000148a1c0 .functor BUFZ 32, L_00000000010e76b0, C4<00000000000000000000000000000000>, C4<00000000000000000000000000000000>, C4<00000000000000000000000000000000>;
v00000000010dd650_0 .net "PC", 31 0, v00000000010e0380_0;  alias, 1 drivers
v00000000010dd830_0 .net "RA1", 4 0, L_00000000010e4300;  alias, 1 drivers
v00000000010dda10_0 .net "RA2", 4 0, L_00000000010e32c0;  alias, 1 drivers
v00000000010dced0_0 .net "RD1", 31 0, L_000000000148a460;  alias, 1 drivers
v00000000010dccf0_0 .net "RD2", 31 0, L_000000000148a1c0;  alias, 1 drivers
v00000000010dcd90 .array "Reg", 0 31, 31 0;
v00000000010de050_0 .net "RegWrite", 0 0, L_000000000148a150;  alias, 1 drivers
v00000000010dd6f0_0 .net "WA", 4 0, L_00000000010e7f70;  alias, 1 drivers
v00000000010ddbf0_0 .net "WD", 31 0, L_00000000010e92d0;  alias, 1 drivers
v00000000010dd150_0 .net *"_s0", 31 0, L_00000000010e80b0;  1 drivers
v00000000010dce30_0 .net *"_s10", 6 0, L_00000000010e6b70;  1 drivers
L_0000000001442918 .functor BUFT 1, C4<00>, C4<0>, C4<0>, C4<0>;
v00000000010e01a0_0 .net *"_s13", 1 0, L_0000000001442918;  1 drivers
v00000000010df7a0_0 .net *"_s2", 6 0, L_00000000010e8ab0;  1 drivers
L_00000000014428d0 .functor BUFT 1, C4<00>, C4<0>, C4<0>, C4<0>;
v00000000010deb20_0 .net *"_s5", 1 0, L_00000000014428d0;  1 drivers
v00000000010dfc00_0 .net *"_s8", 31 0, L_00000000010e76b0;  1 drivers
v00000000010e0740_0 .net "clk", 0 0, v00000000010e4620_0;  alias, 1 drivers
v00000000010df660_0 .var/i "i", 31 0;
v00000000010e0420_0 .net "reset", 0 0, v00000000010e4580_0;  alias, 1 drivers
L_00000000010e80b0 .array/port v00000000010dcd90, L_00000000010e8ab0;
L_00000000010e8ab0 .concat [ 5 2 0 0], L_00000000010e4300, L_00000000014428d0;
L_00000000010e76b0 .array/port v00000000010dcd90, L_00000000010e6b70;
L_00000000010e6b70 .concat [ 5 2 0 0], L_00000000010e32c0, L_0000000001442918;
S_000000000105a9f0 .scope module, "ifu" "IFU" 3 30, 9 21 0, S_00000000010464f0;
 .timescale -9 -12;
    .port_info 0 /INPUT 32 "nextPC";
    .port_info 1 /INPUT 1 "clk";
    .port_info 2 /INPUT 1 "reset";
    .port_info 3 /OUTPUT 32 "PC";
    .port_info 4 /OUTPUT 32 "intr";
L_0000000001075720 .functor BUFZ 32, L_00000000010e4080, C4<00000000000000000000000000000000>, C4<00000000000000000000000000000000>, C4<00000000000000000000000000000000>;
v00000000010dfca0 .array "IM", 0 1023, 31 0;
v00000000010df5c0_0 .net "PC", 31 0, v00000000010e0380_0;  alias, 1 drivers
v00000000010ded00_0 .net *"_s2", 31 0, L_00000000010e4080;  1 drivers
v00000000010e04c0_0 .net *"_s5", 9 0, L_00000000010e2a00;  1 drivers
v00000000010e02e0_0 .net *"_s6", 11 0, L_00000000010e48a0;  1 drivers
L_0000000001442018 .functor BUFT 1, C4<00>, C4<0>, C4<0>, C4<0>;
v00000000010e0560_0 .net *"_s9", 1 0, L_0000000001442018;  1 drivers
v00000000010df3e0_0 .net "clk", 0 0, v00000000010e4620_0;  alias, 1 drivers
v00000000010dfd40_0 .net "intr", 31 0, L_0000000001075720;  alias, 1 drivers
v00000000010df2a0_0 .net "nextPC", 31 0, L_00000000010e7b10;  alias, 1 drivers
v00000000010e0380_0 .var "pc", 31 0;
v00000000010e0240_0 .net "reset", 0 0, v00000000010e4580_0;  alias, 1 drivers
L_00000000010e4080 .array/port v00000000010dfca0, L_00000000010e48a0;
L_00000000010e2a00 .part v00000000010e0380_0, 2, 10;
L_00000000010e48a0 .concat [ 10 2 0 0], L_00000000010e2a00, L_0000000001442018;
S_000000000105ab80 .scope module, "sp" "splitter" 3 44, 10 21 0, S_00000000010464f0;
 .timescale -9 -12;
    .port_info 0 /INPUT 32 "intr";
    .port_info 1 /OUTPUT 16 "imm";
    .port_info 2 /OUTPUT 6 "fuc";
    .port_info 3 /OUTPUT 5 "rd";
    .port_info 4 /OUTPUT 5 "rt";
    .port_info 5 /OUTPUT 5 "rs";
    .port_info 6 /OUTPUT 6 "op";
v00000000010e0600_0 .net "fuc", 5 0, L_00000000010e3360;  alias, 1 drivers
v00000000010df700_0 .net "imm", 15 0, L_00000000010e3d60;  alias, 1 drivers
v00000000010dfb60_0 .net "intr", 31 0, L_0000000001075720;  alias, 1 drivers
v00000000010df480_0 .net "op", 5 0, L_00000000010e4120;  alias, 1 drivers
v00000000010df160_0 .net "rd", 4 0, L_00000000010e3ea0;  alias, 1 drivers
v00000000010df840_0 .net "rs", 4 0, L_00000000010e4300;  alias, 1 drivers
v00000000010dea80_0 .net "rt", 4 0, L_00000000010e32c0;  alias, 1 drivers
L_00000000010e3d60 .part L_0000000001075720, 0, 16;
L_00000000010e3360 .part L_0000000001075720, 0, 6;
L_00000000010e3ea0 .part L_0000000001075720, 11, 5;
L_00000000010e32c0 .part L_0000000001075720, 16, 5;
L_00000000010e4300 .part L_0000000001075720, 21, 5;
L_00000000010e4120 .part L_0000000001075720, 26, 6;
    .scope S_000000000105a9f0;
T_0 ;
    %pushi/vec4 12288, 0, 32;
    %store/vec4 v00000000010e0380_0, 0, 32;
    %vpi_call 9 33 "$readmemh", "code.txt", v00000000010dfca0 {0 0 0};
    %end;
    .thread T_0;
    .scope S_000000000105a9f0;
T_1 ;
    %wait E_0000000001084860;
    %load/vec4 v00000000010e0240_0;
    %flag_set/vec4 8;
    %jmp/0xz  T_1.0, 8;
    %pushi/vec4 12288, 0, 32;
    %assign/vec4 v00000000010e0380_0, 0;
    %jmp T_1.1;
T_1.0 ;
    %load/vec4 v00000000010df2a0_0;
    %assign/vec4 v00000000010e0380_0, 0;
T_1.1 ;
    %jmp T_1;
    .thread T_1;
    .scope S_0000000001051a70;
T_2 ;
    %pushi/vec4 0, 0, 32;
    %store/vec4 v00000000010df660_0, 0, 32;
T_2.0 ;
    %load/vec4 v00000000010df660_0;
    %cmpi/s 31, 0, 32;
    %flag_or 5, 4;
    %jmp/0xz T_2.1, 5;
    %pushi/vec4 0, 0, 32;
    %ix/getv/s 4, v00000000010df660_0;
    %store/vec4a v00000000010dcd90, 4, 0;
    %load/vec4 v00000000010df660_0;
    %addi 1, 0, 32;
    %store/vec4 v00000000010df660_0, 0, 32;
    %jmp T_2.0;
T_2.1 ;
    %end;
    .thread T_2;
    .scope S_0000000001051a70;
T_3 ;
    %wait E_0000000001084860;
    %load/vec4 v00000000010e0420_0;
    %flag_set/vec4 8;
    %jmp/0xz  T_3.0, 8;
    %pushi/vec4 0, 0, 32;
    %store/vec4 v00000000010df660_0, 0, 32;
T_3.2 ;
    %load/vec4 v00000000010df660_0;
    %cmpi/s 31, 0, 32;
    %flag_or 5, 4;
    %jmp/0xz T_3.3, 5;
    %pushi/vec4 0, 0, 32;
    %ix/getv/s 3, v00000000010df660_0;
    %ix/load 4, 0, 0; Constant delay
    %assign/vec4/a/d v00000000010dcd90, 0, 4;
    %load/vec4 v00000000010df660_0;
    %addi 1, 0, 32;
    %store/vec4 v00000000010df660_0, 0, 32;
    %jmp T_3.2;
T_3.3 ;
    %jmp T_3.1;
T_3.0 ;
    %load/vec4 v00000000010de050_0;
    %flag_set/vec4 8;
    %jmp/0xz  T_3.4, 8;
    %load/vec4 v00000000010dd6f0_0;
    %pad/u 32;
    %cmpi/ne 0, 0, 32;
    %jmp/0xz  T_3.6, 4;
    %vpi_call 8 45 "$display", "@%h: $%d <= %h", v00000000010dd650_0, v00000000010dd6f0_0, v00000000010ddbf0_0 {0 0 0};
    %load/vec4 v00000000010ddbf0_0;
    %load/vec4 v00000000010dd6f0_0;
    %pad/u 7;
    %ix/vec4 3;
    %ix/load 4, 0, 0; Constant delay
    %assign/vec4/a/d v00000000010dcd90, 0, 4;
T_3.6 ;
T_3.4 ;
T_3.1 ;
    %jmp T_3;
    .thread T_3;
    .scope S_000000000104a9a0;
T_4 ;
    %pushi/vec4 0, 0, 32;
    %store/vec4 v00000000010ddfb0_0, 0, 32;
T_4.0 ;
    %load/vec4 v00000000010ddfb0_0;
    %cmpi/s 1023, 0, 32;
    %flag_or 5, 4;
    %jmp/0xz T_4.1, 5;
    %pushi/vec4 0, 0, 32;
    %ix/getv/s 3, v00000000010ddfb0_0;
    %ix/load 4, 0, 0; Constant delay
    %assign/vec4/a/d v00000000010dcbb0, 0, 4;
    %load/vec4 v00000000010ddfb0_0;
    %addi 1, 0, 32;
    %store/vec4 v00000000010ddfb0_0, 0, 32;
    %jmp T_4.0;
T_4.1 ;
    %end;
    .thread T_4;
    .scope S_000000000104a9a0;
T_5 ;
    %wait E_0000000001084860;
    %load/vec4 v00000000010de370_0;
    %flag_set/vec4 8;
    %jmp/0xz  T_5.0, 8;
    %pushi/vec4 0, 0, 32;
    %store/vec4 v00000000010ddfb0_0, 0, 32;
T_5.2 ;
    %load/vec4 v00000000010ddfb0_0;
    %cmpi/s 1023, 0, 32;
    %flag_or 5, 4;
    %jmp/0xz T_5.3, 5;
    %pushi/vec4 0, 0, 32;
    %ix/getv/s 3, v00000000010ddfb0_0;
    %ix/load 4, 0, 0; Constant delay
    %assign/vec4/a/d v00000000010dcbb0, 0, 4;
    %load/vec4 v00000000010ddfb0_0;
    %addi 1, 0, 32;
    %store/vec4 v00000000010ddfb0_0, 0, 32;
    %jmp T_5.2;
T_5.3 ;
    %jmp T_5.1;
T_5.0 ;
    %load/vec4 v00000000010dd1f0_0;
    %flag_set/vec4 8;
    %jmp/0xz  T_5.4, 8;
    %load/vec4 v00000000010dca70_0;
    %load/vec4 v00000000010dddd0_0;
    %parti/s 10, 2, 3;
    %pad/u 12;
    %ix/vec4 3;
    %ix/load 4, 0, 0; Constant delay
    %assign/vec4/a/d v00000000010dcbb0, 0, 4;
    %vpi_call 6 43 "$display", "@%h: *%h <= %h", v00000000010de410_0, v00000000010dddd0_0, v00000000010dca70_0 {0 0 0};
T_5.4 ;
T_5.1 ;
    %jmp T_5;
    .thread T_5;
    .scope S_0000000001080880;
T_6 ;
    %pushi/vec4 0, 0, 1;
    %store/vec4 v00000000010e4580_0, 0, 1;
    %pushi/vec4 0, 0, 1;
    %store/vec4 v00000000010e4620_0, 0, 1;
    %pushi/vec4 0, 0, 32;
    %store/vec4 v00000000010e3fe0_0, 0, 32;
T_6.0 ;
    %load/vec4 v00000000010e3fe0_0;
    %cmpi/s 2000, 0, 32;
    %jmp/0xz T_6.1, 5;
    %delay 5000, 0;
    %load/vec4 v00000000010e4620_0;
    %inv;
    %store/vec4 v00000000010e4620_0, 0, 1;
    %load/vec4 v00000000010e3fe0_0;
    %addi 1, 0, 32;
    %store/vec4 v00000000010e3fe0_0, 0, 32;
    %jmp T_6.0;
T_6.1 ;
    %end;
    .thread T_6;
# The file index is used to find the file name in the following table.
:file_names 11;
    "N/A";
    "<interactive>";
    "D:\verilog\p4\P4\test.v";
    "D:\verilog\p4\P4/mips.v";
    "D:\verilog\p4\P4/control.v";
    "D:\verilog\p4\P4/ALU.v";
    "D:\verilog\p4\P4/DM.v";
    "D:\verilog\p4\P4/EXT.v";
    "D:\verilog\p4\P4/GRF.v";
    "D:\verilog\p4\P4/IFU.v";
    "D:\verilog\p4\P4/splitter.v";
