WARNING: D:\verilog\p4\P4/IFU.v:33: $readmemh: Standard inconsistency, following 1364-2005.
WARNING: D:\verilog\p4\P4/IFU.v:33: $readmemh(code.txt): Not enough words in the file for the requested range [0:1023].
@00003000: $28 <= 00000000
@00003004: $29 <= 00000000
@00003008: $26 <= 00000000
@0000300c: $13 <= fa3d0000
@00003010: $10 <= 0000f966
@00003014: *00000c00 <= 00000000
@00003018: $18 <= 87310000
@0000301c: $12 <= 00007b84
@00003020: $17 <= 00000000
@00003024: $20 <= 00000000
@00003028: $ 5 <= 00000000
@0000302c: $ 5 <= fa3d0000
@00003030: $25 <= 00007f8c
@00003034: $23 <= 00000000
@00003038: *00000b60 <= 00000000
@0000304c: *000000fc <= 00000000
@00003050: *00000bd8 <= 00000000
@00003054: $30 <= 4c910000
@00003058: $ 1 <= 00000010
@0000305c: $31 <= 00003060
@00003068: $ 1 <= 00003070
@00003070: $16 <= 000075ad
@00003074: $27 <= 0000ff8f
@00003078: *00000c18 <= 00000000
@0000307c: $16 <= 00000000
@00003080: $11 <= 00000010
@00003084: $31 <= 00003088
@00003090: $11 <= 00003098
@00003098: $30 <= f7110000
@000030ac: $15 <= 00000000
@000030b0: $18 <= 00000000
@000030b4: $26 <= 0000f96e
@000030b8: $ 2 <= 00000000
@000030cc: $18 <= 000024f6
@000030d4: *000009f4 <= 00000000
@000030d8: $ 3 <= 514e0000
@000030dc: $ 6 <= 0000f19f
@000030e0: *00000a10 <= 00003070
@000030e4: $30 <= 00000000
@000030f8: $21 <= 00000000
@000030fc: $ 7 <= 00000010
@00003100: $31 <= 00003104
@0000310c: $ 7 <= 00003114
@00003114: $ 7 <= 18940000
@00003118: $19 <= 18940000
@0000311c: *000001b0 <= 00000000
@00003130: $ 3 <= 00007f8c
@00003144: $29 <= 00000000
@00003148: $29 <= 00000000
@0000314c: $ 3 <= 0000f3bf
@00003154: $21 <= fa3df130
@00003158: $17 <= 0000b5ff
@0000315c: $18 <= 00000000
@00003160: $ 6 <= 00007b94
@00003164: $ 5 <= 0000fbbf
@00003168: $20 <= 00006988
@0000317c: $27 <= 00000000
@00003180: *000006ac <= fa3d0000
@00003184: $24 <= 00000000
@00003188: *00000e00 <= 0000fbbf
@0000318c: $14 <= fa3d0000
@00003190: $ 5 <= 0000ffdf
@00003194: $ 6 <= 0000fb8d
@00003198: $17 <= 00000000
@0000319c: $ 2 <= 00005971
@000031a0: $11 <= 00004bdb
@000031a4: $30 <= 00007fff
@000031a8: $30 <= fa3d481a
@000031ac: $ 3 <= 00000010
@000031b0: $31 <= 000031b4
@000031bc: $ 3 <= 000031c4
@000031c4: $17 <= 0000fb8d
@000031d8: $ 6 <= 0000f966
@000031ec: $ 5 <= 00000000
@000031f0: $25 <= 05c20ed0
@000031f4: $25 <= ffffcf90
@000031f8: $22 <= a2a90000
@000031fc: $ 2 <= 00000000
@00003200: $20 <= fa3d0000
@00003208: $17 <= 0000b4fe
@0000320c: *00000c68 <= a2a90000
@00003210: $11 <= e9500000
@00003214: $28 <= 6a9d0000
@00003218: $11 <= 6a9d5909
@0000322c: $ 1 <= 0000fbff
@00003230: *00000f9c <= 00000000
@00003234: $29 <= 00000000
@00003238: *00000080 <= 6a9d5909
@0000323c: $14 <= 00000000
@00003250: $17 <= 00000000
@00003254: $19 <= 00000000
@00003258: $20 <= 00000000
@0000325c: $17 <= 00000010
@00003260: $31 <= 00003264
@0000326c: $17 <= 00003274
@00003274: $14 <= 18940000
@00003278: $10 <= 00000010
@0000327c: $31 <= 00003280
@00003288: $10 <= 00003290
@00003290: $ 9 <= 95630000
@00003294: $14 <= 00000010
@00003298: $31 <= 0000329c
@000032a4: $14 <= 000032ac
@000032ac: $26 <= 189432ac
@000032b0: $11 <= 00000000
@000032b4: $17 <= 0000fbff
@000032b8: $18 <= 00000010
@000032bc: $31 <= 000032c0
@000032c8: $18 <= 000032d0
@000032d0: $ 3 <= 1ed00000
@000032d4: $16 <= 00000010
@000032d8: $31 <= 000032dc
@000032e4: $16 <= 000032ec
@000032ec: $28 <= 00000000
@00003300: $13 <= 00000000
@00003314: *00000ae4 <= 00000000
@00003318: $10 <= 00000000
@0000331c: $25 <= 00000010
@00003320: $31 <= 00003324
@0000332c: $25 <= 00003334
@00003334: $28 <= e76bcd54
@0000333c: $18 <= 956361b6
@00003340: $ 5 <= 00000000
@00003344: $29 <= e76bdfd7
@00003348: $ 4 <= 1ecfcd14
@0000334c: $ 3 <= 7ccecd54
@00003350: $ 1 <= e76bdfd7
@00003354: $ 4 <= 00000010
@00003358: $31 <= 0000335c
@00003364: $ 4 <= 0000336c
@0000336c: $21 <= 00000000
@00003370: $ 4 <= 05c2eb1a
@00003384: $ 8 <= e76bdfff
@0000338c: $15 <= 000091dd
@00003390: *0000040c <= 05c2eb1a
@00003394: $26 <= 00000000
@00003398: $12 <= ffff069a
@000033a0: $27 <= 95630000
@000033a4: *0000076c <= 00000000
@000033a8: $13 <= 00000000
@000033ac: $14 <= 00000000
@000033b0: *000003b8 <= 05c2eb1a
@000033b4: $ 6 <= 00000000
@000033c8: $ 8 <= c1e60000
@000033cc: $10 <= 00000010
@000033d0: $31 <= 000033d4
@000033dc: $10 <= 000033e4
@000033e4: $ 8 <= d11d0000
@000033e8: $ 1 <= 4cfd0000
@000033ec: $26 <= a2a930f8
@00003400: *00000f20 <= 7ccecd54
@00003404: $15 <= 00000000
@00003408: $25 <= 05c2eb1a
@0000340c: $26 <= d4b40000
@00003410: $15 <= 00000000
@00003414: *00000e28 <= 00000000
@00003418: $ 2 <= 9562cc1c
@0000341c: $15 <= 00000000
@00003420: $23 <= 05c2eb1a
@00003424: $25 <= 00000000
@00003428: $27 <= 00000010
@0000342c: $31 <= 00003430
@00003438: $27 <= 00003440
@00003440: $27 <= 90030000
@00003444: $18 <= 7ccf61b6
@00003448: *00000968 <= 18940000
@0000344c: $13 <= 00000010
@00003450: $31 <= 00003454
@0000345c: $13 <= 00003464
@00003464: $ 2 <= 00000000
@00003468: $ 2 <= c0900000
@0000346c: *00000300 <= 00000000
@00003480: $20 <= 00000000
@00003484: $ 6 <= 00000000
@00003488: $27 <= 00000010
@0000348c: $31 <= 00003490
@00003498: $27 <= 000034a0
@000034a0: $13 <= 00000000
@000034a4: $13 <= 00000000
@000034a8: $29 <= 00000000
@000034ac: $13 <= 00000010
@000034b0: $31 <= 000034b4
@000034bc: $13 <= 000034c4
@000034c4: $27 <= 000001d8
@000034c8: $25 <= 00000000
@000034cc: $26 <= 5f200000
@000034d4: $20 <= 00000000
@000034d8: $17 <= 00000000
@000034dc: $24 <= 83310000
@000034e0: $27 <= 8f760000
@000034e4: $ 6 <= 0000caef
@000034e8: $17 <= 18940000
@000034ec: $13 <= 00000010
@000034f0: $31 <= 000034f4
@000034fc: $13 <= 00003504
@00003504: *00000ad8 <= 05c2eb1a
@00003518: $ 6 <= 0000cb12
@0000351c: $29 <= 00000000
@00003520: $ 1 <= 00000010
@00003524: $31 <= 00003528
@00003530: $ 1 <= 00003538
@00003538: $21 <= 00002140
@0000354c: $ 1 <= 00000000
@00003550: $ 1 <= ffff069a
@00003554: $29 <= 18940000
@00003558: $15 <= fa3c1b80
@0000355c: $14 <= e76c2140
@00003560: $26 <= e1a9481a
@00003564: $ 9 <= 00000010
@00003568: $31 <= 0000356c
@00003574: $ 9 <= 0000357c
@0000357c: $14 <= a35c0000
@00003580: $22 <= 00000000
@00003588: $18 <= 05c2b7e6
@0000358c: *00000814 <= 00000000
@00003590: $ 6 <= 8331eba1
@00003594: $29 <= fa3d3626
@000035a8: $25 <= 52200000
@000035ac: $10 <= 05c2b7e6
@000035b0: $15 <= 00000000
@000035b4: $24 <= 00000010
@000035b8: $31 <= 000035bc
@000035c4: $24 <= 000035cc
@000035cc: $ 2 <= e8550000
@000035d0: $ 5 <= fa3c4eb4
@000035d4: $ 1 <= 8331ebf1
@000035e8: $ 5 <= 27a80000
@000035fc: $30 <= 00000000
@00003604: $20 <= 00000000
@00003608: $ 3 <= 1894357c
@0000360c: *0000045c <= 8331ebf1
@00003610: $16 <= 8331b69d
@00003614: $28 <= 7d6f340b
@00003618: $25 <= 7d6f69d7
@0000361c: $13 <= 00000010
@00003620: $31 <= 00003624
@0000362c: $13 <= 00003634
@00003634: $ 9 <= 00000000
@00003638: *00000a40 <= 8331ebf1
@0000363c: $ 1 <= 00000010
@00003640: $31 <= 00003644
@0000364c: $ 1 <= 00003654
@00003654: $22 <= edf969d7
@0000365c: $23 <= 4af60000
@00003660: $19 <= 90da0000
@00003664: $17 <= cb5a481a
@00003668: $24 <= 05c2b7e6
@0000366c: $13 <= 00000010
@00003670: $31 <= 00003674
@0000367c: $13 <= 00003684
@00003684: $10 <= 4b5b0000
@00003688: $14 <= 00000010
@0000368c: $31 <= 00003690
@00003698: $14 <= 000036a0
@000036a0: *0000032c <= 00000000
@000036a4: *0000061c <= 8f760000
@000036a8: $28 <= 00000000
@000036ac: $28 <= 00000010
@000036b0: $31 <= 000036b4
@000036bc: $28 <= 000036c4
@000036c4: $19 <= 00004d78
@000036cc: $ 4 <= 8331b69d
@000036d0: *00000ca4 <= e8550000
@000036d4: $27 <= 05c2d926
@000036d8: $12 <= 00000000
@000036dc: $30 <= e7560000
@000036e0: $ 8 <= 93520000
@000036e4: $ 2 <= d8580000
@000036e8: $30 <= 93520000
@000036fc: *00000da0 <= 05c2b7e6
@00003700: $ 6 <= 91d90000
@00003704: $ 3 <= 88f46e83
@00003708: *00000f50 <= 00000000
@0000370c: $22 <= 00004bda
@00003720: $21 <= 00004bda
@00003724: $ 5 <= 05c2b7e6
@00003728: $21 <= 00000000
@0000372c: $ 2 <= cc150000
@00003730: $19 <= 00006d48
@00003734: $ 5 <= 0000bd01
@00003738: $ 7 <= 88f47fc3
@0000373c: $28 <= 00000000
@00003740: $14 <= 93523654
@00003744: $ 7 <= 00006d48
@0000374c: $26 <= 1e56b7e6
@00003750: $14 <= 93523684
@00003754: $26 <= 0000fda1
@00003758: $10 <= 4af592b8
@00003760: $ 5 <= cb5aeb7b
@00003764: $25 <= 00000000
@00003768: *00000e54 <= 00000000
@0000376c: $ 9 <= 00000000
@00003770: $15 <= 00000010
@00003774: $31 <= 00003778
@00003780: $15 <= 00003788
@00003788: $29 <= 00000000
@0000378c: $14 <= 00000010
@00003790: $31 <= 00003794
@0000379c: $14 <= 000037a4
@000037a4: $21 <= d8de0000
@000037ac: $ 9 <= 05c2b7e6
@000037b0: $14 <= 28180000
@000037b4: $ 3 <= 154c0000
@000037b8: $15 <= fa3d481a
@000037bc: $11 <= 82910149
@000037d0: $ 5 <= 00000000
@000037d4: $30 <= 00000000
@000037d8: $ 1 <= 00000000
@000037dc: $30 <= c1ac0000
@000037f0: $25 <= 0000e43d
@000037f4: $17 <= c1ac0000
@000037f8: $21 <= d6440000
@00003800: $11 <= fe5c0000
@00003804: $29 <= 00000000
@00003808: $ 4 <= 7e060000
@0000380c: $ 2 <= 50b8b7e6
@00003810: $22 <= 91d90000
@00003818: $30 <= 154c0000
@0000381c: $24 <= fa3dfbba
@00003820: $24 <= 000067b7
@00003824: $22 <= 05c2b7e6
@00003828: $12 <= 0f89481a
@0000383c: $27 <= 00000000
@00003840: $26 <= 2bc00000
@00003854: $28 <= d2340000
@00003858: $20 <= 00000000
@0000385c: $17 <= 00000010
@00003860: $31 <= 00003864
@0000386c: $17 <= 00003874
@00003874: $ 7 <= a5f30000
@00003878: $12 <= 00000000
@00003880: $21 <= eab40000
@00003884: *00000724 <= 00003874
@00003888: $24 <= 25600000
@0000388c: $20 <= 4af592b8
@00003890: $ 5 <= fe5c4f87
@00003894: $21 <= 9352eebc
@00003898: $ 1 <= 00000010
@0000389c: $31 <= 000038a0
@000038a8: $ 1 <= 000038b0
@000038b0: $19 <= 201d0000
@000038b4: $28 <= 00000010
@000038b8: $31 <= 000038bc
@000038c4: $28 <= 000038cc
@000038cc: $29 <= 7a0b0000
@000038d4: $ 1 <= 8e360000
@000038d8: $28 <= 05c1d3a9
@000038dc: $ 6 <= 7fcdb7e6
@000038e0: $11 <= ea1f0000
@000038f4: $25 <= bb3f0000
@000038f8: $13 <= 00000010
@000038fc: $31 <= 00003900
@00003908: $13 <= 00003910
@00003910: $30 <= a5f3df61
@00003918: $18 <= a7978fda
@0000391c: $ 8 <= 9352eebc
@00003920: $ 3 <= 00000000
@00003924: $11 <= 9352fffd
@00003928: $17 <= 00000010
@0000392c: $31 <= 00003930
@00003938: $17 <= 00003940
@00003940: $13 <= 25fd481a
@00003944: $11 <= 00000000
@00003948: *00000fc4 <= 05c2b7e6
@0000394c: $ 1 <= 7fcdbffe
@00003950: $27 <= 00000010
@00003954: $31 <= 00003958
@00003960: $27 <= 00003968
@00003968: $29 <= fe5c161f
@0000396c: $28 <= 000044c0
@00003970: *00000544 <= fa3d481a
@00003974: $20 <= 00000000
@00003978: *000002b8 <= 00000000
@0000397c: $11 <= 00000000
@00003980: *0000094c <= 7e060000
@00003984: $11 <= 567b6fcc
@00003988: $14 <= daa044c0
@0000398c: $16 <= 4d8b6f3b
@00003990: $ 2 <= 34d82d46
@00003998: $ 9 <= daf00000
@0000399c: $ 1 <= 00000000
@000039a0: *000001f0 <= 4af60000
@000039a4: *00000580 <= 9352eebc
@000039a8: $ 3 <= 0000f4e3
@000039ac: $12 <= 00000010
@000039b0: $31 <= 000039b4
@000039bc: $12 <= 000039c4
@000039c4: $14 <= 34d866ae
@000039d8: $21 <= 9352febf
@000039dc: $ 3 <= eb449952
@000039f0: $28 <= 2f310000
@000039f4: *00000a5c <= fe5c161f
@000039f8: $27 <= 00000010
@000039fc: $31 <= 00003a00
@00003a08: $27 <= 00003a10
@00003a10: $10 <= fa3d822a
@00003a14: $20 <= eb44d95e
@00003a18: $22 <= 00002344
@00003a1c: $26 <= 00000000
@00003a20: $14 <= d524df61
@00003a24: $22 <= 00006ca6
@00003a28: $30 <= 00000010
@00003a2c: $31 <= 00003a30
@00003a38: $30 <= 00003a40
@00003a40: $18 <= 499353e8
@00003a44: $16 <= d9ba0000
@00003a48: $21 <= 00000000
@00003a50: $20 <= 00000000
@00003a54: $21 <= 567b6fff
@00003a58: *00000c84 <= fe5c4f87
@00003a5c: $ 4 <= 00000000
@00003a60: $18 <= 00000000
@00003a64: $13 <= 00000000
@00003a68: *000002b4 <= a5f30000
@00003a6c: $ 3 <= 567b7fef
@00003a80: *00000f78 <= 567b7fef
@00003a84: $ 4 <= 567bba2f
@00003a88: $ 7 <= 00000000
@00003a8c: $13 <= 4af60000
@00003a90: *000009e4 <= 201d0000
@00003a94: $ 3 <= 00000000
@00003a98: *00000cb8 <= 00000000
@00003aa0: $ 4 <= 962f0000
@00003aa4: $30 <= 00000000
@00003aa8: $26 <= 7fcdb7e6
@00003aac: $29 <= 567ba9dc
