--------------------------------------------------------------------------------
Release 14.7 Trace  (nt64)
Copyright (c) 1995-2013 Xilinx, Inc.  All rights reserved.

D:\Download\14.7\ISE_DS\ISE\bin\nt64\unwrapped\trce.exe -intstyle ise -v 3 -s 3
-n 3 -fastpaths -xml id_fsm.twx id_fsm.ncd -o id_fsm.twr id_fsm.pcf

Design file:              id_fsm.ncd
Physical constraint file: id_fsm.pcf
Device,package,speed:     xc7a100t,csg324,C,-3 (PRODUCTION 1.10 2013-10-13)
Report level:             verbose report

Environment Variable      Effect 
--------------------      ------ 
NONE                      No environment variables were set
--------------------------------------------------------------------------------

INFO:Timing:2698 - No timing constraints found, doing default enumeration.
INFO:Timing:3412 - To improve timing, see the Timing Closure User Guide (UG612).
INFO:Timing:2752 - To get complete path coverage, use the unconstrained paths 
   option. All paths that are not constrained will be reported in the 
   unconstrained paths section(s) of the report.
INFO:Timing:3339 - The clock-to-out numbers in this timing report are based on 
   a 50 Ohm transmission line loading model.  For the details of this model, 
   and for more information on accounting for different loading conditions, 
   please see the device datasheet.



Data Sheet report:
-----------------
All values displayed in nanoseconds (ns)

Setup/Hold to clock clk
------------+------------+------------+------------+------------+------------------+--------+
            |Max Setup to|  Process   |Max Hold to |  Process   |                  | Clock  |
Source      | clk (edge) |   Corner   | clk (edge) |   Corner   |Internal Clock(s) | Phase  |
------------+------------+------------+------------+------------+------------------+--------+
char<0>     |   -0.202(R)|      FAST  |    1.990(R)|      SLOW  |clk_BUFGP         |   0.000|
char<1>     |   -0.022(R)|      FAST  |    2.192(R)|      SLOW  |clk_BUFGP         |   0.000|
char<2>     |   -0.061(R)|      FAST  |    2.101(R)|      SLOW  |clk_BUFGP         |   0.000|
char<3>     |   -0.144(R)|      FAST  |    2.131(R)|      SLOW  |clk_BUFGP         |   0.000|
char<4>     |   -0.133(R)|      FAST  |    2.600(R)|      SLOW  |clk_BUFGP         |   0.000|
char<5>     |   -0.463(R)|      FAST  |    2.485(R)|      SLOW  |clk_BUFGP         |   0.000|
char<6>     |   -0.176(R)|      FAST  |    2.276(R)|      SLOW  |clk_BUFGP         |   0.000|
char<7>     |   -0.358(R)|      FAST  |    2.196(R)|      SLOW  |clk_BUFGP         |   0.000|
------------+------------+------------+------------+------------+------------------+--------+

Clock clk to Pad
------------+-----------------+------------+-----------------+------------+------------------+--------+
            |Max (slowest) clk|  Process   |Min (fastest) clk|  Process   |                  | Clock  |
Destination |  (edge) to PAD  |   Corner   |  (edge) to PAD  |   Corner   |Internal Clock(s) | Phase  |
------------+-----------------+------------+-----------------+------------+------------------+--------+
out         |         7.579(R)|      SLOW  |         3.137(R)|      FAST  |clk_BUFGP         |   0.000|
------------+-----------------+------------+-----------------+------------+------------------+--------+

Clock to Setup on destination clock clk
---------------+---------+---------+---------+---------+
               | Src:Rise| Src:Fall| Src:Rise| Src:Fall|
Source Clock   |Dest:Rise|Dest:Rise|Dest:Fall|Dest:Fall|
---------------+---------+---------+---------+---------+
clk            |    0.746|         |         |         |
---------------+---------+---------+---------+---------+


Analysis completed Sun Sep 13 16:51:16 2020 
--------------------------------------------------------------------------------

Trace Settings:
-------------------------
Trace Settings 

Peak Memory Usage: 5004 MB



