Release 14.7 - xst P.20131013 (nt64)
Copyright (c) 1995-2013 Xilinx, Inc.  All rights reserved.
--> Parameter TMPDIR set to xst/projnav.tmp


Total REAL time to Xst completion: 1.00 secs
Total CPU time to Xst completion: 0.13 secs
 
--> Parameter xsthdpdir set to xst


Total REAL time to Xst completion: 1.00 secs
Total CPU time to Xst completion: 0.14 secs
 
--> Reading design: id_fsm.prj

TABLE OF CONTENTS
  1) Synthesis Options Summary
  2) HDL Parsing
  3) HDL Elaboration
  4) HDL Synthesis
       4.1) HDL Synthesis Report
  5) Advanced HDL Synthesis
       5.1) Advanced HDL Synthesis Report
  6) Low Level Synthesis
  7) Partition Report
  8) Design Summary
       8.1) Primitive and Black Box Usage
       8.2) Device utilization summary
       8.3) Partition Resource Summary
       8.4) Timing Report
            8.4.1) Clock Information
            8.4.2) Asynchronous Control Signals Information
            8.4.3) Timing Summary
            8.4.4) Timing Details
            8.4.5) Cross Clock Domains Report


=========================================================================
*                      Synthesis Options Summary                        *
=========================================================================
---- Source Parameters
Input File Name                    : "id_fsm.prj"
Ignore Synthesis Constraint File   : NO

---- Target Parameters
Output File Name                   : "id_fsm"
Output Format                      : NGC
Target Device                      : xc7a100t-3-csg324

---- Source Options
Top Module Name                    : id_fsm
Automatic FSM Extraction           : YES
FSM Encoding Algorithm             : Auto
Safe Implementation                : No
FSM Style                          : LUT
RAM Extraction                     : Yes
RAM Style                          : Auto
ROM Extraction                     : Yes
Shift Register Extraction          : YES
ROM Style                          : Auto
Resource Sharing                   : YES
Asynchronous To Synchronous        : NO
Shift Register Minimum Size        : 2
Use DSP Block                      : Auto
Automatic Register Balancing       : No

---- Target Options
LUT Combining                      : Auto
Reduce Control Sets                : Auto
Add IO Buffers                     : YES
Global Maximum Fanout              : 100000
Add Generic Clock Buffer(BUFG)     : 32
Register Duplication               : YES
Optimize Instantiated Primitives   : NO
Use Clock Enable                   : Auto
Use Synchronous Set                : Auto
Use Synchronous Reset              : Auto
Pack IO Registers into IOBs        : Auto
Equivalent register Removal        : YES

---- General Options
Optimization Goal                  : Speed
Optimization Effort                : 1
Power Reduction                    : NO
Keep Hierarchy                     : No
Netlist Hierarchy                  : As_Optimized
RTL Output                         : Yes
Global Optimization                : AllClockNets
Read Cores                         : YES
Write Timing Constraints           : NO
Cross Clock Analysis               : NO
Hierarchy Separator                : /
Bus Delimiter                      : <>
Case Specifier                     : Maintain
Slice Utilization Ratio            : 100
BRAM Utilization Ratio             : 100
DSP48 Utilization Ratio            : 100
Auto BRAM Packing                  : NO
Slice Utilization Ratio Delta      : 5

=========================================================================


=========================================================================
*                          HDL Parsing                                  *
=========================================================================
Analyzing Verilog file "D:\verilog\id_fsm1\id_fsm.v" into library work
Parsing module <id_fsm>.

=========================================================================
*                            HDL Elaboration                            *
=========================================================================

Elaborating module <id_fsm>.

=========================================================================
*                           HDL Synthesis                               *
=========================================================================

Synthesizing Unit <id_fsm>.
    Related source file is "D:\verilog\id_fsm1\id_fsm.v".
    Found 32-bit register for signal <now2>.
    Found 1-bit register for signal <out>.
    Found 32-bit register for signal <now1>.
    Found 8-bit comparator lessequal for signal <n0000> created at line 31
    Found 8-bit comparator lessequal for signal <n0002> created at line 31
    Found 8-bit comparator lessequal for signal <n0005> created at line 31
    Found 8-bit comparator lessequal for signal <n0007> created at line 31
    Found 8-bit comparator lessequal for signal <n0016> created at line 37
    Found 8-bit comparator lessequal for signal <n0018> created at line 37
    Summary:
	inferred  65 D-type flip-flop(s).
	inferred   6 Comparator(s).
	inferred   7 Multiplexer(s).
Unit <id_fsm> synthesized.

=========================================================================
HDL Synthesis Report

Macro Statistics
# Registers                                            : 3
 1-bit register                                        : 1
 32-bit register                                       : 2
# Comparators                                          : 6
 8-bit comparator lessequal                            : 6
# Multiplexers                                         : 7
 32-bit 2-to-1 multiplexer                             : 7

=========================================================================

=========================================================================
*                       Advanced HDL Synthesis                          *
=========================================================================


=========================================================================
Advanced HDL Synthesis Report

Macro Statistics
# Registers                                            : 65
 Flip-Flops                                            : 65
# Comparators                                          : 6
 8-bit comparator lessequal                            : 6
# Multiplexers                                         : 7
 32-bit 2-to-1 multiplexer                             : 7

=========================================================================

=========================================================================
*                         Low Level Synthesis                           *
=========================================================================

Optimizing unit <id_fsm> ...
WARNING:Xst:1293 - FF/Latch <now2_1> has a constant value of 0 in block <id_fsm>. This FF/Latch will be trimmed during the optimization process.
WARNING:Xst:1896 - Due to other FF/Latch trimming, FF/Latch <now2_2> has a constant value of 0 in block <id_fsm>. This FF/Latch will be trimmed during the optimization process.
WARNING:Xst:1896 - Due to other FF/Latch trimming, FF/Latch <now2_3> has a constant value of 0 in block <id_fsm>. This FF/Latch will be trimmed during the optimization process.
WARNING:Xst:1896 - Due to other FF/Latch trimming, FF/Latch <now2_4> has a constant value of 0 in block <id_fsm>. This FF/Latch will be trimmed during the optimization process.
WARNING:Xst:1896 - Due to other FF/Latch trimming, FF/Latch <now2_5> has a constant value of 0 in block <id_fsm>. This FF/Latch will be trimmed during the optimization process.
WARNING:Xst:1896 - Due to other FF/Latch trimming, FF/Latch <now2_6> has a constant value of 0 in block <id_fsm>. This FF/Latch will be trimmed during the optimization process.
WARNING:Xst:1896 - Due to other FF/Latch trimming, FF/Latch <now2_7> has a constant value of 0 in block <id_fsm>. This FF/Latch will be trimmed during the optimization process.
WARNING:Xst:1896 - Due to other FF/Latch trimming, FF/Latch <now2_8> has a constant value of 0 in block <id_fsm>. This FF/Latch will be trimmed during the optimization process.
WARNING:Xst:1896 - Due to other FF/Latch trimming, FF/Latch <now2_9> has a constant value of 0 in block <id_fsm>. This FF/Latch will be trimmed during the optimization process.
WARNING:Xst:1896 - Due to other FF/Latch trimming, FF/Latch <now2_10> has a constant value of 0 in block <id_fsm>. This FF/Latch will be trimmed during the optimization process.
WARNING:Xst:1896 - Due to other FF/Latch trimming, FF/Latch <now2_11> has a constant value of 0 in block <id_fsm>. This FF/Latch will be trimmed during the optimization process.
WARNING:Xst:1896 - Due to other FF/Latch trimming, FF/Latch <now2_12> has a constant value of 0 in block <id_fsm>. This FF/Latch will be trimmed during the optimization process.
WARNING:Xst:1896 - Due to other FF/Latch trimming, FF/Latch <now2_13> has a constant value of 0 in block <id_fsm>. This FF/Latch will be trimmed during the optimization process.
WARNING:Xst:1896 - Due to other FF/Latch trimming, FF/Latch <now2_14> has a constant value of 0 in block <id_fsm>. This FF/Latch will be trimmed during the optimization process.
WARNING:Xst:1896 - Due to other FF/Latch trimming, FF/Latch <now2_15> has a constant value of 0 in block <id_fsm>. This FF/Latch will be trimmed during the optimization process.
WARNING:Xst:1896 - Due to other FF/Latch trimming, FF/Latch <now2_16> has a constant value of 0 in block <id_fsm>. This FF/Latch will be trimmed during the optimization process.
WARNING:Xst:1896 - Due to other FF/Latch trimming, FF/Latch <now2_17> has a constant value of 0 in block <id_fsm>. This FF/Latch will be trimmed during the optimization process.
WARNING:Xst:1896 - Due to other FF/Latch trimming, FF/Latch <now2_18> has a constant value of 0 in block <id_fsm>. This FF/Latch will be trimmed during the optimization process.
WARNING:Xst:1896 - Due to other FF/Latch trimming, FF/Latch <now2_19> has a constant value of 0 in block <id_fsm>. This FF/Latch will be trimmed during the optimization process.
WARNING:Xst:1896 - Due to other FF/Latch trimming, FF/Latch <now2_20> has a constant value of 0 in block <id_fsm>. This FF/Latch will be trimmed during the optimization process.
WARNING:Xst:1896 - Due to other FF/Latch trimming, FF/Latch <now2_21> has a constant value of 0 in block <id_fsm>. This FF/Latch will be trimmed during the optimization process.
WARNING:Xst:1896 - Due to other FF/Latch trimming, FF/Latch <now2_22> has a constant value of 0 in block <id_fsm>. This FF/Latch will be trimmed during the optimization process.
WARNING:Xst:1896 - Due to other FF/Latch trimming, FF/Latch <now2_23> has a constant value of 0 in block <id_fsm>. This FF/Latch will be trimmed during the optimization process.
WARNING:Xst:1896 - Due to other FF/Latch trimming, FF/Latch <now2_24> has a constant value of 0 in block <id_fsm>. This FF/Latch will be trimmed during the optimization process.
WARNING:Xst:1896 - Due to other FF/Latch trimming, FF/Latch <now2_25> has a constant value of 0 in block <id_fsm>. This FF/Latch will be trimmed during the optimization process.
WARNING:Xst:1896 - Due to other FF/Latch trimming, FF/Latch <now2_26> has a constant value of 0 in block <id_fsm>. This FF/Latch will be trimmed during the optimization process.
WARNING:Xst:1896 - Due to other FF/Latch trimming, FF/Latch <now2_27> has a constant value of 0 in block <id_fsm>. This FF/Latch will be trimmed during the optimization process.
WARNING:Xst:1896 - Due to other FF/Latch trimming, FF/Latch <now2_28> has a constant value of 0 in block <id_fsm>. This FF/Latch will be trimmed during the optimization process.
WARNING:Xst:1896 - Due to other FF/Latch trimming, FF/Latch <now2_29> has a constant value of 0 in block <id_fsm>. This FF/Latch will be trimmed during the optimization process.
WARNING:Xst:1896 - Due to other FF/Latch trimming, FF/Latch <now2_30> has a constant value of 0 in block <id_fsm>. This FF/Latch will be trimmed during the optimization process.
WARNING:Xst:1896 - Due to other FF/Latch trimming, FF/Latch <now2_31> has a constant value of 0 in block <id_fsm>. This FF/Latch will be trimmed during the optimization process.
WARNING:Xst:1896 - Due to other FF/Latch trimming, FF/Latch <now1_1> has a constant value of 0 in block <id_fsm>. This FF/Latch will be trimmed during the optimization process.
WARNING:Xst:1896 - Due to other FF/Latch trimming, FF/Latch <now1_2> has a constant value of 0 in block <id_fsm>. This FF/Latch will be trimmed during the optimization process.
WARNING:Xst:1896 - Due to other FF/Latch trimming, FF/Latch <now1_3> has a constant value of 0 in block <id_fsm>. This FF/Latch will be trimmed during the optimization process.
WARNING:Xst:1896 - Due to other FF/Latch trimming, FF/Latch <now1_4> has a constant value of 0 in block <id_fsm>. This FF/Latch will be trimmed during the optimization process.
WARNING:Xst:1896 - Due to other FF/Latch trimming, FF/Latch <now1_5> has a constant value of 0 in block <id_fsm>. This FF/Latch will be trimmed during the optimization process.
WARNING:Xst:1896 - Due to other FF/Latch trimming, FF/Latch <now1_6> has a constant value of 0 in block <id_fsm>. This FF/Latch will be trimmed during the optimization process.
WARNING:Xst:1896 - Due to other FF/Latch trimming, FF/Latch <now1_7> has a constant value of 0 in block <id_fsm>. This FF/Latch will be trimmed during the optimization process.
WARNING:Xst:1896 - Due to other FF/Latch trimming, FF/Latch <now1_8> has a constant value of 0 in block <id_fsm>. This FF/Latch will be trimmed during the optimization process.
WARNING:Xst:1896 - Due to other FF/Latch trimming, FF/Latch <now1_9> has a constant value of 0 in block <id_fsm>. This FF/Latch will be trimmed during the optimization process.
WARNING:Xst:1896 - Due to other FF/Latch trimming, FF/Latch <now1_10> has a constant value of 0 in block <id_fsm>. This FF/Latch will be trimmed during the optimization process.
WARNING:Xst:1896 - Due to other FF/Latch trimming, FF/Latch <now1_11> has a constant value of 0 in block <id_fsm>. This FF/Latch will be trimmed during the optimization process.
WARNING:Xst:1896 - Due to other FF/Latch trimming, FF/Latch <now1_12> has a constant value of 0 in block <id_fsm>. This FF/Latch will be trimmed during the optimization process.
WARNING:Xst:1896 - Due to other FF/Latch trimming, FF/Latch <now1_13> has a constant value of 0 in block <id_fsm>. This FF/Latch will be trimmed during the optimization process.
WARNING:Xst:1896 - Due to other FF/Latch trimming, FF/Latch <now1_14> has a constant value of 0 in block <id_fsm>. This FF/Latch will be trimmed during the optimization process.
WARNING:Xst:1896 - Due to other FF/Latch trimming, FF/Latch <now1_15> has a constant value of 0 in block <id_fsm>. This FF/Latch will be trimmed during the optimization process.
WARNING:Xst:1896 - Due to other FF/Latch trimming, FF/Latch <now1_16> has a constant value of 0 in block <id_fsm>. This FF/Latch will be trimmed during the optimization process.
WARNING:Xst:1896 - Due to other FF/Latch trimming, FF/Latch <now1_17> has a constant value of 0 in block <id_fsm>. This FF/Latch will be trimmed during the optimization process.
WARNING:Xst:1896 - Due to other FF/Latch trimming, FF/Latch <now1_18> has a constant value of 0 in block <id_fsm>. This FF/Latch will be trimmed during the optimization process.
WARNING:Xst:1896 - Due to other FF/Latch trimming, FF/Latch <now1_19> has a constant value of 0 in block <id_fsm>. This FF/Latch will be trimmed during the optimization process.
WARNING:Xst:1896 - Due to other FF/Latch trimming, FF/Latch <now1_20> has a constant value of 0 in block <id_fsm>. This FF/Latch will be trimmed during the optimization process.
WARNING:Xst:1896 - Due to other FF/Latch trimming, FF/Latch <now1_21> has a constant value of 0 in block <id_fsm>. This FF/Latch will be trimmed during the optimization process.
WARNING:Xst:1896 - Due to other FF/Latch trimming, FF/Latch <now1_22> has a constant value of 0 in block <id_fsm>. This FF/Latch will be trimmed during the optimization process.
WARNING:Xst:1896 - Due to other FF/Latch trimming, FF/Latch <now1_23> has a constant value of 0 in block <id_fsm>. This FF/Latch will be trimmed during the optimization process.
WARNING:Xst:1896 - Due to other FF/Latch trimming, FF/Latch <now1_24> has a constant value of 0 in block <id_fsm>. This FF/Latch will be trimmed during the optimization process.
WARNING:Xst:1896 - Due to other FF/Latch trimming, FF/Latch <now1_25> has a constant value of 0 in block <id_fsm>. This FF/Latch will be trimmed during the optimization process.
WARNING:Xst:1896 - Due to other FF/Latch trimming, FF/Latch <now1_26> has a constant value of 0 in block <id_fsm>. This FF/Latch will be trimmed during the optimization process.
WARNING:Xst:1896 - Due to other FF/Latch trimming, FF/Latch <now1_27> has a constant value of 0 in block <id_fsm>. This FF/Latch will be trimmed during the optimization process.
WARNING:Xst:1896 - Due to other FF/Latch trimming, FF/Latch <now1_28> has a constant value of 0 in block <id_fsm>. This FF/Latch will be trimmed during the optimization process.
WARNING:Xst:1896 - Due to other FF/Latch trimming, FF/Latch <now1_29> has a constant value of 0 in block <id_fsm>. This FF/Latch will be trimmed during the optimization process.
WARNING:Xst:1896 - Due to other FF/Latch trimming, FF/Latch <now1_30> has a constant value of 0 in block <id_fsm>. This FF/Latch will be trimmed during the optimization process.
WARNING:Xst:1896 - Due to other FF/Latch trimming, FF/Latch <now1_31> has a constant value of 0 in block <id_fsm>. This FF/Latch will be trimmed during the optimization process.
WARNING:Xst:2677 - Node <now2_0> of sequential type is unconnected in block <id_fsm>.
WARNING:Xst:2677 - Node <now2_0> of sequential type is unconnected in block <id_fsm>.

Mapping all equations...
Building and optimizing final netlist ...
Found area constraint ratio of 100 (+ 5) on block id_fsm, actual ratio is 0.

Final Macro Processing ...

=========================================================================
Final Register Report

Macro Statistics
# Registers                                            : 2
 Flip-Flops                                            : 2

=========================================================================

=========================================================================
*                           Partition Report                            *
=========================================================================

Partition Implementation Status
-------------------------------

  No Partitions were found in this design.

-------------------------------

=========================================================================
*                            Design Summary                             *
=========================================================================

Top Level Output File Name         : id_fsm.ngc

Primitive and Black Box Usage:
------------------------------
# BELS                             : 5
#      LUT3                        : 2
#      LUT6                        : 3
# FlipFlops/Latches                : 2
#      FD                          : 2
# Clock Buffers                    : 1
#      BUFGP                       : 1
# IO Buffers                       : 9
#      IBUF                        : 8
#      OBUF                        : 1

Device utilization summary:
---------------------------

Selected Device : 7a100tcsg324-3 


Slice Logic Utilization: 
 Number of Slice Registers:               2  out of  126800     0%  
 Number of Slice LUTs:                    5  out of  63400     0%  
    Number used as Logic:                 5  out of  63400     0%  

Slice Logic Distribution: 
 Number of LUT Flip Flop pairs used:      7
   Number with an unused Flip Flop:       5  out of      7    71%  
   Number with an unused LUT:             2  out of      7    28%  
   Number of fully used LUT-FF pairs:     0  out of      7     0%  
   Number of unique control sets:         1

IO Utilization: 
 Number of IOs:                          10
 Number of bonded IOBs:                  10  out of    210     4%  

Specific Feature Utilization:
 Number of BUFG/BUFGCTRLs:                1  out of     32     3%  

---------------------------
Partition Resource Summary:
---------------------------

  No Partitions were found in this design.

---------------------------


=========================================================================
Timing Report

NOTE: THESE TIMING NUMBERS ARE ONLY A SYNTHESIS ESTIMATE.
      FOR ACCURATE TIMING INFORMATION PLEASE REFER TO THE TRACE REPORT
      GENERATED AFTER PLACE-and-ROUTE.

Clock Information:
------------------
-----------------------------------+------------------------+-------+
Clock Signal                       | Clock buffer(FF name)  | Load  |
-----------------------------------+------------------------+-------+
clk                                | BUFGP                  | 2     |
-----------------------------------+------------------------+-------+

Asynchronous Control Signals Information:
----------------------------------------
No asynchronous control signals found in this design

Timing Summary:
---------------
Speed Grade: -3

   Minimum period: 0.766ns (Maximum Frequency: 1306.336MHz)
   Minimum input arrival time before clock: 1.594ns
   Maximum output required time after clock: 0.640ns
   Maximum combinational path delay: No path found

Timing Details:
---------------
All values displayed in nanoseconds (ns)

=========================================================================
Timing constraint: Default period analysis for Clock 'clk'
  Clock period: 0.766ns (frequency: 1306.336MHz)
  Total number of paths / destination ports: 2 / 2
-------------------------------------------------------------------------
Delay:               0.766ns (Levels of Logic = 1)
  Source:            now1_0 (FF)
  Destination:       out (FF)
  Source Clock:      clk rising
  Destination Clock: clk rising

  Data Path: now1_0 to out
                                Gate     Net
    Cell:in->out      fanout   Delay   Delay  Logical Name (Net Name)
    ----------------------------------------  ------------
     FD:C->Q               2   0.361   0.299  now1_0 (now1_0)
     LUT6:I5->O            1   0.097   0.000  Mmux_GND_1_o_now1[31]_mux_15_OUT13 (GND_1_o_now1[31]_mux_15_OUT<0>)
     FD:D                      0.008          now1_0
    ----------------------------------------
    Total                      0.766ns (0.466ns logic, 0.299ns route)
                                       (60.9% logic, 39.1% route)

=========================================================================
Timing constraint: Default OFFSET IN BEFORE for Clock 'clk'
  Total number of paths / destination ports: 19 / 2
-------------------------------------------------------------------------
Offset:              1.594ns (Levels of Logic = 3)
  Source:            char<6> (PAD)
  Destination:       now1_0 (FF)
  Destination Clock: clk rising

  Data Path: char<6> to now1_0
                                Gate     Net
    Cell:in->out      fanout   Delay   Delay  Logical Name (Net Name)
    ----------------------------------------  ------------
     IBUF:I->O             2   0.001   0.697  char_6_IBUF (char_6_IBUF)
     LUT6:I0->O            1   0.097   0.693  Mmux_GND_1_o_now1[31]_mux_15_OUT11 (Mmux_GND_1_o_now1[31]_mux_15_OUT1)
     LUT6:I0->O            1   0.097   0.000  Mmux_GND_1_o_now1[31]_mux_15_OUT13 (GND_1_o_now1[31]_mux_15_OUT<0>)
     FD:D                      0.008          now1_0
    ----------------------------------------
    Total                      1.594ns (0.203ns logic, 1.391ns route)
                                       (12.7% logic, 87.3% route)

=========================================================================
Timing constraint: Default OFFSET OUT AFTER for Clock 'clk'
  Total number of paths / destination ports: 1 / 1
-------------------------------------------------------------------------
Offset:              0.640ns (Levels of Logic = 1)
  Source:            out (FF)
  Destination:       out (PAD)
  Source Clock:      clk rising

  Data Path: out to out
                                Gate     Net
    Cell:in->out      fanout   Delay   Delay  Logical Name (Net Name)
    ----------------------------------------  ------------
     FD:C->Q               1   0.361   0.279  out (out_OBUF)
     OBUF:I->O                 0.000          out_OBUF (out)
    ----------------------------------------
    Total                      0.640ns (0.361ns logic, 0.279ns route)
                                       (56.4% logic, 43.6% route)

=========================================================================

Cross Clock Domains Report:
--------------------------

Clock to Setup on destination clock clk
---------------+---------+---------+---------+---------+
               | Src:Rise| Src:Fall| Src:Rise| Src:Fall|
Source Clock   |Dest:Rise|Dest:Rise|Dest:Fall|Dest:Fall|
---------------+---------+---------+---------+---------+
clk            |    0.766|         |         |         |
---------------+---------+---------+---------+---------+

=========================================================================


Total REAL time to Xst completion: 10.00 secs
Total CPU time to Xst completion: 9.15 secs
 
--> 

Total memory usage is 4625896 kilobytes

Number of errors   :    0 (   0 filtered)
Number of warnings :   64 (   0 filtered)
Number of infos    :    0 (   0 filtered)

