@00003000: $28 <= 00000000
@00003004: $29 <= 00000000
@00003008: $16 <= 00000000
@0000300c: *00000848 <= 00000000
@00003010: *00000c48 <= 00000000
@00003014: $23 <= 00000000
@00003018: $ 6 <= 00006a9e
@0000301c: $ 6 <= a6740000
@00003020: $23 <= 00000000
@00003024: $16 <= a6740000
@00003028: $16 <= 00000000
@0000302c: $16 <= 00000000
@00003030: $23 <= a674156e
@00003038: $ 6 <= 0000156e
@00003040: *00000284 <= 0000156e
@00003044: $16 <= a674b77e
@00003048: $31 <= 00003050
@0000304c: $23 <= 0000000c
@00003054: $23 <= 0000305c
@0000305c: *000008a4 <= 0000305c
@0000305c: *000008a4 <= 0000305c
@00003060: $ 6 <= 00000000
@00003068: $23 <= 52a50000
@0000306c: $16 <= 8ac00000
@00003070: *00000064 <= 52a50000
@00003074: *00000478 <= 8ac00000
@00003078: $ 6 <= 00000000
@00003080: $ 6 <= 0000156e
@00003088: $23 <= dd650000
@0000308c: $23 <= 15800000
@00003094: $ 6 <= 1580156e
@0000309c: $ 6 <= 158035fe
@000030a0: $16 <= 15800000
@000030a4: *00000b44 <= 158035fe
@000030ac: $23 <= eb720000
@000030b4: $23 <= 2a0e0000
@000030bc: $ 6 <= 2a0e9c4b
@000030c4: $ 6 <= 00000000
@000030cc: $ 6 <= 148e0000
@000030d4: $ 6 <= 148e0000
@000030d8: $23 <= 00000000
@000030dc: $23 <= 148e44d4
@000030e0: $16 <= 00000000
@000030e4: $23 <= 148e8518
@000030e8: *00000990 <= 148e8518
@000030ec: $ 6 <= 148e0000
@000030f0: $23 <= 148e8518
@000030f8: $23 <= 148ecf1c
@00003100: $23 <= 148ea4d4
@00003104: *00000ddc <= 148e0000
@00003108: $ 6 <= eb720000
@0000310c: $23 <= 00000000
@00003110: $23 <= 00000000
@00003114: $31 <= 0000311c
@00003118: $23 <= 0000000c
@00003120: $23 <= 00003128
@00003128: $ 6 <= 2bf00000
@00003128: $ 6 <= 2bf00000
@0000312c: $ 6 <= 00000000
@00003130: $31 <= 00003138
@00003134: $ 6 <= 0000000c
@0000313c: $ 6 <= 00003144
@00003144: $ 6 <= 00000000
@00003144: $ 6 <= 00000000
@00003148: $31 <= 00003150
@0000314c: $ 6 <= 0000000c
@00003154: $ 6 <= 0000315c
@0000315c: $16 <= c9dd0000
@0000315c: $16 <= c9dd0000
@00003160: $31 <= 00003168
@00003164: $16 <= 0000000c
@0000316c: $16 <= 00003174
@00003174: $ 6 <= 0000f3b9
@00003174: $ 6 <= 0000f3b9
@00003178: $31 <= 00003180
@0000317c: $23 <= 0000000c
@00003184: $23 <= 0000318c
@0000318c: $16 <= 00006318
@0000318c: $16 <= 00006318
@00003190: $31 <= 00003198
@00003194: $16 <= 0000000c
@0000319c: $16 <= 000031a4
@000031a4: $ 6 <= 0000fbb7
@000031a4: $ 6 <= 0000fbb7
@000031a8: $23 <= 00000000
@000031b0: $23 <= 00000000
@000031b8: $23 <= ffff0449
@000031bc: $31 <= 000031c4
@000031c0: $16 <= 0000000c
@000031c8: $16 <= 000031d0
@000031d0: *00000c68 <= 0000fbb7
@000031d0: *00000c68 <= 0000fbb7
@000031d4: $23 <= 00012d87
@000031d8: $23 <= 0002293e
@000031dc: $23 <= 0004527c
@000031e0: *00000a14 <= 0004527c
@000031e4: $31 <= 000031ec
@000031e8: $ 6 <= 0000000c
@000031f0: $ 6 <= 000031f8
@000031f8: *00000948 <= 000031f8
@000031f8: *00000948 <= 000031f8
@000031fc: $31 <= 00003204
@00003200: $16 <= 0000000c
@00003208: $16 <= 00003210
@00003210: *00000f0c <= 0004527c
@00003210: *00000f0c <= 0004527c
@00003214: *000000c8 <= 0004527c
@00003218: *000004f4 <= 00003210
@0000321c: $23 <= b4d80000
@00003224: $16 <= 032a0000
@00003228: $23 <= fcd631f8
@0000322c: $23 <= 032a0000
@00003230: $23 <= 0329ce08
@00003234: $16 <= 2e690000
@00003238: $ 6 <= 2e69d324
@0000323c: $23 <= abb90000
@00003240: $23 <= 2e69ff6d
@00003248: *000004e4 <= 2e690000
@0000324c: $16 <= 5cd2d324
@00003250: $16 <= c4b90000
@00003254: $ 6 <= 2e69ffff
@00003258: $16 <= 32aa0000
@0000325c: $ 6 <= 20b40000
@00003260: $31 <= 00003268
@00003264: $23 <= 0000000c
@0000326c: $23 <= 00003274
@00003274: $ 6 <= 20b4ca1a
@00003274: $ 6 <= 20b4ca1a
@00003278: $23 <= 00000000
@0000327c: $23 <= 00003b77
@00003284: *00000ea0 <= 32aa0000
@0000328c: $23 <= 31f40000
@00003294: $16 <= 113f35e6
@00003298: $23 <= e6a90000
@0000329c: $16 <= 00000000
@000032a0: $23 <= fa5d0000
@000032a8: $16 <= 00000000
@000032b0: *00000180 <= 00000000
@000032b8: *00000ddc <= fa5d0000
@000032c0: $ 6 <= ee5d0000
@000032c4: $16 <= 74110000
@000032cc: $23 <= 864c0000
@000032d4: $16 <= 00000000
@000032d8: $16 <= 864c133b
@000032e0: $23 <= eb810000
@000032e8: $23 <= 00000000
@000032ec: $31 <= 000032f4
@000032f0: $23 <= 0000000c
@000032f8: $23 <= 00003300
@00003300: $16 <= ee5dd178
@00003300: $16 <= ee5dd178
@00003304: $23 <= dcbad178
@00003308: $ 6 <= 60260000
@00003310: $23 <= dcbadffb
@00003318: *0000078c <= dcbadffb
@0000331c: $ 6 <= 00000000
@00003324: $ 6 <= 00000000
@00003328: $16 <= dcbadffb
@0000332c: *00000ddc <= 00000000
@00003330: $23 <= dcbadffb
@00003334: $ 6 <= dcbadffb
@00003338: $ 6 <= 00000000
@0000333c: $ 6 <= b975bff6
@00003344: $16 <= 00000000
@0000334c: $ 6 <= 0000059b
@00003354: $16 <= 23452005
@0000335c: *000004d4 <= 23452005
@00003360: $23 <= 00000000
@00003364: $ 6 <= 00000000
@00003368: $16 <= dcbadffb
@0000336c: *00000178 <= 00000000
@00003370: $ 6 <= 00000000
@00003374: $16 <= 6a570000
@0000337c: *00000344 <= 00000000
@00003380: $16 <= d4ae0000
@00003384: $23 <= 00000000
@00003388: $ 6 <= 00000000
@0000338c: $31 <= 00003394
@00003390: $23 <= 0000000c
@00003398: $23 <= 000033a0
@000033a0: *000007e0 <= 000033a0
@000033a0: *000007e0 <= 000033a0
@000033a4: $ 6 <= d4ae33a0
@000033a8: *0000028c <= 000033a0
@000033b0: $16 <= 00000000
@000033b4: $16 <= ffffcc60
@000033b8: $23 <= 10620000
@000033c0: $16 <= fa610000
@000033c8: $ 6 <= 3bb3cc60
@000033d0: $ 6 <= 3614cc60
@000033d4: $23 <= 3614cf7a
@000033d8: $ 6 <= 00000000
@000033dc: $ 6 <= 3614dffe
@000033e0: $23 <= 6b410000
@000033e4: $ 6 <= 3614dfff
@000033e8: $ 6 <= 03e20000
@000033ec: $16 <= 6b41c374
@000033f4: $23 <= 03e25bb5
@000033fc: $16 <= 6b41ffff
@00003400: $ 6 <= 6b41ffff
@00003404: $31 <= 0000340c
@00003408: $ 6 <= 0000000c
@00003410: $ 6 <= 00003418
@00003418: $16 <= 637d4895
@00003418: $16 <= 675fa44a
@0000341c: $31 <= 00003424
@00003420: $ 6 <= 0000000c
@00003428: $ 6 <= 00003430
@00003430: $16 <= 000074f9
@00003430: $16 <= 000074f9
@00003434: $23 <= fc1dd87b
@0000343c: $16 <= fc1e4d74
@00003440: $23 <= 00006860
@00003444: $ 6 <= f83c9ae8
@00003448: $23 <= 15930000
@0000344c: $23 <= 11b14d74
@00003450: $ 6 <= 00000000
@00003454: $23 <= 00000000
@00003458: $ 6 <= 00000000
@00003460: $16 <= fc1e4d74
@00003464: $23 <= 00000000
@00003468: $ 6 <= 00002c82
@0000346c: $23 <= 03e1df0e
@00003470: $23 <= 00000000
@00003478: $16 <= 0000e849
@00003480: *0000090c <= 00000000
@00003484: $23 <= 0000e849
@00003488: $23 <= 00000000
@0000348c: $ 6 <= 00007fc2
@00003490: $23 <= c6490000
@00003494: $ 6 <= c648803e
@0000349c: $16 <= 86f90000
@000034a4: $16 <= 00000000
@000034a8: $16 <= 39b77fc2
@000034ac: $23 <= 3b4f0000
@000034b0: $16 <= 8c91007c
@000034b4: $16 <= 00000000
@000034bc: *000007e4 <= c648803e
@000034c4: $16 <= d9190000
@000034c8: *00000288 <= d9190000
@000034cc: $16 <= 75067fc2
@000034d0: *000004a8 <= 3b4f0000
@000034d8: $23 <= 00000000
@000034e0: $23 <= 00000000
@000034e4: $23 <= 00000000
@000034e8: $ 6 <= 0000c930
@000034f0: $16 <= ffff36d0
@000034f8: $ 6 <= 1c560000
@000034fc: $31 <= 00003504
@00003500: $16 <= 0000000c
@00003508: $16 <= 00003510
@00003510: $16 <= 0000c2b2
@00003510: $16 <= 0000c2b2
@00003514: $23 <= 0000392d
@00003518: *00000138 <= 0000c2b2
@0000351c: $23 <= 0000fbdf
@00003520: $31 <= 00003528
@00003524: $23 <= 0000000c
@0000352c: $23 <= 00003534
@00003534: $16 <= 00000000
@00003534: $16 <= 00000000
@00003538: *00000b64 <= 00000000
@0000353c: $16 <= 1c5608f4
@00003544: *00000d14 <= 1c560000
@00003548: $23 <= 38ac0000
@0000354c: $16 <= 1c56a4e6
@00003550: $31 <= 00003558
@00003554: $16 <= 0000000c
@0000355c: $16 <= 00003564
@00003564: *00000898 <= 00003564
@00003564: *00000898 <= 00003564
@00003568: $23 <= 38aceb5b
@00003570: $23 <= c35a0000
@00003578: $23 <= 1c563564
@0000357c: *00000058 <= 1c560000
@00003580: $ 6 <= 12970000
@00003584: $16 <= 00000000
@00003588: $23 <= 2eed3564
@0000358c: *00000520 <= 12970000
@00003594: *0000014c <= 2eed3564
@0000359c: $ 6 <= 0000c8bf
@000035a0: $ 6 <= 00000000
@000035a4: $16 <= 00001ad5
@000035a8: $31 <= 000035b0
@000035ac: $ 6 <= 0000000c
@000035b4: $ 6 <= 000035bc
@000035bc: $ 6 <= fc5f0000
@000035bc: $ 6 <= fc5f0000
@000035c4: $ 6 <= 000035aa
@000035cc: $16 <= 2eed6b0e
@000035d0: $31 <= 000035d8
@000035d4: $23 <= 0000000c
@000035dc: $23 <= 000035e4
@000035e4: $23 <= 5fc50000
@000035e4: $23 <= 5fc50000
@000035e8: $16 <= 00000000
@000035ec: $23 <= 0000bdfa
@000035f0: $16 <= 0000bdfa
@000035f8: *00000d60 <= 0000bdfa
@00003600: $23 <= 00000000
@00003604: $23 <= 0000f3a4
@00003608: $ 6 <= db290000
@0000360c: $16 <= db29cf96
@00003610: $ 6 <= 00000000
@00003614: *00000418 <= db29cf96
@00003618: $16 <= db28dbf2
@0000361c: $31 <= 00003624
@00003620: $ 6 <= 0000000c
@00003628: $ 6 <= 00003630
@00003630: $23 <= 24d75a3e
@00003630: $23 <= 24d75a3e
@00003634: *000004e0 <= db28dbf2
@00003638: $16 <= db28fbfe
@0000363c: $16 <= 0000f736
@00003640: $23 <= 000037f1
@00003644: $ 6 <= 00000000
@00003648: $16 <= 000037fd
@0000364c: $ 6 <= 0000f7fb
@00003650: $16 <= 00012fec
@00003658: $ 6 <= 0000f7ff
@0000365c: *00000b40 <= 0000f7ff
@00003660: $23 <= f2e80000
@00003664: $ 6 <= 00000000
@00003668: $23 <= 00000000
@00003670: $23 <= 00000000
@00003678: $16 <= 00000000
@0000367c: $16 <= 00000000
@00003680: $23 <= 00000000
@00003684: *00000e18 <= 00000000
@00003688: $31 <= 00003690
@0000368c: $ 6 <= 0000000c
@00003694: $ 6 <= 0000369c
@0000369c: $16 <= 0000369c
@0000369c: $16 <= 0000369c
@000036a0: *000003d8 <= 0000369c
@000036a8: $16 <= 0000fe9e
@000036ac: $16 <= ffff0162
@000036b0: $ 6 <= ffff0972
@000036b4: $ 6 <= ffff3f7b
@000036b8: $ 6 <= ffff3f7b
@000036bc: $ 6 <= 00000000
@000036c0: $ 6 <= ffff0162
@000036c4: $16 <= fffe02c4
@000036c8: $16 <= fffe36dd
@000036cc: *00000908 <= 00000000
@000036d4: $16 <= 00000000
@000036dc: $ 6 <= 0000a15c
@000036e0: *000005d4 <= 00000000
@000036e4: *00000194 <= 0000a15c
@000036e8: *00000d58 <= 00000000
@000036f0: *00000c30 <= 00000000
@000036f4: $16 <= 000142b8
@000036f8: $ 6 <= 72780000
