WARNING: D:\verilog\P5/IFU.v:37: $readmemh: Standard inconsistency, following 1364-2005.
WARNING: D:\verilog\P5/IFU.v:37: $readmemh(code.txt): Not enough words in the file for the requested range [0:1023].
                 145@00003000: $28 <= 00000000
                 155@00003004: $29 <= 00000000
                 165@0000300c: *00000848 <= 00000000
                 165@00003008: $16 <= 00000000
                 175@00003010: *00000c48 <= 00000000
                 195@00003014: $23 <= 00000000
                 205@00003018: $ 6 <= 00006a9e
                 215@0000301c: $ 6 <= a6740000
                 225@00003020: $23 <= 00000000
                 235@00003024: $16 <= a6740000
                 245@00003028: $16 <= 00000000
                 255@0000302c: $16 <= 00000000
                 265@00003030: $23 <= a674156e
                 285@00003040: *00000284 <= 0000156e
                 285@00003038: $ 6 <= 0000156e
                 305@00003044: $16 <= a674b77e
                 315@00003048: $31 <= 00003050
                 325@0000304c: $23 <= 0000000c
                 335@00003054: $23 <= 0000305c
                 355@0000305c: *000008a4 <= 0000305c
                 365@0000305c: *000008a4 <= 0000305c
                 385@00003060: $ 6 <= 00000000
                 425@00003068: $23 <= 52a50000
                 435@0000306c: $16 <= 8ac00000
                 435@00003070: *00000064 <= 52a50000
                 445@00003074: *00000478 <= 8ac00000
                 465@00003078: $ 6 <= 00000000
                 485@00003080: $ 6 <= 0000156e
                 495@00003088: $23 <= dd650000
                 505@0000308c: $23 <= 15800000
                 525@00003094: $ 6 <= 1580156e
                 535@0000309c: $ 6 <= 158035fe
                 545@000030a4: *00000b44 <= 158035fe
                 545@000030a0: $16 <= 15800000
                 575@000030ac: $23 <= eb720000
                 585@000030b4: $23 <= 2a0e0000
                 605@000030bc: $ 6 <= 2a0e9c4b
                 615@000030c4: $ 6 <= 00000000
                 635@000030cc: $ 6 <= 148e0000
                 645@000030d4: $ 6 <= 148e0000
                 655@000030d8: $23 <= 00000000
                 665@000030dc: $23 <= 148e44d4
                 675@000030e0: $16 <= 00000000
                 685@000030e8: *00000990 <= 148e8518
                 685@000030e4: $23 <= 148e8518
                 705@000030ec: $ 6 <= 148e0000
                 715@000030f0: $23 <= 148e8518
                 735@000030f8: $23 <= 148ecf1c
                 745@00003104: *00000ddc <= 148e0000
                 745@00003100: $23 <= 148ea4d4
                 765@00003108: $ 6 <= eb720000
                 775@0000310c: $23 <= 00000000
                 785@00003110: $23 <= 00000000
                 795@00003114: $31 <= 0000311c
                 805@00003118: $23 <= 0000000c
                 815@00003120: $23 <= 00003128
                 845@00003128: $ 6 <= 2bf00000
                 855@00003128: $ 6 <= 2bf00000
                 865@0000312c: $ 6 <= 00000000
                 875@00003130: $31 <= 00003138
                 885@00003134: $ 6 <= 0000000c
                 895@0000313c: $ 6 <= 00003144
                 925@00003144: $ 6 <= 00000000
                 935@00003144: $ 6 <= 00000000
                 945@00003148: $31 <= 00003150
                 955@0000314c: $ 6 <= 0000000c
                 965@00003154: $ 6 <= 0000315c
                 995@0000315c: $16 <= c9dd0000
                1005@0000315c: $16 <= c9dd0000
                1015@00003160: $31 <= 00003168
                1025@00003164: $16 <= 0000000c
                1035@0000316c: $16 <= 00003174
                1065@00003174: $ 6 <= 0000f3b9
                1075@00003174: $ 6 <= 0000f3b9
                1085@00003178: $31 <= 00003180
                1095@0000317c: $23 <= 0000000c
                1105@00003184: $23 <= 0000318c
                1135@0000318c: $16 <= 00006318
                1145@0000318c: $16 <= 00006318
                1155@00003190: $31 <= 00003198
                1165@00003194: $16 <= 0000000c
                1175@0000319c: $16 <= 000031a4
                1205@000031a4: $ 6 <= 0000fbb7
                1215@000031a4: $ 6 <= 0000fbb7
                1225@000031a8: $23 <= 00000000
                1245@000031b0: $23 <= 00000000
                1255@000031b8: $23 <= ffff0449
                1265@000031bc: $31 <= 000031c4
                1275@000031c0: $16 <= 0000000c
                1285@000031c8: $16 <= 000031d0
                1305@000031d0: *00000c68 <= 0000fbb7
                1315@000031d0: *00000c68 <= 0000fbb7
                1335@000031d4: $23 <= 00012d87
                1345@000031d8: $23 <= 0002293e
                1355@000031dc: $23 <= 0004527c
                1355@000031e0: *00000a14 <= 0004527c
                1375@000031e4: $31 <= 000031ec
                1385@000031e8: $ 6 <= 0000000c
                1395@000031f0: $ 6 <= 000031f8
                1415@000031f8: *00000948 <= 000031f8
                1425@000031f8: *00000948 <= 000031f8
                1445@000031fc: $31 <= 00003204
                1455@00003200: $16 <= 0000000c
                1465@00003208: $16 <= 00003210
                1485@00003210: *00000f0c <= 0004527c
                1495@00003210: *00000f0c <= 0004527c
                1505@00003214: *000000c8 <= 0004527c
                1515@00003218: *000004f4 <= 00003210
                1535@0000321c: $23 <= b4d80000
                1565@00003224: $16 <= 032a0000
                1575@00003228: $23 <= fcd631f8
                1585@0000322c: $23 <= 032a0000
                1595@00003230: $23 <= 0329ce08
                1605@00003234: $16 <= 2e690000
                1615@00003238: $ 6 <= 2e69d324
                1625@0000323c: $23 <= abb90000
                1635@00003240: $23 <= 2e69ff6d
                1655@00003248: *000004e4 <= 2e690000
                1675@0000324c: $16 <= 5cd2d324
                1685@00003250: $16 <= c4b90000
                1695@00003254: $ 6 <= 2e69ffff
                1705@00003258: $16 <= 32aa0000
                1715@0000325c: $ 6 <= 20b40000
                1725@00003260: $31 <= 00003268
                1735@00003264: $23 <= 0000000c
                1745@0000326c: $23 <= 00003274
                1775@00003274: $ 6 <= 20b4ca1a
                1785@00003274: $ 6 <= 20b4ca1a
                1795@00003278: $23 <= 00000000
                1815@0000327c: $23 <= 00003b77
                1825@00003284: *00000ea0 <= 32aa0000
                1845@0000328c: $23 <= 31f40000
                1875@00003294: $16 <= 113f35e6
                1885@00003298: $23 <= e6a90000
                1895@0000329c: $16 <= 00000000
                1905@000032a0: $23 <= fa5d0000
                1925@000032b0: *00000180 <= 00000000
                1925@000032a8: $16 <= 00000000
                1945@000032b8: *00000ddc <= fa5d0000
                1965@000032c0: $ 6 <= ee5d0000
                1975@000032c4: $16 <= 74110000
                1995@000032cc: $23 <= 864c0000
                2005@000032d4: $16 <= 00000000
                2015@000032d8: $16 <= 864c133b
                2035@000032e0: $23 <= eb810000
                2045@000032e8: $23 <= 00000000
                2055@000032ec: $31 <= 000032f4
                2065@000032f0: $23 <= 0000000c
                2075@000032f8: $23 <= 00003300
                2105@00003300: $16 <= ee5dd178
                2115@00003300: $16 <= ee5dd178
                2125@00003304: $23 <= dcbad178
                2135@00003308: $ 6 <= 60260000
                2165@00003318: *0000078c <= dcbadffb
                2165@00003310: $23 <= dcbadffb
                2185@0000331c: $ 6 <= 00000000
                2225@00003324: $ 6 <= 00000000
                2245@0000332c: *00000ddc <= 00000000
                2245@00003328: $16 <= dcbadffb
                2265@00003330: $23 <= dcbadffb
                2275@00003334: $ 6 <= dcbadffb
                2285@00003338: $ 6 <= 00000000
                2295@0000333c: $ 6 <= b975bff6
                2315@00003344: $16 <= 00000000
                2335@0000334c: $ 6 <= 0000059b
                2355@00003354: $16 <= 23452005
                2355@0000335c: *000004d4 <= 23452005
                2375@00003360: $23 <= 00000000
                2385@00003364: $ 6 <= 00000000
                2405@0000336c: *00000178 <= 00000000
                2405@00003368: $16 <= dcbadffb
                2425@00003370: $ 6 <= 00000000
                2435@00003374: $16 <= 6a570000
                2455@0000337c: *00000344 <= 00000000
                2475@00003380: $16 <= d4ae0000
                2485@00003384: $23 <= 00000000
                2495@00003388: $ 6 <= 00000000
                2505@0000338c: $31 <= 00003394
                2515@00003390: $23 <= 0000000c
                2525@00003398: $23 <= 000033a0
                2545@000033a0: *000007e0 <= 000033a0
                2555@000033a0: *000007e0 <= 000033a0
                2575@000033a4: $ 6 <= d4ae33a0
                2575@000033a8: *0000028c <= 000033a0
                2605@000033b0: $16 <= 00000000
                2625@000033b4: $16 <= ffffcc60
                2635@000033b8: $23 <= 10620000
                2655@000033c0: $16 <= fa610000
                2665@000033c8: $ 6 <= 3bb3cc60
                2695@000033d0: $ 6 <= 3614cc60
                2705@000033d4: $23 <= 3614cf7a
                2715@000033d8: $ 6 <= 00000000
                2725@000033dc: $ 6 <= 3614dffe
                2735@000033e0: $23 <= 6b410000
                2745@000033e4: $ 6 <= 3614dfff
                2755@000033e8: $ 6 <= 03e20000
                2765@000033ec: $16 <= 6b41c374
                2785@000033f4: $23 <= 03e25bb5
                2795@000033fc: $16 <= 6b41ffff
                2805@00003400: $ 6 <= 6b41ffff
                2815@00003404: $31 <= 0000340c
                2825@00003408: $ 6 <= 0000000c
                2835@00003410: $ 6 <= 00003418
                2865@00003418: $16 <= 675fa44a
                2875@00003418: $16 <= 637d4895
                2885@0000341c: $31 <= 00003424
                2895@00003420: $ 6 <= 0000000c
                2905@00003428: $ 6 <= 00003430
                2935@00003430: $16 <= 000074f9
                2945@00003430: $16 <= 000074f9
                2955@00003434: $23 <= fc1dd87b
                2985@0000343c: $16 <= fc1e4d74
                2995@00003440: $23 <= 00006860
                3005@00003444: $ 6 <= f83c9ae8
                3015@00003448: $23 <= 15930000
                3025@0000344c: $23 <= 11b14d74
                3035@00003450: $ 6 <= 00000000
                3045@00003454: $23 <= 00000000
                3065@00003458: $ 6 <= 00000000
                3095@00003460: $16 <= fc1e4d74
                3105@00003464: $23 <= 00000000
                3115@00003468: $ 6 <= 00002c82
                3125@0000346c: $23 <= 03e1df0e
                3135@00003470: $23 <= 00000000
                3175@00003478: $16 <= 0000e849
                3175@00003480: *0000090c <= 00000000
                3195@00003484: $23 <= 0000e849
                3205@00003488: $23 <= 00000000
                3215@0000348c: $ 6 <= 00007fc2
                3225@00003490: $23 <= c6490000
                3235@00003494: $ 6 <= c648803e
                3255@0000349c: $16 <= 86f90000
                3265@000034a4: $16 <= 00000000
                3285@000034a8: $16 <= 39b77fc2
                3295@000034ac: $23 <= 3b4f0000
                3305@000034b0: $16 <= 8c91007c
                3315@000034b4: $16 <= 00000000
                3325@000034bc: *000007e4 <= c648803e
                3345@000034c8: *00000288 <= d9190000
                3345@000034c4: $16 <= d9190000
                3365@000034d0: *000004a8 <= 3b4f0000
                3365@000034cc: $16 <= 75067fc2
                3395@000034d8: $23 <= 00000000
                3405@000034e0: $23 <= 00000000
                3415@000034e4: $23 <= 00000000
                3425@000034e8: $ 6 <= 0000c930
                3455@000034f0: $16 <= ffff36d0
                3465@000034f8: $ 6 <= 1c560000
                3475@000034fc: $31 <= 00003504
                3485@00003500: $16 <= 0000000c
                3495@00003508: $16 <= 00003510
                3525@00003510: $16 <= 0000c2b2
                3535@00003510: $16 <= 0000c2b2
                3545@00003518: *00000138 <= 0000c2b2
                3545@00003514: $23 <= 0000392d
                3565@0000351c: $23 <= 0000fbdf
                3575@00003520: $31 <= 00003528
                3585@00003524: $23 <= 0000000c
                3595@0000352c: $23 <= 00003534
                3625@00003534: $16 <= 00000000
                3635@00003534: $16 <= 00000000
                3635@00003538: *00000b64 <= 00000000
                3655@0000353c: $16 <= 1c5608f4
                3675@00003544: *00000d14 <= 1c560000
                3695@00003548: $23 <= 38ac0000
                3705@0000354c: $16 <= 1c56a4e6
                3715@00003550: $31 <= 00003558
                3725@00003554: $16 <= 0000000c
                3735@0000355c: $16 <= 00003564
                3755@00003564: *00000898 <= 00003564
                3765@00003564: *00000898 <= 00003564
                3785@00003568: $23 <= 38aceb5b
                3805@00003570: $23 <= c35a0000
                3815@00003578: $23 <= 1c563564
                3815@0000357c: *00000058 <= 1c560000
                3835@00003580: $ 6 <= 12970000
                3845@00003584: $16 <= 00000000
                3855@00003588: $23 <= 2eed3564
                3855@0000358c: *00000520 <= 12970000
                3875@00003594: *0000014c <= 2eed3564
                3895@0000359c: $ 6 <= 0000c8bf
                3905@000035a0: $ 6 <= 00000000
                3915@000035a4: $16 <= 00001ad5
                3925@000035a8: $31 <= 000035b0
                3935@000035ac: $ 6 <= 0000000c
                3945@000035b4: $ 6 <= 000035bc
                3975@000035bc: $ 6 <= fc5f0000
                3985@000035bc: $ 6 <= fc5f0000
                4005@000035c4: $ 6 <= 000035aa
                4015@000035cc: $16 <= 2eed6b0e
                4025@000035d0: $31 <= 000035d8
                4035@000035d4: $23 <= 0000000c
                4045@000035dc: $23 <= 000035e4
                4075@000035e4: $23 <= 5fc50000
                4085@000035e4: $23 <= 5fc50000
                4095@000035e8: $16 <= 00000000
                4105@000035ec: $23 <= 0000bdfa
                4115@000035f0: $16 <= 0000bdfa
                4125@000035f8: *00000d60 <= 0000bdfa
                4145@00003600: $23 <= 00000000
                4155@00003604: $23 <= 0000f3a4
                4165@00003608: $ 6 <= db290000
                4175@0000360c: $16 <= db29cf96
                4185@00003614: *00000418 <= db29cf96
                4185@00003610: $ 6 <= 00000000
                4205@00003618: $16 <= db28dbf2
                4215@0000361c: $31 <= 00003624
                4225@00003620: $ 6 <= 0000000c
                4235@00003628: $ 6 <= 00003630
                4265@00003630: $23 <= 24d75a3e
                4275@00003630: $23 <= 24d75a3e
                4275@00003634: *000004e0 <= db28dbf2
                4295@00003638: $16 <= db28fbfe
                4305@0000363c: $16 <= 0000f736
                4315@00003640: $23 <= 000037f1
                4325@00003644: $ 6 <= 00000000
                4335@00003648: $16 <= 000037fd
                4345@0000364c: $ 6 <= 0000f7fb
                4355@00003650: $16 <= 00012fec
                4385@0000365c: *00000b40 <= 0000f7ff
                4385@00003658: $ 6 <= 0000f7ff
                4405@00003660: $23 <= f2e80000
                4415@00003664: $ 6 <= 00000000
                4425@00003668: $23 <= 00000000
                4445@00003670: $23 <= 00000000
                4455@00003678: $16 <= 00000000
                4465@0000367c: $16 <= 00000000
                4475@00003680: $23 <= 00000000
                4475@00003684: *00000e18 <= 00000000
                4495@00003688: $31 <= 00003690
                4505@0000368c: $ 6 <= 0000000c
                4515@00003694: $ 6 <= 0000369c
                4545@0000369c: $16 <= 0000369c
                4555@0000369c: $16 <= 0000369c
                4555@000036a0: *000003d8 <= 0000369c
                4585@000036a8: $16 <= 0000fe9e
                4595@000036ac: $16 <= ffff0162
                4605@000036b0: $ 6 <= ffff0972
                4615@000036b4: $ 6 <= ffff3f7b
                4625@000036b8: $ 6 <= ffff3f7b
                4635@000036bc: $ 6 <= 00000000
                4645@000036c0: $ 6 <= ffff0162
                4655@000036c4: $16 <= fffe02c4
                4665@000036cc: *00000908 <= 00000000
                4665@000036c8: $16 <= fffe36dd
                4695@000036d4: $16 <= 00000000
                4705@000036e0: *000005d4 <= 00000000
                4705@000036dc: $ 6 <= 0000a15c
                4715@000036e4: *00000194 <= 0000a15c
                4725@000036e8: *00000d58 <= 00000000
                4745@000036f0: *00000c30 <= 00000000
                4765@000036f4: $16 <= 000142b8
                4775@000036f8: $ 6 <= 72780000
