Release 14.7 - xst P.20131013 (nt64)
Copyright (c) 1995-2013 Xilinx, Inc.  All rights reserved.
--> Parameter TMPDIR set to xst/projnav.tmp


Total REAL time to Xst completion: 0.00 secs
Total CPU time to Xst completion: 0.13 secs
 
--> Parameter xsthdpdir set to xst


Total REAL time to Xst completion: 0.00 secs
Total CPU time to Xst completion: 0.14 secs
 
--> Reading design: top_module.prj

TABLE OF CONTENTS
  1) Synthesis Options Summary
  2) HDL Parsing
  3) HDL Elaboration
  4) HDL Synthesis
       4.1) HDL Synthesis Report
  5) Advanced HDL Synthesis
       5.1) Advanced HDL Synthesis Report
  6) Low Level Synthesis
  7) Partition Report
  8) Design Summary
       8.1) Primitive and Black Box Usage
       8.2) Device utilization summary
       8.3) Partition Resource Summary
       8.4) Timing Report
            8.4.1) Clock Information
            8.4.2) Asynchronous Control Signals Information
            8.4.3) Timing Summary
            8.4.4) Timing Details
            8.4.5) Cross Clock Domains Report


=========================================================================
*                      Synthesis Options Summary                        *
=========================================================================
---- Source Parameters
Input File Name                    : "top_module.prj"
Ignore Synthesis Constraint File   : NO

---- Target Parameters
Output File Name                   : "top_module"
Output Format                      : NGC
Target Device                      : xc7a100t-3-csg324

---- Source Options
Top Module Name                    : top_module
Automatic FSM Extraction           : YES
FSM Encoding Algorithm             : Auto
Safe Implementation                : No
FSM Style                          : LUT
RAM Extraction                     : Yes
RAM Style                          : Auto
ROM Extraction                     : Yes
Shift Register Extraction          : YES
ROM Style                          : Auto
Resource Sharing                   : YES
Asynchronous To Synchronous        : NO
Shift Register Minimum Size        : 2
Use DSP Block                      : Auto
Automatic Register Balancing       : No

---- Target Options
LUT Combining                      : Auto
Reduce Control Sets                : Auto
Add IO Buffers                     : YES
Global Maximum Fanout              : 100000
Add Generic Clock Buffer(BUFG)     : 32
Register Duplication               : YES
Optimize Instantiated Primitives   : NO
Use Clock Enable                   : Auto
Use Synchronous Set                : Auto
Use Synchronous Reset              : Auto
Pack IO Registers into IOBs        : Auto
Equivalent register Removal        : YES

---- General Options
Optimization Goal                  : Speed
Optimization Effort                : 1
Power Reduction                    : NO
Keep Hierarchy                     : No
Netlist Hierarchy                  : As_Optimized
RTL Output                         : Yes
Global Optimization                : AllClockNets
Read Cores                         : YES
Write Timing Constraints           : NO
Cross Clock Analysis               : NO
Hierarchy Separator                : /
Bus Delimiter                      : <>
Case Specifier                     : Maintain
Slice Utilization Ratio            : 100
BRAM Utilization Ratio             : 100
DSP48 Utilization Ratio            : 100
Auto BRAM Packing                  : NO
Slice Utilization Ratio Delta      : 5

=========================================================================


=========================================================================
*                          HDL Parsing                                  *
=========================================================================
Analyzing Verilog file "D:\verilog\hdlLemmings1\top_module.v" into library work
Parsing module <top_module>.

=========================================================================
*                            HDL Elaboration                            *
=========================================================================

Elaborating module <top_module>.

=========================================================================
*                           HDL Synthesis                               *
=========================================================================

Synthesizing Unit <top_module>.
    Related source file is "D:\verilog\hdlLemmings1\top_module.v".
    Found 1-bit register for signal <walk_right>.
    Summary:
	inferred   1 D-type flip-flop(s).
Unit <top_module> synthesized.

=========================================================================
HDL Synthesis Report

Macro Statistics
# Registers                                            : 1
 1-bit register                                        : 1

=========================================================================

=========================================================================
*                       Advanced HDL Synthesis                          *
=========================================================================


=========================================================================
Advanced HDL Synthesis Report

Macro Statistics
# Registers                                            : 1
 Flip-Flops                                            : 1

=========================================================================

=========================================================================
*                         Low Level Synthesis                           *
=========================================================================

Optimizing unit <top_module> ...

Mapping all equations...
Building and optimizing final netlist ...
Found area constraint ratio of 100 (+ 5) on block top_module, actual ratio is 0.

Final Macro Processing ...

=========================================================================
Final Register Report

Macro Statistics
# Registers                                            : 1
 Flip-Flops                                            : 1

=========================================================================

=========================================================================
*                           Partition Report                            *
=========================================================================

Partition Implementation Status
-------------------------------

  No Partitions were found in this design.

-------------------------------

=========================================================================
*                            Design Summary                             *
=========================================================================

Top Level Output File Name         : top_module.ngc

Primitive and Black Box Usage:
------------------------------
# BELS                             : 2
#      INV                         : 1
#      LUT3                        : 1
# FlipFlops/Latches                : 1
#      FDCE                        : 1
# Clock Buffers                    : 1
#      BUFGP                       : 1
# IO Buffers                       : 5
#      IBUF                        : 3
#      OBUF                        : 2

Device utilization summary:
---------------------------

Selected Device : 7a100tcsg324-3 


Slice Logic Utilization: 
 Number of Slice Registers:               1  out of  126800     0%  
 Number of Slice LUTs:                    2  out of  63400     0%  
    Number used as Logic:                 2  out of  63400     0%  

Slice Logic Distribution: 
 Number of LUT Flip Flop pairs used:      3
   Number with an unused Flip Flop:       2  out of      3    66%  
   Number with an unused LUT:             1  out of      3    33%  
   Number of fully used LUT-FF pairs:     0  out of      3     0%  
   Number of unique control sets:         1

IO Utilization: 
 Number of IOs:                           6
 Number of bonded IOBs:                   6  out of    210     2%  

Specific Feature Utilization:
 Number of BUFG/BUFGCTRLs:                1  out of     32     3%  

---------------------------
Partition Resource Summary:
---------------------------

  No Partitions were found in this design.

---------------------------


=========================================================================
Timing Report

NOTE: THESE TIMING NUMBERS ARE ONLY A SYNTHESIS ESTIMATE.
      FOR ACCURATE TIMING INFORMATION PLEASE REFER TO THE TRACE REPORT
      GENERATED AFTER PLACE-and-ROUTE.

Clock Information:
------------------
-----------------------------------+------------------------+-------+
Clock Signal                       | Clock buffer(FF name)  | Load  |
-----------------------------------+------------------------+-------+
clk                                | BUFGP                  | 1     |
-----------------------------------+------------------------+-------+

Asynchronous Control Signals Information:
----------------------------------------
No asynchronous control signals found in this design

Timing Summary:
---------------
Speed Grade: -3

   Minimum period: 1.137ns (Maximum Frequency: 879.198MHz)
   Minimum input arrival time before clock: 0.984ns
   Maximum output required time after clock: 1.047ns
   Maximum combinational path delay: No path found

Timing Details:
---------------
All values displayed in nanoseconds (ns)

=========================================================================
Timing constraint: Default period analysis for Clock 'clk'
  Clock period: 1.137ns (frequency: 879.198MHz)
  Total number of paths / destination ports: 2 / 2
-------------------------------------------------------------------------
Delay:               1.137ns (Levels of Logic = 1)
  Source:            state (FF)
  Destination:       state (FF)
  Source Clock:      clk rising
  Destination Clock: clk rising

  Data Path: state to state
                                Gate     Net
    Cell:in->out      fanout   Delay   Delay  Logical Name (Net Name)
    ----------------------------------------  ------------
     FDCE:C->Q             3   0.361   0.305  state (state)
     LUT3:I2->O            1   0.097   0.279  _n0015_inv1 (_n0015_inv)
     FDCE:CE                   0.095          state
    ----------------------------------------
    Total                      1.137ns (0.553ns logic, 0.584ns route)
                                       (48.6% logic, 51.4% route)

=========================================================================
Timing constraint: Default OFFSET IN BEFORE for Clock 'clk'
  Total number of paths / destination ports: 3 / 2
-------------------------------------------------------------------------
Offset:              0.984ns (Levels of Logic = 2)
  Source:            bump_right (PAD)
  Destination:       state (FF)
  Destination Clock: clk rising

  Data Path: bump_right to state
                                Gate     Net
    Cell:in->out      fanout   Delay   Delay  Logical Name (Net Name)
    ----------------------------------------  ------------
     IBUF:I->O             1   0.001   0.511  bump_right_IBUF (bump_right_IBUF)
     LUT3:I0->O            1   0.097   0.279  _n0015_inv1 (_n0015_inv)
     FDCE:CE                   0.095          state
    ----------------------------------------
    Total                      0.984ns (0.193ns logic, 0.791ns route)
                                       (19.6% logic, 80.4% route)

=========================================================================
Timing constraint: Default OFFSET OUT AFTER for Clock 'clk'
  Total number of paths / destination ports: 2 / 2
-------------------------------------------------------------------------
Offset:              1.047ns (Levels of Logic = 2)
  Source:            state (FF)
  Destination:       walk_left (PAD)
  Source Clock:      clk rising

  Data Path: state to walk_left
                                Gate     Net
    Cell:in->out      fanout   Delay   Delay  Logical Name (Net Name)
    ----------------------------------------  ------------
     FDCE:C->Q             3   0.361   0.289  state (state)
     INV:I->O              2   0.113   0.283  state_state_MUX_3_o1_INV_0 (walk_left_OBUF)
     OBUF:I->O                 0.000          walk_left_OBUF (walk_left)
    ----------------------------------------
    Total                      1.047ns (0.474ns logic, 0.573ns route)
                                       (45.3% logic, 54.7% route)

=========================================================================

Cross Clock Domains Report:
--------------------------

Clock to Setup on destination clock clk
---------------+---------+---------+---------+---------+
               | Src:Rise| Src:Fall| Src:Rise| Src:Fall|
Source Clock   |Dest:Rise|Dest:Rise|Dest:Fall|Dest:Fall|
---------------+---------+---------+---------+---------+
clk            |    1.137|         |         |         |
---------------+---------+---------+---------+---------+

=========================================================================


Total REAL time to Xst completion: 9.00 secs
Total CPU time to Xst completion: 8.87 secs
 
--> 

Total memory usage is 4625904 kilobytes

Number of errors   :    0 (   0 filtered)
Number of warnings :    0 (   0 filtered)
Number of infos    :    0 (   0 filtered)

