WARNING: D:\verilog\P6-2/IFU.v:37: $readmemh: Standard inconsistency, following 1364-2005.
WARNING: D:\verilog\P6-2/IFU.v:37: $readmemh(code.txt): Not enough words in the file for the requested range [0:4095].
                 145@00003000: $ 1 <= 00001234
                 155@00003004: $ 2 <= 78980000
                 165@00003008: $ 3 <= 0f130000
                 175@0000300c: $ 4 <= 78980000
                 185@00003010: $ 5 <= 00000001
                 195@00003014: $ 1 <= 00000020
                 195@00003018: *00000020 <= 78980000
                 205@0000301c: *00000024 <= 78980000
                 215@00003020: *00000028 <= 0f130000
                 225@00003024: *00000020 <= 00000020
                 245@00003028: $ 3 <= 00000020
                 255@0000302c: *00000020 <= 00000000
                 265@00003030: *00000020 <= 00010000
                 275@00003034: *00000024 <= 78980020
                 295@00003038: $ 1 <= 00000000
                 305@0000303c: $ 2 <= 00000000
                 315@00003040: $ 3 <= 00000000
                 325@00003044: $ 4 <= 00000000
                 345@00003048: $ 5 <= 00001234
                 355@0000304c: $ 6 <= 00000000
                 365@00003050: $ 7 <= 00000000
                 375@00003054: $ 1 <= 00000004
                 375@00003058: *00000000 <= 00000004
                 395@0000305c: $ 2 <= 00000004
                 415@00003060: $ 3 <= 00000000
                 425@00003064: $ 4 <= 00000000
                 435@00003068: $ 5 <= 00000004
                 445@0000306c: $31 <= 00003074
                 465@00003078: $ 3 <= 00003078
                 475@0000307c: $ 4 <= 0000000c
                 485@00003080: $31 <= 00003088
                 505@0000308c: $ 1 <= 00000000
                 515@00003090: $ 2 <= 00000000
                 525@00003094: $31 <= 0000309c
                 535@000030a0: *0000248c <= 00000000
                 545@000030a4: *0000248c <= 00000000
                 565@000030a8: $ 1 <= 000030b0
                 585@000030ac: $ 2 <= 000030b4
                 615@000030b4: $ 3 <= 00006168
                 625@000030b8: $ 1 <= 000030c0
                 645@000030bc: $ 2 <= 000030c4
                 675@000030c4: $ 3 <= 00000000
                 685@000030c8: $ 1 <= 000030d0
                 705@000030cc: $ 2 <= 000030d4
                 725@000030d4: *00000004 <= 00000000
                 745@000030d8: $ 1 <= 000030e0
                 765@000030dc: $ 2 <= 000030e4
                 805@000030e8: $ 3 <= 00000004
                 815@000030ec: $ 1 <= 000030f4
                 835@000030f0: $ 2 <= 000030f8
                 865@000030f8: $20 <= 88880000
                 875@000030fc: $ 3 <= 00000000
                 885@00003100: $ 1 <= 00003108
                 905@00003104: $ 2 <= 0000310c
                 935@0000310c: $20 <= 88880000
                 935@00003110: *00000004 <= 00000000
                 955@00003114: $ 1 <= 0000ffff
                 965@00003118: $ 2 <= 12350000
                1045@00003120: $ 1 <= 00001234
                1055@00003124: $ 3 <= 00001240
                1065@00003128: $ 3 <= 00000000
                1075@0000312c: $ 3 <= 12351234
                1085@00003130: $ 2 <= 00001234
                1095@00003134: $ 3 <= 00000004
                1105@00003138: $ 3 <= 00000004
                1115@0000313c: $ 3 <= 00000004
                1125@00003144: *00000000 <= edcb0000
                1125@00003140: $ 2 <= edcb0000
                1135@00003148: *00000000 <= edcb0000
                1145@0000314c: *00000000 <= edcb0000
                1165@00003154: *00000000 <= 00000004
                1165@00003150: $ 2 <= 00001234
                1175@00003158: *00000000 <= 00000004
                1185@0000315c: *00000000 <= 00000004
                1205@00003160: $ 1 <= 0000316c
                1245@0000316c: $ 1 <= 00003180
                1285@00003180: $20 <= 88880000
                1295@00003184: $ 1 <= 000031a0
                1345@000031a4: *00000000 <= 000031b4
                1345@000031a0: $ 1 <= 000031b4
                1365@000031a8: $ 1 <= 000031b4
                1415@000031b4: $20 <= 88880000
                1435@000031bc: $ 1 <= 000031d8
                1435@000031c0: *00000000 <= 000031d8
                1455@000031c4: $ 1 <= 000031d8
                1515@000031dc: $ 1 <= 000031fc
                1515@000031e0: *00000000 <= 000031fc
                1535@000031e4: $ 1 <= 000031fc
                1595@00003200: $ 1 <= 00000001
                1605@00003204: $ 2 <= 0000321c
                1685@0000320c: $ 3 <= 0000321c
                1735@00003220: $ 1 <= 00000001
                1745@00003224: $ 2 <= 00003240
                1825@0000322c: $ 3 <= 00003240
                1875@00003244: $ 1 <= 00000001
                1885@00003248: $ 2 <= 00003268
                1965@00003250: $ 3 <= 00003268
                2025@0000326c: $31 <= 00003274
                2065@00003274: $20 <= 88880000
                2075@00003278: $31 <= 00003280
                2095@0000329c: $20 <= 88880000
                2125@00003280: $20 <= 88880000
                2135@00003284: $31 <= 0000328c
                2155@000032a8: $ 1 <= 0000328c
                2175@000032ac: $ 2 <= 000032b4
                2215@000032b4: $20 <= 88880000
                2225@000032b8: $ 1 <= 000032cc
                2245@000032bc: $ 2 <= 000032c4
                2295@000032c4: $20 <= 88880000
                2305@000032c8: $31 <= 000032d0
                2325@000032d8: $ 1 <= 000032e8
                2345@000032dc: $ 2 <= 000032e4
                2375@000032ec: $ 1 <= 00003300
                2375@000032f0: *00000000 <= 00003300
                2395@000032f4: $ 1 <= 00003300
                2425@000032f8: $ 2 <= 00003300
                2445@00003300: $20 <= 88880000
                2455@00003304: $ 1 <= 00000001
                2465@00003308: $ 2 <= 00003320
                2545@00003310: $ 1 <= 00003320
                2565@00003314: $ 2 <= 0000331c
                2595@00003324: $ 1 <= 00003338
                2615@0000332c: $ 2 <= 00003334
                2645@0000333c: $ 1 <= 00003354
                2675@00003348: $ 2 <= 00003350
                2705@0000335c: *00000000 <= 00003370
                2705@00003358: $ 1 <= 00003370
                2725@00003360: $ 1 <= 00003370
                2755@00003368: $ 2 <= 00003370
                2775@00003370: $20 <= 88880000
                2785@00003378: *00000000 <= 00003390
                2785@00003374: $ 1 <= 00003390
                2805@0000337c: $ 1 <= 00003390
                2835@00003388: $ 2 <= 00003390
                2855@00003390: $20 <= 88880000
                2865@00003394: $ 1 <= 00000001
                2875@00003398: $ 2 <= 000033b0
                2955@000033a0: $ 1 <= 000033b0
                2975@000033a8: $ 2 <= 000033b0
                2995@000033b0: $20 <= 88880000
                3005@000033b4: $ 1 <= 00000001
                3015@000033b8: $ 2 <= 000033d4
                3095@000033c0: $ 1 <= 000033d4
                3125@000033cc: $ 2 <= 000033d4
                3145@000033d4: $20 <= 88880000
                3155@000033d8: $31 <= 000033e0
                3175@000033fc: $ 2 <= 00003404
                3195@000033e0: $31 <= 000033e8
                3225@00003408: $ 2 <= 00003410
                3245@000033e8: $31 <= 000033f0
                3265@00003410: $ 1 <= 00003418
                3285@000033f0: $ 2 <= 000033f8
                3305@00003418: $20 <= 88880000
                3315@0000341c: $ 1 <= 00003430
                3335@00003420: $ 2 <= 00003428
                3365@00003434: $ 3 <= 0000343c
                3385@00003428: $20 <= 88880000
                3395@0000342c: $31 <= 00003434
                3425@00003440: $ 1 <= 00001234
                3435@00003444: $ 2 <= 00004670
                3475@00003454: $ 1 <= 00001234
                3485@00003458: $ 2 <= 00001240
                3525@00003464: $20 <= 88880000
                3535@00003468: $ 1 <= 00001234
                3545@0000346c: $ 2 <= 00002345
                3585@0000347c: $ 1 <= 12340000
                3625@00003488: $ 1 <= ffff0000
                3665@0000349c: $ 2 <= 0000343c
                3715@000034b4: $ 1 <= 00000000
                3765@000034c0: $ 1 <= 00000000
                3815@000034d0: $ 1 <= 00000000
                3865@000034e4: $ 1 <= 00003390
                3915@000034f4: $ 1 <= 00003390
                3965@00003504: $20 <= 88880000
                3975@00003508: $ 1 <= 00003390
                4025@00003520: $ 3 <= 0000ffff
                4035@00003524: $ 4 <= 000077d7
                4115@0000352c: $ 1 <= 00000000
                4125@00003530: $ 2 <= 77d68829
                4165@0000353c: $ 1 <= 77d68829
                4205@00003550: $ 2 <= 00000000
                4255@00003568: $ 1 <= 77d68829
                4295@00003574: $20 <= 88880000
                4305@00003578: $ 1 <= 00000000
                4345@0000358c: $ 1 <= 00000000
                4395@000035a0: $31 <= 000035a8
                4435@000035b4: $31 <= 000035bc
                4475@000035c8: $31 <= 000035d0
                4495@000035d4: $20 <= 88880000
                4525@000035e0: $31 <= 000035e8
                4545@000035ec: $20 <= 88880000
                4575@000035fc: $ 1 <= 0000360c
                4595@00003600: $ 2 <= 00003608
                4635@00003614: $20 <= 88880000
                4645@00003618: $ 1 <= 0000362c
                4665@0000361c: $ 2 <= 00003624
                4695@00003630: $20 <= 88880000
                4705@00003634: $ 1 <= 0000366c
                4725@00003638: $ 2 <= 00003640
                4745@0000366c: $ 3 <= 00006cac
                4825@00003674: $ 3 <= 00006cac
                4915@00003680: $ 3 <= 00006cac
                5015@00003690: $ 1 <= 00003390
                5105@00003698: $ 1 <= 00003390
                5245@000036a4: $ 1 <= ffffff90
                5395@000036b4: $31 <= 000036bc
                5425@000036c4: $31 <= 000036cc
                5445@000036d0: $ 1 <= 12340000
                5465@000036d8: $ 1 <= 000036e8
                5485@000036dc: $ 2 <= 000036e4
                5575@000036ec: $ 1 <= 000036f8
                5595@000036f0: $ 2 <= 000036f8
                5615@000036f8: $ 1 <= 12340000
                5745@00003700: $ 3 <= 123436f8
                5785@0000370c: $ 3 <= 0000dbe0
                5825@00003720: $ 3 <= edcc36f8
                5875@00003734: $ 1 <= 12340000
                5885@00003738: $ 1 <= 00000000
                5925@00003744: $ 1 <= 12340000
                5935@00003748: $ 2 <= 000036f8
                5975@00003758: $ 1 <= 12340000
                5985@0000375c: $ 2 <= 00000000
                6025@00003768: $ 1 <= 12340000
                6035@0000376c: $ 1 <= 00003390
                6085@00003778: $ 1 <= 12340000
                6095@0000377c: $ 1 <= 00003390
                6145@0000378c: $ 1 <= 12340000
                6155@00003790: $ 1 <= ffffff90
                6205@000037a4: $ 1 <= 12340000
                6215@000037a8: $31 <= 000037b0
                6255@000037c0: $31 <= 000037c8
                6305@000037d8: $ 1 <= 12340000
                6315@000037dc: $ 1 <= 000037ec
                6335@000037e0: $ 2 <= 000037e8
                6375@000037f4: $ 1 <= 12340000
                6385@000037f8: $ 1 <= 00003804
                6405@000037fc: $ 2 <= 00003804
                6425@00003804: $ 1 <= 12340000
                6455@00003810: $ 1 <= 12340000
                6465@00003814: $ 3 <= 12343804
                6475@00003818: $ 4 <= 24683804
                6485@0000381c: $ 5 <= 23400000
                6495@00003820: $ 6 <= edcbc7fb
                6505@00003824: $ 1 <= 000036f8
                6515@00003828: $ 2 <= 00000012
                6525@0000382c: $ 2 <= 12346efc
                6535@00003830: $ 2 <= 1234010c
                6545@00003834: $ 1 <= 00003390
                6565@00003838: $ 3 <= 1234349c
                6575@0000383c: $ 3 <= 1233cd7c
                6585@00003840: $ 3 <= 00001234
                6595@00003844: $31 <= 0000384c
                6615@00003850: $ 1 <= 00007098
                6625@00003854: $31 <= 0000385c
                6655@00003864: $ 1 <= 000070b8
                6665@00003868: $ 1 <= 00003878
                6685@0000386c: $ 2 <= 00003874
                6705@00003878: $ 3 <= 000070e8
                6715@0000387c: $ 1 <= 00003888
                6735@00003880: $ 2 <= 00003888
                6755@00003888: $ 1 <= 12340000
                6765@0000388c: $ 3 <= 00007110
                6775@00003890: $ 3 <= 12343888
                7045@000038a0: $ 1 <= 00003888
                7255@000038b0: $ 1 <= 00003390
                7475@000038c0: $31 <= 000038c8
                7565@000038d0: $31 <= 000038d8
                7665@000038e4: $ 1 <= 000038f4
                7685@000038e8: $ 2 <= 000038f0
                7825@000038f8: $ 1 <= 00003908
                7845@000038fc: $ 2 <= 00003904
                7865@00003908: $ 3 <= 12340000
                7945@00003914: *00000000 <= 0000720c
                7945@00003910: $ 3 <= 0000720c
                7955@00003918: *00000000 <= 0000720c
                7965@0000391c: *00000000 <= 00000c0c
                7985@00003924: *00000004 <= 0cb3ac20
                7985@00003920: $ 1 <= 0cb3ac20
                7995@00003928: *00000004 <= ac20ac20
                8005@0000392c: *00000004 <= ac202020
                8025@00003934: *00000004 <= 00000c0c
                8025@00003930: $ 1 <= 00000c0c
                8035@00003938: *00000004 <= 0c0c0c0c
                8045@0000393c: *00000004 <= 0c0c0c0c
                8065@00003940: $31 <= 00003948
                8075@0000394c: *00000000 <= 00003948
                8095@00003950: $31 <= 00003958
                8115@0000395c: $ 3 <= 23440000
                8115@00003960: *00000000 <= 00003958
                8135@00003964: $ 1 <= 00003974
                8155@00003968: $ 2 <= 00003970
                8165@00003974: *00000000 <= 00003970
                8185@00003978: $ 1 <= 00003984
                8205@0000397c: $ 2 <= 00003984
                8225@00003988: *00000000 <= 00003984
                8225@00003984: $20 <= 23410000
