Release 14.7 - xst P.20131013 (nt64)
Copyright (c) 1995-2013 Xilinx, Inc.  All rights reserved.
--> Parameter TMPDIR set to xst/projnav.tmp


Total REAL time to Xst completion: 1.00 secs
Total CPU time to Xst completion: 0.61 secs
 
--> Parameter xsthdpdir set to xst


Total REAL time to Xst completion: 1.00 secs
Total CPU time to Xst completion: 0.62 secs
 
--> Reading design: sb.prj

TABLE OF CONTENTS
  1) Synthesis Options Summary
  2) HDL Parsing
  3) HDL Elaboration
  4) HDL Synthesis
       4.1) HDL Synthesis Report
  5) Advanced HDL Synthesis
       5.1) Advanced HDL Synthesis Report
  6) Low Level Synthesis
  7) Partition Report
  8) Design Summary
       8.1) Primitive and Black Box Usage
       8.2) Device utilization summary
       8.3) Partition Resource Summary
       8.4) Timing Report
            8.4.1) Clock Information
            8.4.2) Asynchronous Control Signals Information
            8.4.3) Timing Summary
            8.4.4) Timing Details
            8.4.5) Cross Clock Domains Report


=========================================================================
*                      Synthesis Options Summary                        *
=========================================================================
---- Source Parameters
Input File Name                    : "sb.prj"
Ignore Synthesis Constraint File   : NO

---- Target Parameters
Output File Name                   : "sb"
Output Format                      : NGC
Target Device                      : xc7a100t-3-csg324

---- Source Options
Top Module Name                    : sb
Automatic FSM Extraction           : YES
FSM Encoding Algorithm             : Auto
Safe Implementation                : No
FSM Style                          : LUT
RAM Extraction                     : Yes
RAM Style                          : Auto
ROM Extraction                     : Yes
Shift Register Extraction          : YES
ROM Style                          : Auto
Resource Sharing                   : YES
Asynchronous To Synchronous        : NO
Shift Register Minimum Size        : 2
Use DSP Block                      : Auto
Automatic Register Balancing       : No

---- Target Options
LUT Combining                      : Auto
Reduce Control Sets                : Auto
Add IO Buffers                     : YES
Global Maximum Fanout              : 100000
Add Generic Clock Buffer(BUFG)     : 32
Register Duplication               : YES
Optimize Instantiated Primitives   : NO
Use Clock Enable                   : Auto
Use Synchronous Set                : Auto
Use Synchronous Reset              : Auto
Pack IO Registers into IOBs        : Auto
Equivalent register Removal        : YES

---- General Options
Optimization Goal                  : Speed
Optimization Effort                : 1
Power Reduction                    : NO
Keep Hierarchy                     : No
Netlist Hierarchy                  : As_Optimized
RTL Output                         : Yes
Global Optimization                : AllClockNets
Read Cores                         : YES
Write Timing Constraints           : NO
Cross Clock Analysis               : NO
Hierarchy Separator                : /
Bus Delimiter                      : <>
Case Specifier                     : Maintain
Slice Utilization Ratio            : 100
BRAM Utilization Ratio             : 100
DSP48 Utilization Ratio            : 100
Auto BRAM Packing                  : NO
Slice Utilization Ratio Delta      : 5

=========================================================================


=========================================================================
*                          HDL Parsing                                  *
=========================================================================
Analyzing Verilog file "D:\verilog\sbproblem\sb.v" into library work
Parsing module <sb>.

=========================================================================
*                            HDL Elaboration                            *
=========================================================================

Elaborating module <sb>.

=========================================================================
*                           HDL Synthesis                               *
=========================================================================

Synthesizing Unit <sb>.
    Related source file is "D:\verilog\sbproblem\sb.v".
    Found 32-bit register for signal <statu>.
    Found 2-bit register for signal <status>.
    Found 1-bit register for signal <need_flip>.
    Found finite state machine <FSM_0> for signal <statu>.
    -----------------------------------------------------------------------
    | States             | 5                                              |
    | Transitions        | 20                                             |
    | Inputs             | 7                                              |
    | Outputs            | 6                                              |
    | Clock              | clk (rising_edge)                              |
    | Reset              | reset (positive)                               |
    | Reset type         | asynchronous                                   |
    | Reset State        | 00000000000000000000000000000000               |
    | Power Up State     | 00000000000000000000000000000000               |
    | Encoding           | auto                                           |
    | Implementation     | LUT                                            |
    -----------------------------------------------------------------------
    Found 8-bit comparator greater for signal <n0000> created at line 46
    Found 8-bit comparator greater for signal <temp[7]_PWR_1_o_LessThan_2_o> created at line 46
    Found 8-bit comparator greater for signal <temp[7]_PWR_1_o_LessThan_8_o> created at line 52
    Found 8-bit comparator greater for signal <temp[7]_PWR_1_o_LessThan_15_o> created at line 63
    Summary:
	inferred   3 D-type flip-flop(s).
	inferred   4 Comparator(s).
	inferred   1 Finite State Machine(s).
Unit <sb> synthesized.

=========================================================================
HDL Synthesis Report

Macro Statistics
# Registers                                            : 2
 1-bit register                                        : 1
 2-bit register                                        : 1
# Comparators                                          : 4
 8-bit comparator greater                              : 4
# FSMs                                                 : 1

=========================================================================

=========================================================================
*                       Advanced HDL Synthesis                          *
=========================================================================


=========================================================================
Advanced HDL Synthesis Report

Macro Statistics
# Registers                                            : 3
 Flip-Flops                                            : 3
# Comparators                                          : 4
 8-bit comparator greater                              : 4
# FSMs                                                 : 1

=========================================================================

=========================================================================
*                         Low Level Synthesis                           *
=========================================================================
Analyzing FSM <MFsm> for best encoding.
Optimizing FSM <FSM_0> on signal <statu[1:3]> with sequential encoding.
----------------------------------------------
 State                            | Encoding
----------------------------------------------
 00000000000000000000000000000000 | 000
 00000000000000000000000000000100 | 001
 00000000000000000000000000000001 | 010
 00000000000000000000000000000010 | 011
 00000000000000000000000000000011 | 100
----------------------------------------------

Optimizing unit <sb> ...

Mapping all equations...
Building and optimizing final netlist ...
Found area constraint ratio of 100 (+ 5) on block sb, actual ratio is 0.

Final Macro Processing ...

=========================================================================
Final Register Report

Macro Statistics
# Registers                                            : 6
 Flip-Flops                                            : 6

=========================================================================

=========================================================================
*                           Partition Report                            *
=========================================================================

Partition Implementation Status
-------------------------------

  No Partitions were found in this design.

-------------------------------

=========================================================================
*                            Design Summary                             *
=========================================================================

Top Level Output File Name         : sb.ngc

Primitive and Black Box Usage:
------------------------------
# BELS                             : 27
#      LUT2                        : 4
#      LUT3                        : 3
#      LUT4                        : 1
#      LUT5                        : 3
#      LUT6                        : 12
#      MUXF7                       : 3
#      VCC                         : 1
# FlipFlops/Latches                : 6
#      FDC                         : 5
#      FDCE                        : 1
# Clock Buffers                    : 1
#      BUFGP                       : 1
# IO Buffers                       : 12
#      IBUF                        : 9
#      OBUF                        : 3

Device utilization summary:
---------------------------

Selected Device : 7a100tcsg324-3 


Slice Logic Utilization: 
 Number of Slice Registers:               6  out of  126800     0%  
 Number of Slice LUTs:                   23  out of  63400     0%  
    Number used as Logic:                23  out of  63400     0%  

Slice Logic Distribution: 
 Number of LUT Flip Flop pairs used:     23
   Number with an unused Flip Flop:      17  out of     23    73%  
   Number with an unused LUT:             0  out of     23     0%  
   Number of fully used LUT-FF pairs:     6  out of     23    26%  
   Number of unique control sets:         2

IO Utilization: 
 Number of IOs:                          14
 Number of bonded IOBs:                  13  out of    210     6%  

Specific Feature Utilization:
 Number of BUFG/BUFGCTRLs:                1  out of     32     3%  

---------------------------
Partition Resource Summary:
---------------------------

  No Partitions were found in this design.

---------------------------


=========================================================================
Timing Report

NOTE: THESE TIMING NUMBERS ARE ONLY A SYNTHESIS ESTIMATE.
      FOR ACCURATE TIMING INFORMATION PLEASE REFER TO THE TRACE REPORT
      GENERATED AFTER PLACE-and-ROUTE.

Clock Information:
------------------
-----------------------------------+------------------------+-------+
Clock Signal                       | Clock buffer(FF name)  | Load  |
-----------------------------------+------------------------+-------+
clk                                | BUFGP                  | 6     |
-----------------------------------+------------------------+-------+

Asynchronous Control Signals Information:
----------------------------------------
No asynchronous control signals found in this design

Timing Summary:
---------------
Speed Grade: -3

   Minimum period: 1.475ns (Maximum Frequency: 677.782MHz)
   Minimum input arrival time before clock: 2.673ns
   Maximum output required time after clock: 0.650ns
   Maximum combinational path delay: No path found

Timing Details:
---------------
All values displayed in nanoseconds (ns)

=========================================================================
Timing constraint: Default period analysis for Clock 'clk'
  Clock period: 1.475ns (frequency: 677.782MHz)
  Total number of paths / destination ports: 29 / 7
-------------------------------------------------------------------------
Delay:               1.475ns (Levels of Logic = 2)
  Source:            statu_FSM_FFd3 (FF)
  Destination:       status_1 (FF)
  Source Clock:      clk rising
  Destination Clock: clk rising

  Data Path: statu_FSM_FFd3 to status_1
                                Gate     Net
    Cell:in->out      fanout   Delay   Delay  Logical Name (Net Name)
    ----------------------------------------  ------------
     FDC:C->Q              9   0.361   0.730  statu_FSM_FFd3 (statu_FSM_FFd3)
     LUT6:I0->O            1   0.097   0.000  statu__n0090<1>1_G (N31)
     MUXF7:I1->O           1   0.279   0.000  statu__n0090<1>1 (_n0090<1>)
     FDCE:D                    0.008          status_1
    ----------------------------------------
    Total                      1.475ns (0.745ns logic, 0.730ns route)
                                       (50.5% logic, 49.5% route)

=========================================================================
Timing constraint: Default OFFSET IN BEFORE for Clock 'clk'
  Total number of paths / destination ports: 233 / 13
-------------------------------------------------------------------------
Offset:              2.673ns (Levels of Logic = 6)
  Source:            temp<2> (PAD)
  Destination:       status_0 (FF)
  Destination Clock: clk rising

  Data Path: temp<2> to status_0
                                Gate     Net
    Cell:in->out      fanout   Delay   Delay  Logical Name (Net Name)
    ----------------------------------------  ------------
     IBUF:I->O             3   0.001   0.389  temp_2_IBUF (temp_2_IBUF)
     LUT2:I0->O            1   0.097   0.511  temp[7]_PWR_1_o_LessThan_8_o1_SW0 (N4)
     LUT6:I3->O            8   0.097   0.411  temp[7]_PWR_1_o_LessThan_8_o1 (temp[7]_PWR_1_o_LessThan_8_o)
     LUT4:I2->O            2   0.097   0.688  _n0112_inv1_SW2 (N20)
     LUT6:I1->O            1   0.097   0.000  status_0_rstpot_F (N32)
     MUXF7:I0->O           1   0.277   0.000  status_0_rstpot (status_0_rstpot)
     FDC:D                     0.008          status_0
    ----------------------------------------
    Total                      2.673ns (0.674ns logic, 1.999ns route)
                                       (25.2% logic, 74.8% route)

=========================================================================
Timing constraint: Default OFFSET OUT AFTER for Clock 'clk'
  Total number of paths / destination ports: 3 / 3
-------------------------------------------------------------------------
Offset:              0.650ns (Levels of Logic = 1)
  Source:            status_0 (FF)
  Destination:       status<0> (PAD)
  Source Clock:      clk rising

  Data Path: status_0 to status<0>
                                Gate     Net
    Cell:in->out      fanout   Delay   Delay  Logical Name (Net Name)
    ----------------------------------------  ------------
     FDC:C->Q              3   0.361   0.289  status_0 (status_0)
     OBUF:I->O                 0.000          status_0_OBUF (status<0>)
    ----------------------------------------
    Total                      0.650ns (0.361ns logic, 0.289ns route)
                                       (55.5% logic, 44.5% route)

=========================================================================

Cross Clock Domains Report:
--------------------------

Clock to Setup on destination clock clk
---------------+---------+---------+---------+---------+
               | Src:Rise| Src:Fall| Src:Rise| Src:Fall|
Source Clock   |Dest:Rise|Dest:Rise|Dest:Fall|Dest:Fall|
---------------+---------+---------+---------+---------+
clk            |    1.475|         |         |         |
---------------+---------+---------+---------+---------+

=========================================================================


Total REAL time to Xst completion: 13.00 secs
Total CPU time to Xst completion: 12.58 secs
 
--> 

Total memory usage is 4625904 kilobytes

Number of errors   :    0 (   0 filtered)
Number of warnings :    0 (   0 filtered)
Number of infos    :    0 (   0 filtered)

