Release 14.7 - xst P.20131013 (nt64)
Copyright (c) 1995-2013 Xilinx, Inc.  All rights reserved.
--> Parameter TMPDIR set to xst/projnav.tmp


Total REAL time to Xst completion: 0.00 secs
Total CPU time to Xst completion: 0.19 secs
 
--> Parameter xsthdpdir set to xst


Total REAL time to Xst completion: 0.00 secs
Total CPU time to Xst completion: 0.20 secs
 
--> Reading design: gray.prj

TABLE OF CONTENTS
  1) Synthesis Options Summary
  2) HDL Parsing
  3) HDL Elaboration
  4) HDL Synthesis
       4.1) HDL Synthesis Report
  5) Advanced HDL Synthesis
       5.1) Advanced HDL Synthesis Report
  6) Low Level Synthesis
  7) Partition Report
  8) Design Summary
       8.1) Primitive and Black Box Usage
       8.2) Device utilization summary
       8.3) Partition Resource Summary
       8.4) Timing Report
            8.4.1) Clock Information
            8.4.2) Asynchronous Control Signals Information
            8.4.3) Timing Summary
            8.4.4) Timing Details
            8.4.5) Cross Clock Domains Report


=========================================================================
*                      Synthesis Options Summary                        *
=========================================================================
---- Source Parameters
Input File Name                    : "gray.prj"
Ignore Synthesis Constraint File   : NO

---- Target Parameters
Output File Name                   : "gray"
Output Format                      : NGC
Target Device                      : xc7a100t-3-csg324

---- Source Options
Top Module Name                    : gray
Automatic FSM Extraction           : YES
FSM Encoding Algorithm             : Auto
Safe Implementation                : No
FSM Style                          : LUT
RAM Extraction                     : Yes
RAM Style                          : Auto
ROM Extraction                     : Yes
Shift Register Extraction          : YES
ROM Style                          : Auto
Resource Sharing                   : YES
Asynchronous To Synchronous        : NO
Shift Register Minimum Size        : 2
Use DSP Block                      : Auto
Automatic Register Balancing       : No

---- Target Options
LUT Combining                      : Auto
Reduce Control Sets                : Auto
Add IO Buffers                     : YES
Global Maximum Fanout              : 100000
Add Generic Clock Buffer(BUFG)     : 32
Register Duplication               : YES
Optimize Instantiated Primitives   : NO
Use Clock Enable                   : Auto
Use Synchronous Set                : Auto
Use Synchronous Reset              : Auto
Pack IO Registers into IOBs        : Auto
Equivalent register Removal        : YES

---- General Options
Optimization Goal                  : Speed
Optimization Effort                : 1
Power Reduction                    : NO
Keep Hierarchy                     : No
Netlist Hierarchy                  : As_Optimized
RTL Output                         : Yes
Global Optimization                : AllClockNets
Read Cores                         : YES
Write Timing Constraints           : NO
Cross Clock Analysis               : NO
Hierarchy Separator                : /
Bus Delimiter                      : <>
Case Specifier                     : Maintain
Slice Utilization Ratio            : 100
BRAM Utilization Ratio             : 100
DSP48 Utilization Ratio            : 100
Auto BRAM Packing                  : NO
Slice Utilization Ratio Delta      : 5

=========================================================================


=========================================================================
*                          HDL Parsing                                  *
=========================================================================
Analyzing Verilog file "D:\verilog\gray\gray.v" into library work
Parsing module <gray>.

=========================================================================
*                            HDL Elaboration                            *
=========================================================================

Elaborating module <gray>.

=========================================================================
*                           HDL Synthesis                               *
=========================================================================

Synthesizing Unit <gray>.
    Related source file is "D:\verilog\gray\gray.v".
    Found 3-bit register for signal <Output>.
    Found 1-bit register for signal <Overflow>.
    Found 32-bit register for signal <cnt>.
    Found 32-bit adder for signal <cnt[31]_GND_1_o_add_1_OUT> created at line 41.
    Found 8x3-bit Read Only RAM for signal <_n0049>
    Found 32-bit comparator greater for signal <n0002> created at line 42
    Summary:
	inferred   1 RAM(s).
	inferred   1 Adder/Subtractor(s).
	inferred  36 D-type flip-flop(s).
	inferred   1 Comparator(s).
	inferred   3 Multiplexer(s).
Unit <gray> synthesized.

=========================================================================
HDL Synthesis Report

Macro Statistics
# RAMs                                                 : 1
 8x3-bit single-port Read Only RAM                     : 1
# Adders/Subtractors                                   : 1
 32-bit adder                                          : 1
# Registers                                            : 3
 1-bit register                                        : 1
 3-bit register                                        : 1
 32-bit register                                       : 1
# Comparators                                          : 1
 32-bit comparator greater                             : 1
# Multiplexers                                         : 3
 32-bit 2-to-1 multiplexer                             : 3

=========================================================================

=========================================================================
*                       Advanced HDL Synthesis                          *
=========================================================================


Synthesizing (advanced) Unit <gray>.
INFO:Xst:3231 - The small RAM <Mram__n0049> will be implemented on LUTs in order to maximize performance and save block RAM resources. If you want to force its implementation on block, use option/constraint ram_style.
    -----------------------------------------------------------------------
    | ram_type           | Distributed                         |          |
    -----------------------------------------------------------------------
    | Port A                                                              |
    |     aspect ratio   | 8-word x 3-bit                      |          |
    |     weA            | connected to signal <GND>           | high     |
    |     addrA          | connected to signal <cnt[31]_GND_1_o_mux_5_OUT<2:0>> |          |
    |     diA            | connected to signal <GND>           |          |
    |     doA            | connected to internal node          |          |
    -----------------------------------------------------------------------
Unit <gray> synthesized (advanced).

=========================================================================
Advanced HDL Synthesis Report

Macro Statistics
# RAMs                                                 : 1
 8x3-bit single-port distributed Read Only RAM         : 1
# Adders/Subtractors                                   : 1
 32-bit adder                                          : 1
# Registers                                            : 36
 Flip-Flops                                            : 36
# Comparators                                          : 1
 32-bit comparator greater                             : 1
# Multiplexers                                         : 34
 1-bit 2-to-1 multiplexer                              : 32
 32-bit 2-to-1 multiplexer                             : 2

=========================================================================

=========================================================================
*                         Low Level Synthesis                           *
=========================================================================

Optimizing unit <gray> ...
WARNING:Xst:1293 - FF/Latch <cnt_31> has a constant value of 0 in block <gray>. This FF/Latch will be trimmed during the optimization process.
WARNING:Xst:1896 - Due to other FF/Latch trimming, FF/Latch <cnt_30> has a constant value of 0 in block <gray>. This FF/Latch will be trimmed during the optimization process.
WARNING:Xst:1896 - Due to other FF/Latch trimming, FF/Latch <cnt_29> has a constant value of 0 in block <gray>. This FF/Latch will be trimmed during the optimization process.
WARNING:Xst:1896 - Due to other FF/Latch trimming, FF/Latch <cnt_28> has a constant value of 0 in block <gray>. This FF/Latch will be trimmed during the optimization process.
WARNING:Xst:1896 - Due to other FF/Latch trimming, FF/Latch <cnt_27> has a constant value of 0 in block <gray>. This FF/Latch will be trimmed during the optimization process.
WARNING:Xst:1896 - Due to other FF/Latch trimming, FF/Latch <cnt_26> has a constant value of 0 in block <gray>. This FF/Latch will be trimmed during the optimization process.
WARNING:Xst:1896 - Due to other FF/Latch trimming, FF/Latch <cnt_25> has a constant value of 0 in block <gray>. This FF/Latch will be trimmed during the optimization process.
WARNING:Xst:1896 - Due to other FF/Latch trimming, FF/Latch <cnt_24> has a constant value of 0 in block <gray>. This FF/Latch will be trimmed during the optimization process.
WARNING:Xst:1896 - Due to other FF/Latch trimming, FF/Latch <cnt_23> has a constant value of 0 in block <gray>. This FF/Latch will be trimmed during the optimization process.
WARNING:Xst:1896 - Due to other FF/Latch trimming, FF/Latch <cnt_22> has a constant value of 0 in block <gray>. This FF/Latch will be trimmed during the optimization process.
WARNING:Xst:1896 - Due to other FF/Latch trimming, FF/Latch <cnt_21> has a constant value of 0 in block <gray>. This FF/Latch will be trimmed during the optimization process.
WARNING:Xst:1896 - Due to other FF/Latch trimming, FF/Latch <cnt_20> has a constant value of 0 in block <gray>. This FF/Latch will be trimmed during the optimization process.
WARNING:Xst:1896 - Due to other FF/Latch trimming, FF/Latch <cnt_19> has a constant value of 0 in block <gray>. This FF/Latch will be trimmed during the optimization process.
WARNING:Xst:1896 - Due to other FF/Latch trimming, FF/Latch <cnt_18> has a constant value of 0 in block <gray>. This FF/Latch will be trimmed during the optimization process.
WARNING:Xst:1896 - Due to other FF/Latch trimming, FF/Latch <cnt_17> has a constant value of 0 in block <gray>. This FF/Latch will be trimmed during the optimization process.
WARNING:Xst:1896 - Due to other FF/Latch trimming, FF/Latch <cnt_16> has a constant value of 0 in block <gray>. This FF/Latch will be trimmed during the optimization process.
WARNING:Xst:1896 - Due to other FF/Latch trimming, FF/Latch <cnt_15> has a constant value of 0 in block <gray>. This FF/Latch will be trimmed during the optimization process.
WARNING:Xst:1896 - Due to other FF/Latch trimming, FF/Latch <cnt_14> has a constant value of 0 in block <gray>. This FF/Latch will be trimmed during the optimization process.
WARNING:Xst:1896 - Due to other FF/Latch trimming, FF/Latch <cnt_13> has a constant value of 0 in block <gray>. This FF/Latch will be trimmed during the optimization process.
WARNING:Xst:1896 - Due to other FF/Latch trimming, FF/Latch <cnt_12> has a constant value of 0 in block <gray>. This FF/Latch will be trimmed during the optimization process.
WARNING:Xst:1896 - Due to other FF/Latch trimming, FF/Latch <cnt_11> has a constant value of 0 in block <gray>. This FF/Latch will be trimmed during the optimization process.
WARNING:Xst:1896 - Due to other FF/Latch trimming, FF/Latch <cnt_10> has a constant value of 0 in block <gray>. This FF/Latch will be trimmed during the optimization process.
WARNING:Xst:1896 - Due to other FF/Latch trimming, FF/Latch <cnt_9> has a constant value of 0 in block <gray>. This FF/Latch will be trimmed during the optimization process.
WARNING:Xst:1896 - Due to other FF/Latch trimming, FF/Latch <cnt_8> has a constant value of 0 in block <gray>. This FF/Latch will be trimmed during the optimization process.
WARNING:Xst:1896 - Due to other FF/Latch trimming, FF/Latch <cnt_7> has a constant value of 0 in block <gray>. This FF/Latch will be trimmed during the optimization process.
WARNING:Xst:1896 - Due to other FF/Latch trimming, FF/Latch <cnt_6> has a constant value of 0 in block <gray>. This FF/Latch will be trimmed during the optimization process.
WARNING:Xst:1896 - Due to other FF/Latch trimming, FF/Latch <cnt_5> has a constant value of 0 in block <gray>. This FF/Latch will be trimmed during the optimization process.
WARNING:Xst:1896 - Due to other FF/Latch trimming, FF/Latch <cnt_4> has a constant value of 0 in block <gray>. This FF/Latch will be trimmed during the optimization process.
WARNING:Xst:1896 - Due to other FF/Latch trimming, FF/Latch <cnt_3> has a constant value of 0 in block <gray>. This FF/Latch will be trimmed during the optimization process.
INFO:Xst:2261 - The FF/Latch <cnt_2> in Unit <gray> is equivalent to the following FF/Latch, which will be removed : <Output_2> 

Mapping all equations...
Building and optimizing final netlist ...
Found area constraint ratio of 100 (+ 5) on block gray, actual ratio is 0.

Final Macro Processing ...

=========================================================================
Final Register Report

Macro Statistics
# Registers                                            : 6
 Flip-Flops                                            : 6

=========================================================================

=========================================================================
*                           Partition Report                            *
=========================================================================

Partition Implementation Status
-------------------------------

  No Partitions were found in this design.

-------------------------------

=========================================================================
*                            Design Summary                             *
=========================================================================

Top Level Output File Name         : gray.ngc

Primitive and Black Box Usage:
------------------------------
# BELS                             : 30
#      GND                         : 1
#      INV                         : 1
#      LUT1                        : 2
#      LUT2                        : 2
#      LUT3                        : 4
#      LUT4                        : 1
#      LUT5                        : 2
#      LUT6                        : 2
#      MUXCY                       : 10
#      VCC                         : 1
#      XORCY                       : 4
# FlipFlops/Latches                : 6
#      FD                          : 5
#      FDR                         : 1
# Clock Buffers                    : 1
#      BUFGP                       : 1
# IO Buffers                       : 6
#      IBUF                        : 2
#      OBUF                        : 4

Device utilization summary:
---------------------------

Selected Device : 7a100tcsg324-3 


Slice Logic Utilization: 
 Number of Slice Registers:               6  out of  126800     0%  
 Number of Slice LUTs:                   14  out of  63400     0%  
    Number used as Logic:                14  out of  63400     0%  

Slice Logic Distribution: 
 Number of LUT Flip Flop pairs used:     15
   Number with an unused Flip Flop:       9  out of     15    60%  
   Number with an unused LUT:             1  out of     15     6%  
   Number of fully used LUT-FF pairs:     5  out of     15    33%  
   Number of unique control sets:         2

IO Utilization: 
 Number of IOs:                           7
 Number of bonded IOBs:                   7  out of    210     3%  

Specific Feature Utilization:
 Number of BUFG/BUFGCTRLs:                1  out of     32     3%  

---------------------------
Partition Resource Summary:
---------------------------

  No Partitions were found in this design.

---------------------------


=========================================================================
Timing Report

NOTE: THESE TIMING NUMBERS ARE ONLY A SYNTHESIS ESTIMATE.
      FOR ACCURATE TIMING INFORMATION PLEASE REFER TO THE TRACE REPORT
      GENERATED AFTER PLACE-and-ROUTE.

Clock Information:
------------------
-----------------------------------+------------------------+-------+
Clock Signal                       | Clock buffer(FF name)  | Load  |
-----------------------------------+------------------------+-------+
Clk                                | BUFGP                  | 6     |
-----------------------------------+------------------------+-------+

Asynchronous Control Signals Information:
----------------------------------------
No asynchronous control signals found in this design

Timing Summary:
---------------
Speed Grade: -3

   Minimum period: 2.816ns (Maximum Frequency: 355.139MHz)
   Minimum input arrival time before clock: 1.401ns
   Maximum output required time after clock: 0.654ns
   Maximum combinational path delay: No path found

Timing Details:
---------------
All values displayed in nanoseconds (ns)

=========================================================================
Timing constraint: Default period analysis for Clock 'Clk'
  Clock period: 2.816ns (frequency: 355.139MHz)
  Total number of paths / destination ports: 48 / 6
-------------------------------------------------------------------------
Delay:               2.816ns (Levels of Logic = 13)
  Source:            cnt_0 (FF)
  Destination:       cnt_0 (FF)
  Source Clock:      Clk rising
  Destination Clock: Clk rising

  Data Path: cnt_0 to cnt_0
                                Gate     Net
    Cell:in->out      fanout   Delay   Delay  Logical Name (Net Name)
    ----------------------------------------  ------------
     FD:C->Q               3   0.361   0.289  cnt_0 (cnt_0)
     INV:I->O              1   0.113   0.000  Madd_cnt[31]_GND_1_o_add_1_OUT_lut<0>_INV_0 (Madd_cnt[31]_GND_1_o_add_1_OUT_lut<0>)
     MUXCY:S->O            1   0.353   0.000  Madd_cnt[31]_GND_1_o_add_1_OUT_cy<0> (Madd_cnt[31]_GND_1_o_add_1_OUT_cy<0>)
     MUXCY:CI->O           1   0.023   0.000  Madd_cnt[31]_GND_1_o_add_1_OUT_cy<1> (Madd_cnt[31]_GND_1_o_add_1_OUT_cy<1>)
     MUXCY:CI->O           0   0.023   0.000  Madd_cnt[31]_GND_1_o_add_1_OUT_cy<2> (Madd_cnt[31]_GND_1_o_add_1_OUT_cy<2>)
     XORCY:CI->O           1   0.370   0.295  Madd_cnt[31]_GND_1_o_add_1_OUT_xor<3> (cnt[31]_GND_1_o_add_1_OUT<3>)
     LUT2:I1->O            3   0.097   0.000  mux101151 (Mcompar_n0002_lut<0>)
     MUXCY:S->O            1   0.353   0.000  Mcompar_n0002_cy<0> (Mcompar_n0002_cy<0>)
     MUXCY:CI->O           1   0.023   0.000  Mcompar_n0002_cy<1> (Mcompar_n0002_cy<1>)
     MUXCY:CI->O           1   0.023   0.000  Mcompar_n0002_cy<2> (Mcompar_n0002_cy<2>)
     MUXCY:CI->O           1   0.023   0.000  Mcompar_n0002_cy<3> (Mcompar_n0002_cy<3>)
     MUXCY:CI->O           1   0.023   0.000  Mcompar_n0002_cy<4> (Mcompar_n0002_cy<4>)
     MUXCY:CI->O           6   0.023   0.318  Mcompar_n0002_cy<5> (Mcompar_n0002_cy<5>)
     LUT5:I4->O            1   0.097   0.000  Mmux_cnt[31]_GND_1_o_mux_5_OUT21 (cnt[31]_GND_1_o_mux_5_OUT<0>)
     FD:D                      0.008          cnt_0
    ----------------------------------------
    Total                      2.816ns (1.913ns logic, 0.903ns route)
                                       (67.9% logic, 32.1% route)

=========================================================================
Timing constraint: Default OFFSET IN BEFORE for Clock 'Clk'
  Total number of paths / destination ports: 21 / 7
-------------------------------------------------------------------------
Offset:              1.401ns (Levels of Logic = 9)
  Source:            En (PAD)
  Destination:       cnt_0 (FF)
  Destination Clock: Clk rising

  Data Path: En to cnt_0
                                Gate     Net
    Cell:in->out      fanout   Delay   Delay  Logical Name (Net Name)
    ----------------------------------------  ------------
     IBUF:I->O             8   0.001   0.411  En_IBUF (En_IBUF)
     LUT2:I0->O            3   0.097   0.000  mux101151 (Mcompar_n0002_lut<0>)
     MUXCY:S->O            1   0.353   0.000  Mcompar_n0002_cy<0> (Mcompar_n0002_cy<0>)
     MUXCY:CI->O           1   0.023   0.000  Mcompar_n0002_cy<1> (Mcompar_n0002_cy<1>)
     MUXCY:CI->O           1   0.023   0.000  Mcompar_n0002_cy<2> (Mcompar_n0002_cy<2>)
     MUXCY:CI->O           1   0.023   0.000  Mcompar_n0002_cy<3> (Mcompar_n0002_cy<3>)
     MUXCY:CI->O           1   0.023   0.000  Mcompar_n0002_cy<4> (Mcompar_n0002_cy<4>)
     MUXCY:CI->O           6   0.023   0.318  Mcompar_n0002_cy<5> (Mcompar_n0002_cy<5>)
     LUT5:I4->O            1   0.097   0.000  Mmux_cnt[31]_GND_1_o_mux_5_OUT21 (cnt[31]_GND_1_o_mux_5_OUT<0>)
     FD:D                      0.008          cnt_0
    ----------------------------------------
    Total                      1.401ns (0.671ns logic, 0.730ns route)
                                       (47.9% logic, 52.1% route)

=========================================================================
Timing constraint: Default OFFSET OUT AFTER for Clock 'Clk'
  Total number of paths / destination ports: 4 / 4
-------------------------------------------------------------------------
Offset:              0.654ns (Levels of Logic = 1)
  Source:            cnt_2 (FF)
  Destination:       Output<2> (PAD)
  Source Clock:      Clk rising

  Data Path: cnt_2 to Output<2>
                                Gate     Net
    Cell:in->out      fanout   Delay   Delay  Logical Name (Net Name)
    ----------------------------------------  ------------
     FD:C->Q               4   0.361   0.293  cnt_2 (cnt_2)
     OBUF:I->O                 0.000          Output_2_OBUF (Output<2>)
    ----------------------------------------
    Total                      0.654ns (0.361ns logic, 0.293ns route)
                                       (55.2% logic, 44.8% route)

=========================================================================

Cross Clock Domains Report:
--------------------------

Clock to Setup on destination clock Clk
---------------+---------+---------+---------+---------+
               | Src:Rise| Src:Fall| Src:Rise| Src:Fall|
Source Clock   |Dest:Rise|Dest:Rise|Dest:Fall|Dest:Fall|
---------------+---------+---------+---------+---------+
Clk            |    2.816|         |         |         |
---------------+---------+---------+---------+---------+

=========================================================================


Total REAL time to Xst completion: 12.00 secs
Total CPU time to Xst completion: 12.70 secs
 
--> 

Total memory usage is 4625896 kilobytes

Number of errors   :    0 (   0 filtered)
Number of warnings :   29 (   0 filtered)
Number of infos    :    2 (   0 filtered)

