Running: D:\Download\14.7\ISE_DS\ISE\bin\nt64\unwrapped\fuse.exe -intstyle ise -incremental -lib unisims_ver -lib unimacro_ver -lib xilinxcorelib_ver -lib secureip -o D:/verilog/p4/P4/test_isim_beh.exe -prj D:/verilog/p4/P4/test_beh.prj work.test work.glbl 
ISim P.20131013 (signature 0x7708f090)
Number of CPUs detected in this system: 12
Turning on mult-threading, number of parallel sub-compilation jobs: 24 
Determining compilation order of HDL files
Analyzing Verilog file "D:/verilog/p4/P4/splitter.v" into library work
Analyzing Verilog file "D:/verilog/p4/P4/IFU.v" into library work
Analyzing Verilog file "D:/verilog/p4/P4/GRF.v" into library work
Analyzing Verilog file "D:/verilog/p4/P4/EXT.v" into library work
Analyzing Verilog file "D:/verilog/p4/P4/DM.v" into library work
Analyzing Verilog file "D:/verilog/p4/P4/control.v" into library work
Analyzing Verilog file "D:/verilog/p4/P4/ALU.v" into library work
Analyzing Verilog file "D:/verilog/p4/P4/mips.v" into library work
Analyzing Verilog file "D:/verilog/p4/P4/test.v" into library work
Analyzing Verilog file "D:/Download/14.7/ISE_DS/ISE//verilog/src/glbl.v" into library work
Starting static elaboration
Completed static elaboration
Compiling module IFU
Compiling module splitter
Compiling module control
Compiling module GRF
Compiling module EXT
Compiling module ALU
Compiling module DM
Compiling module mips
Compiling module test
Compiling module glbl
Time Resolution for simulation is 1ps.
Waiting for 1 sub-compilation(s) to finish...
WARNING:Simulator - Unable to copy libPortabilityNOSH.dll to the simulation executable directory: boost::filesystem::copy_file: 系统找不到指定的路径。, "isim\test_isim_beh.exe.sim\libPortability.dll".
Compiled 10 Verilog Units
Built simulation executable D:/verilog/p4/P4/test_isim_beh.exe
Fuse Memory Usage: 28116 KB
Fuse CPU Usage: 562 ms
